-1.0000850798061407
-1.0000850798061407
-1.0000850798061407
-3.545187212880151
-1.0000850798061407
-0.9781228539611817
-1.6245972543270142
-1.643696161638232
-0.1008456992731368
-1.7620027356233692
-1.0000850798061407
-1.0000850798061407
-1.0000850798061407
-1.90034226996967
0.5413145121400333
-1.0000850798061407
-2.4171248069201425
-1.5396505181085018
-1.0000850798061407
-1.0000850798061407
-1.0000850798061407
-0.7134573748579811
-2.4025978991569588
0.6423884768559986
-1.0000850798061407
-1.0000850798061407
-1.3804296161040526
-1.0000850798061407
-0.8844169214423943
-1.7245468624198708
-1.4759641779936743
-1.0000850798061407
-0.7475542409705582
-0.934278561080319
-1.0000850798061407
-1.0000850798061407
-1.0000850798061407
-4.634592078939718
-6.2077909456661615
-1.0000850798061407
-1.0143134959660216
-1.0000850798061407
-1.0000850798061407
-0.6275615136919583
-1.0563427345091583
-1.9772792060851003
-1.0000850798061407
-0.8318171429292676
-1.0000850798061407
-1.0000850798061407
-1.0000850798061407
-1.0000850798061407
-1.0000850798061407
-1.0000850798061407
-1.0000850798061407
-1.0000850798061407
-1.0000850798061407
-1.0000850798061407
-1.0000850798061407
-1.0000850798061407
-1.0000850798061407
-1.0000850798061407
-1.0000850798061407
-1.0000850798061407
-1.0000850798061407
-1.0000850798061407
-1.0000850798061407
-0.10928241351531653
-5.4689023093260545
-2.401975043297071
-4.071233364223772
-1.0000850798061407
-0.9999934249605218
-1.0000850798061407
-1.0000850798061407
-1.0000850798061407
-3.2732537189865667
-1.0000850798061407
-1.3432235491890339
-5.4689023093260545
-1.0000850798061407
-1.0000850798061407
-1.0000850798061407
-1.8271070341790079
-1.3388801714002199
-1.1932317697977766
-2.068168216706468
-1.559460231569247
-2.3158230571671226
-0.9582401665911817
-2.060043566496134
-0.6586602176222556
-1.0000850798061407
-1.0000850798061407
-1.4451518349998338
-1.0000850798061407
-1.0000850798061407
-1.0000850798061407
-1.0000850798061407
-2.337445415667517
-1.9274747911439505
-1.9241296533191559
-1.5597273860510228
-1.0000850798061407
-1.0000850798061407
-0.8968184985891554
-1.0000850798061407
-1.0000850798061407
-1.0000850798061407
-0.9050517245244833
-1.0000850798061407
-1.0000850798061407
-0.9999531069053234
-1.0000850798061407
-1.0000850798061407
-1.0000850798061407
-1.0000850798061407
-4.631637814284218
-1.0000850798061407
-1.0000850798061407
-1.0000850798061407
-3.2801668046817127
-1.0000850798061407
-1.0000850798061407
-2.1441245350987543
-1.0000850798061407
-1.0000850798061407
-1.0000850798061407
-2.4965967471898836
-1.0000850798061407
-3.915546599556947
-1.0000850798061407
-1.0000850798061407
-2.1602907669372513
-7.102642215602501
-2.2340447711615212
-1.0000850798061407
-1.0000850798061407
-1.0000850798061407
-1.0000850798061407
-1.0000850798061407
-3.5717366527509427
-2.094154003565464
-2.8568665830851074
-5.513922503851646
-5.513922503851646
-1.0000850798061407
-1.0000850798061407
-1.0000850798061407
-1.0000850798061407
-1.0000850798061407
-3.308332432568605
-0.7666386255243793
-2.50732554606806
-3.4174004692976183
-6.996792124407321
-4.665613571821282
-4.860054254580874
0.5413145121400333
-2.1060631436177033
-1.0000850798061407
-1.0000850798061407
-3.569723207473217
-5.257745053219551
-1.0000850798061407
-1.0000850798061407
-7.068623958188155
-0.18737328905446304
-0.6902757538185966
-1.0000850798061407
-2.830281513841115
-1.0000850798061407
-1.0000850798061407
-1.0000850798061407
-1.0000850798061407
-1.0002772613671738
-0.9021518028013276
-1.0000850798061407
-1.0000850798061407
-2.382427684901259
-1.2758514118418276
-1.0000850798061407
-3.1806515495352556
-0.9999934249605218
-1.0000850798061407
-2.1362662077253987
-1.0000850798061407
-1.0000850798061407
-1.0084550740009632
-2.038170180883995
-1.0000850798061407
-2.6198534049061806
-6.172892719430038
-1.0000850798061407
-1.0000850798061407
-1.9778544417032577
-1.8716281985397387
-0.9999934249605218
-1.0000850798061407
-1.4143791747220718
-1.0649098659159932
-1.1140546394544941
-4.044364267952815
-1.1977226548880395
-1.0547925288592666
-1.3355362916730797
-1.3277223006406444
-6.789916577482032
-0.9874355416558416
-4.8104487541924215
-0.9229234073167305
-1.0119389584543939
-1.0000850798061407
-3.7930996607825733
-1.5257283785440592
-0.6206661601697903
-1.0000850798061407
-1.4910511345147057
-2.4721715752802
-1.0000850798061407
-2.390035295392309
-1.0000850798061407
-0.05320953014519603
-1.0000850798061407
-5.513922503851646
-8.41713137136891
-2.4659151819985397
-1.0000850798061407
-4.4779673963755755
-2.0403958575007124
-2.47654419539073
-1.0000850798061407
-1.0000850798061407
-2.8095000657067573
-0.6265728134246871
-1.0000850798061407
-1.0000850798061407
-1.0000850798061407
-1.0000850798061407
-3.979890749450547
-1.0000850798061407
-1.0000850798061407
-1.0000850798061407
-7.080996073880797
-1.0000850798061407
-1.0000850798061407
-1.0000850798061407
-1.0000850798061407
-1.0000850798061407
-1.0000850798061407
-1.0000850798061407
-1.0000850798061407
-1.0000850798061407
-1.0000850798061407
-1.0000850798061407
-1.401916782921731
-3.360223565645825
-1.7152602102423913
-0.6863083845675106
-3.975611877060956
-1.1393373185862998
-1.0000850798061407
-1.3719780077057209
-2.4939820248786333
-1.0000850798061407
-0.6009007519975427
-1.0000850798061407
-2.6011274067441406
-1.0000850798061407
-1.0000850798061407
-0.06963682381764613
-2.969945863035619
-1.0000850798061407
-2.309972311299262
-1.5998527275741168
-1.0000850798061407
-1.0000850798061407
-1.0000850798061407
-1.221102157302667
-1.0000850798061407
-1.7844619603041707
-1.0000850798061407
-1.3179936671268848
-2.9496030397070996
-1.578983090851139
-1.0000850798061407
-1.3751299955851124
-1.0000850798061407
-2.7450711609369733
-4.028008798247825
-0.8617167030646584
-1.6799727815872671
-6.169654730767675
-1.0000850798061407
-1.0766934424379002
-1.28926278340181
-2.236433745550258
-1.1655698748005676
-1.0000850798061407
-1.0000850798061407
-0.20749966126119546
-1.0000850798061407
-2.6930884647100726
-1.0000850798061407
-0.44675016708789883
-1.0000850798061407
-1.0000850798061407
-1.0000850798061407
-1.0000850798061407
-3.4106164679834734
-1.0000850798061407
-0.7330448118267583
-3.027960473733984
-6.2077909456661615
-1.0440435583580125
-1.6087218960121987
-1.649201283206267
-2.51514797549045
-1.3172747442097403
-1.95319254194591
-1.0000850798061407
-1.0000850798061407
-1.0000850798061407
-0.574044780744444
-1.0000850798061407
-1.0000850798061407
-1.0165463528581
-0.547398728111844
-5.376978964455034
-1.0000850798061407
-1.0000850798061407
-1.1365308074672527
-5.447504406957037
-1.3851561170707924
-1.0000850798061407
-3.437096660490525
-1.1459083204758969
-4.270856121457328
-1.0000850798061407
-1.0000850798061407
-1.7503821390616991
-1.0000850798061407
-1.0000850798061407
-1.0584729795757681
-0.8055048778195584
-1.0000850798061407
-1.0000850798061407
0.19922750841611503
-1.6175927374896588
-0.8920622963226066
-1.0000850798061407
-1.0000850798061407
-1.0000850798061407
-5.140677556386791
-1.0000850798061407
-1.0000850798061407
-1.959070989325383
-5.988640285213037
-7.169955384673486
-0.3038884097861825
-1.0000850798061407
-1.0000850798061407
-0.9448287752419589
-1.839503210447461
-1.2375585257822337
-2.362030789589326
0.09656476394648905
-1.7538088957344513
-4.427542560364898
-1.5655461063274885
-1.157990192785192
-1.9862941844662743
-1.4866377382148954
-2.198760484344703
-1.3665353372373517
-1.2133626457804354
-1.837720858023559
-1.0000850798061407
-1.2572463264443883
-1.0663163157818332
-1.7751046374819595
-0.8532115769218223
-1.6678319523415581
-1.0000850798061407
-1.0029550837229095
-0.6423550946325491
-2.882277989135801
-3.731933132574241
-1.0000850798061407
-3.375775980981203
-1.9701456579348502
-1.3252268856913503
-1.0461352736773648
-1.7508648357625276
-2.8451114429895057
-1.0000850798061407
-1.3511449505979414
-1.5067627138376025
-3.5588984674793807
-4.518060716282562
-1.703313339913521
-0.8636865806916063
-3.077616266298392
-1.0000850798061407
-0.9361715832570923
-4.235616705155522
-1.0000850798061407
-1.4251816283493923
-1.3223951451550562
-1.5899050132676535
-1.4704808834453758
-1.5213964985155286
-1.863949405873555
-0.4599629192653225
-3.117153831523197
-2.6993672619244222
-1.0000850798061407
-2.912595365343705
-0.9999934249605218
-0.7389428059251628
-5.597766280224974
-1.0000850798061407
-0.4802443645517229
-2.0123214478924325
-3.975611877060956
-1.6129210713591107
-3.3918581972509543
-2.3591371003317505
-1.0000850798061407
0.20424682850794795
-1.0000850798061407
-1.0000850798061407
-2.096033753664429
-1.0000850798061407
-1.0000850798061407
-3.770405609471723
-3.631835811938359
-1.0000850798061407
-1.0000850798061407
-1.0000850798061407
-1.5929055280643212
-1.9907546464812782
-1.0000850798061407
-2.0511257794052113
-3.5923072989234157
-1.0000850798061407
-1.7682920473131531
-1.4689707611571663
-1.0000850798061407
-1.0000850798061407
-3.5799353577454127
-0.7105548586712445
-1.7421931182386885
-1.0000850798061407
-1.0000850798061407
-3.2594164410586615
-2.940433525795143
-1.0002772613671738
-1.7896022222002017
-1.0000850798061407
-1.0000850798061407
-0.7218406128361181
-6.6479662183883335
-1.0000850798061407
-0.5873612096162475
-1.0000850798061407
-1.0000850798061407
-4.961438383256237
-1.0000850798061407
-4.419130381907863
-3.530367152294403
-2.057974594605085
-1.0000850798061407
-2.8608020343130107
0.15494027179612146
-1.4441392786899456
-0.8465469464245103
-1.3130003500273375
-2.780414982735138
-1.2361851027734616
-0.2511572405308158
-3.306735227588902
-1.0000850798061407
-1.0000850798061407
-1.0050557285043311
-1.0000850798061407
-1.764607389718904
-1.6778070279026593
-7.404380534723273
-3.4397513917574685
-3.806081564649517
-1.0000850798061407
-1.547009513111007
-0.7767381349521116
-1.6585676388879307
-1.0000850798061407
-4.07361011315335
-1.0000850798061407
-2.866873145883929
-1.0000850798061407
-1.0000850798061407
-1.0000850798061407
-1.3908159984106447
-1.0000850798061407
-1.0000850798061407
-5.562728461655311
-2.2507243076470473
-0.9999934249605218
-1.729345013896605
-1.0000850798061407
-2.3123581471819676
-1.0000850798061407
-1.0000850798061407
-1.0000850798061407
-4.193708880073146
-4.033921756143414
-0.9999934249605218
-1.0000850798061407
-1.0000850798061407
-0.19261837193393205
-0.20980731561793675
-0.519110937750284
-1.0000850798061407
-3.181683812780207
-1.0000850798061407
-1.0000850798061407
-1.0000850798061407
-1.0000850798061407
-1.6801582087654339
-0.1658698349731509
-0.9999934249605218
-1.6057764433150084
-1.924967310851926
-8.235725239194053
-1.769801281539472
-0.05129151533141396
-1.0000850798061407
-1.0000850798061407
-2.3235752872481186
-1.0139587318830223
-3.2681045099470936
-1.2731299284049697
-1.7998259552724818
-1.0000850798061407
-1.1545422025127579
-1.227889516712267
-1.0000850798061407
-1.9195514048785896
-2.7355899867808517
-1.0000850798061407
-0.28946001864552784
-1.0000850798061407
-1.0000850798061407
-2.659627599756746
-2.0302805504163786
-1.0000850798061407
-1.3050548437447702
-0.8608835605175642
-2.72830933460979
-2.719344121203804
-1.2647545241474205
-0.9005335629193638
-2.197912997055383
-3.3535836220259085
-2.4875480601903206
-1.0000850798061407
-1.6656749461351552
-2.029100426825167
-2.134943669337318
-1.0000850798061407
-1.818892108806736
-0.7956862452684987
-6.974177871629209
-0.4076672837880011
-5.581236309625652
-1.3330899381609385
-1.1545587135192505
-1.0000850798061407
-0.728577170477493
-2.867136713477535
-0.684216310905768
-1.0000850798061407
-1.0000850798061407
-1.309474669311399
-1.0000850798061407
-1.0000850798061407
-0.8180305288514234
-1.0000850798061407
-5.302845307750559
-2.7268446717189505
-1.0000850798061407
-1.0000850798061407
-1.6906184650267875
-4.723376957206952
-1.0000850798061407
-2.0401251719254248
-1.3179695245187446
-2.7891267717616444
-3.269888591070881
-1.0000850798061407
-2.2305061697224033
-1.6266607508350859
-2.456537863089821
-1.0000850798061407
-3.4088374060860502
-1.3824342760399446
-2.2481553647564994
-0.671129053937662
-1.9552767017745651
-7.169955384673486
-4.404271618100111
-1.0000850798061407
-1.0000850798061407
-1.7927212951659754
-1.2029812093027346
-0.3959029877184008
-3.169094764152433
-1.0000850798061407
-1.0000850798061407
-4.125908160621648
-1.0000850798061407
-2.039217482628615
-1.0000850798061407
-1.4393463509905047
-2.425514716153671
-2.8431556486365395
-0.9659481679120887
-2.1450718501702255
-0.9398276341875231
-1.2262181151564988
-1.0000850798061407
-1.0000850798061407
-1.1855690133758259
-3.230154562047133
-1.0000850798061407
-1.0000850798061407
-1.0000850798061407
-2.545806409940738
-4.402349314613289
-1.0000850798061407
-1.0000850798061407
-1.0000850798061407
-2.740935026547632
-1.0000850798061407
-0.2696824371703457
-1.8968203376482649
-5.501126451879955
-0.6000923442586696
-0.27301047777918086
-3.807166828949235
-5.440754634048645
-1.7984205425415354
-1.0002772613671738
-1.709081481900185
-1.799887751773113
-1.0000850798061407
-3.987201643049289
-1.8474146635850417
-3.5128646469668325
1.2767495657885632
-2.1031621245376897
-1.845562318262992
-2.6643761944490194
-0.5808164767287423
-2.095177524627175
-1.0000850798061407
-1.0000850798061407
-5.468902309326168
-3.6455828631942637
-2.0313631302331174
-2.18384205734948
-1.1080409208531279
-0.699210011860842
-0.9999934249605218
-0.8051068271564787
-1.0000850798061407
-3.5637113184263995
-2.7833677576159204
-2.5941653414186163
-1.6860050797685204
-1.0679408079661386
-4.3562940165206925
-7.519975339219528
-1.7746009620035608
-2.9809359562875812
-2.4347939280567203
-1.6674864385008874
-2.2993972095563464
-2.5494196149359283
-1.0000850798061407
-0.9999934249605218
-3.7409083491593407
-1.0000850798061407
-1.6992431336449414
-2.0286578715165575
-1.9702691233719776
-1.0000850798061407
-0.7153083970471386
-0.36755011202775734
-1.0000850798061407
-1.880282668213468
-1.7236921528895124
-1.0000850798061407
-0.5706144267586666
-1.0000850798061407
-2.5897110091280098
-1.0149768922500613
-1.0000850798061407
-1.8286212018562225
-1.9898137638925988
-1.3620193977459536
-1.4481147228106153
-1.0000850798061407
-1.426860855579676
-1.0000850798061407
-1.0000850798061407
-1.357653795098841
-1.0000850798061407
-1.0000850798061407
-1.0000850798061407
-1.0000850798061407
-1.0000850798061407
-5.468902309326168
-0.15822284436605116
-1.7469704642259245
-1.0000850798061407
-1.0000850798061407
-5.829616623657458
-0.5496050291174157
-1.0000850798061407
-1.0000850798061407
-1.0000850798061407
-1.0000850798061407
-2.3657839648783607
-1.4974477634570036
-0.703866175377371
-1.0000850798061407
-1.2463032995756436
-1.0000850798061407
-0.5391745361904583
-1.0000850798061407
-2.8621246734139874
-1.4479431580692932
-1.0000850798061407
-1.0000850798061407
-1.0000850798061407
-10.29044471837075
-2.5032192632813945
-1.0000850798061407
-1.2664057268074345
-2.698916678578044
-1.0000850798061407
-0.35187976421060796
-2.261126412815784
-3.8154098403388303
-1.0000850798061407
-1.0000850798061407
-6.391610728265292
-3.2965091246502567
-0.9775564125350371
-2.5562663240390435
-2.2515359339509047
-3.8033740606233692
-1.0000850798061407
-1.0000850798061407
-1.0000850798061407
-3.869450377582794
-1.0000850798061407
-1.0000850798061407
-1.0000850798061407
-2.156473417274711
-1.4989148482533352
-0.7759217798910782
-1.6766124185204632
-1.708041863200279
-0.7464947764197092
-0.3480400337291627
-1.6315344346774197
-1.8682661971663634
-4.341804681818431
-1.0000850798061407
-2.9771436513544955
-1.0000850798061407
-1.3608441903075033
-1.291739306143782
-0.9410633140131637
-0.46668620204913225
-0.26398938905892066
-1.2735787327134318
-1.1660494783890414
-1.1450228001612146
-1.0000850798061407
-0.9999934249605218
-0.5353987543220597
-1.784109556037734
-1.0000850798061407
-1.2378966275631598
-5.681099284138796
-4.7303039176365616
-1.5314288751931286
0.0405083946148892
-1.0000850798061407
-2.5612075320702985
-1.0000850798061407
-1.0000850798061407
-1.0000850798061407
-1.8839973127658283
-1.0000850798061407
-0.9623765948488341
-2.3925523864482017
-0.43491052528965213
-1.531066478528615
-1.0000850798061407
-6.3935004422261414
-4.454954804110699
-2.427508150261488
0.46652695409112255
-1.0000850798061407
-1.0000850798061407
-3.6422343022660613
-1.0000850798061407
-4.682400243279304
-1.762951880949359
-1.7946048417535536
-1.5399370215816504
-1.160306520462214
-0.6324229276389275
-1.0000850798061407
-1.7156167041512305
-0.8120725603186116
-0.7587768759303941
-5.720304680279369
-1.0000850798061407
-1.0120723396058935
-1.0000850798061407
-1.0000850798061407
-1.0355256314396826
-1.2092885485724452
-1.3166858947555653
-1.2029198389153777
-0.8162903521478171
-3.903770451290953
-1.0000850798061407
-1.0002772613671738
-1.0000850798061407
-3.553690470430766
-1.0000850798061407
-1.0000850798061407
-1.0000850798061407
-2.0589813225308404
-0.791886888850641
-1.3054479620851822
-1.0000850798061407
-0.5925811240423542
-2.129709320642192
-3.2771989246363233
-1.9030546174995067
-1.0557972437585619
-0.5485004321649427
0.010805457252658357
-1.4873361226459707
-1.3047116154949805
-1.0000850798061407
-1.0000850798061407
-1.1076991895034922
-1.0000850798061407
-1.1336850995429728
-2.3562081696003503
-1.0000850798061407
-5.669559349972715
-2.7873338207339344
-1.0000850798061407
-1.450496771761678
-1.0000850798061407
-1.0000850798061407
-1.0000850798061407
-1.0000850798061407
-3.215171547646733
-1.0002772613671738
-3.193758225223533
-1.0000850798061407
-1.3356621875696106
-0.5428382792811277
-0.5258418822289883
-2.419731262184783
-3.2681045099470936
-0.03537711498314877
-1.0000850798061407
-0.9426428392653321
-1.0000850798061407
-5.656919478373666
-1.0000850798061407
-2.6760147929283136
-1.0000850798061407
-3.306735227588902
-0.49615239648541376
-1.0000850798061407
-1.0000850798061407
-1.0000850798061407
-0.8116161382663591
-1.8333540797274424
-1.0952205101102805
-1.0000850798061407
-0.4344368868134012
-1.0000850798061407
-1.1049255843456791
-1.3812639974255632
-0.5042069150660069
-1.0000850798061407
-1.0000850798061407
-1.0000850798061407
-0.4145261876538058
-0.7695691441030164
-3.5256266409446795
-1.0000850798061407
-1.0000850798061407
-3.193985730248656
-5.890086371531439
-1.0000850798061407
-0.5247057332935725
-1.8158037977252803
0.00628102131950925
-0.7081814721014013
-1.0000850798061407
-2.804104911948585
-1.0065146341088536
-1.3436776870452292
-1.0000850798061407
-1.0000850798061407
-6.507303720080486
-1.0000850798061407
-3.7095002936098496
-1.3588283480883234
-1.1063001971426871
-1.0463588372339387
-1.2881207206016967
-1.0000850798061407
-0.548167430476056
-3.4642163144522016
-1.5487358172989758
-4.586210722094975
-1.0000850798061407
-1.3073622850123598
-0.6410504594982882
-1.6805198377332005
-1.0000850798061407
-1.0000850798061407
-0.9562714446183378
-1.0733743941665495
-0.9915981736311466
-4.541188714742944
-1.0000850798061407
-1.0000850798061407
-1.0000850798061407
-1.0000850798061407
-4.640430194726505
-1.0000850798061407
-1.6600130971746836
-3.6666468645469337
-1.0000850798061407
-2.8197829211401455
-1.0000850798061407
-1.0000850798061407
-1.078277975121651
-2.5647901712544723
-1.0000850798061407
-2.626205461228338
-1.0002772613671738
-1.8461895819244916
-1.0000850798061407
-1.0000850798061407
-1.0000850798061407
-6.844185985800678
-0.9915153921630377
-1.0000850798061407
-1.0000850798061407
-1.0000850798061407
-3.1646952815992933
-2.287314710247202
-3.2161046837343434
-1.0002772613671738
-4.367026821895493
-1.0000850798061407
-3.011546566753296
-0.9999934249605218
-1.0000850798061407
-1.042863721454765
-5.158275411100945
-1.0000850798061407
-4.820603789735074
-1.0000850798061407
-7.519975339219528
-1.0000850798061407
-4.209193715744746
-5.584625177178296
-1.4541386976263908
-1.0000850798061407
-1.0000850798061407
-6.65102188171501
-1.1538087529361434
-1.0000850798061407
-1.012362410142842
-6.0359276822064345
-3.239729103123423
-1.245297376765862
-1.0000850798061407
-2.858864233640034
-0.16701948941000921
-1.0000850798061407
-1.0000850798061407
-5.209337809707122
-2.612092335901721
-3.008150471600757
-1.0000850798061407
-2.8439145148867198
-1.3480970128716905
-0.7750419329872926
-3.9167361532032743
-4.505891631417185
-1.6048194365947808
-2.2914711488921427
-0.5753487298951683
-1.0000850798061407
-2.341147256498303
-0.7065052794549871
-1.0000850798061407
-0.042964991176987155
-1.0000850798061407
-2.8358345803030858
-5.468902309326168
-1.0000850798061407
-1.0000850798061407
-1.4435179357667636
-2.533250380358723
-0.9971283201894181
-3.067930917117124
-1.5988756901396215
-2.4758454486070747
-2.9852411099432317
-2.822692536830587
-7.169955384673486
-1.0000850798061407
-2.323328550601005
-1.792478502289569
-0.31435061064168224
-0.7186709410471082
-7.519975339219528
-3.80537907598422
-1.0000850798061407
-2.2146961133444307
-1.3817651085715994
-1.5372209214751962
-1.100746370644984
-1.107952546676998
-1.3162749842542922
-3.9320642515500737
-2.526844276908278
-1.1841304916013229
-2.3363024699036856
-1.0000850798061407
-1.3493255762589484
-1.7526446896821568
-1.0000850798061407
-1.0607186924714966
-2.355999147695357
-1.0000850798061407
-1.0000850798061407
-1.0000850798061407
-1.0000850798061407
-1.0000850798061407
-1.0000850798061407
-1.0000850798061407
-2.5329545166838585
-2.3736895485694873
-1.0000850798061407
-1.0000850798061407
-1.0000850798061407
-3.3087223243011437
-1.4572590402419934
-2.4084970744303433
-1.0000850798061407
-1.0000850798061407
-1.066522754131043
-0.7067329121231438
-1.327514585331997
-1.0000850798061407
-1.788198666097415
-2.7943756811279314
0.18636016463743488
-2.245702462417867
-0.11886217147765876
-0.9286307602753965
-2.0597452539357306
-0.6818488881139189
-0.5936448263631888
-0.6359720693551623
-1.036499777121449
-0.7909850787958845
-0.4157497404948032
-2.867136713477535
-3.2681045099470936
-1.8903827938397768
-1.0000850798061407
-5.341624753471152
-1.4782377129107687
-0.5947718374711854
-1.0000850798061407
-1.0000850798061407
-1.8168642347211659
-2.154138752397685
-2.049881824390937
-1.0000850798061407
-0.2105299850533271
-1.0000850798061407
-3.547828336743592
-2.2120103905094908
-1.0000850798061407
-2.075812143722615
-2.6671279932567273
-1.6461464220893873
-2.8359572686698726
-1.3248505805602377
-2.7934333021751314
-0.37048570193145736
-2.6062239107216243
-1.4568386934784172
-1.0290408071724784
-2.4473524397921125
-1.0898479810764599
-5.888107586317247
-1.0000850798061407
-1.0000850798061407
-1.0000850798061407
-1.0027486325610795
-1.0000850798061407
-2.4312688991335705
-1.1799189989442453
-5.928045486555121
-1.0000850798061407
-1.3983359231134642
-1.0000850798061407
-1.0000850798061407
-1.0000850798061407
-3.222309311510017
-3.1578228202727274
-2.193181241022799
-1.0000850798061407
-1.6715054265182658
-2.3383037751381295
-1.1002713411982228
-1.5780209469211428
-2.4767659564328284
-3.975611877060956
-1.0000850798061407
-2.227812811332356
-1.0002772613671738
-1.7256262516817884
-1.0000850798061407
-1.0000850798061407
-0.8976622688641243
-3.023270348686097
-1.8876625079331149
-1.0000850798061407
-0.9468916802463951
-2.2280722431695636
-1.2453511595639526
-0.8709100139864319
0.04678371684290994
-2.0366342092217025
-2.8217957011720074
-2.3252172345465993
-2.3528536023451494
-1.0000850798061407
-1.0000850798061407
-5.468902309326168
-1.9387093094328662
-0.9999934249605218
-3.4005724281237377
-1.0000850798061407
-1.718598673336615
-2.445764541890995
-0.09336865782508141
-1.0000850798061407
-0.9414336061845603
-1.9464361933664946
-0.7900375492629479
-1.0002772613671738
-1.0000850798061407
-1.0000850798061407
-2.4887630986953724
-1.383769508541846
-1.656198521519073
-1.960152407981937
-2.1161036735392287
-1.0000850798061407
-6.225484585421228
-2.6273671999380355
-0.6019553048859194
-1.0000850798061407
-1.0000850798061407
-2.1505630821550454
-1.0000850798061407
-1.6096191015760866
-2.76303262454816
-1.0000850798061407
-5.4689023093256
-1.41786079026555
-1.0000850798061407
-1.84228004845194
-1.0000850798061407
-3.970193420637557
-1.0000850798061407
-1.0000850798061407
-2.3179867727369725
-1.0000850798061407
-1.0000850798061407
-0.9706246228985407
-0.35709196684969413
-1.0002772613671738
-1.8938822247734066
-0.891472635024698
-6.789916577482032
-1.1358367249184909
-1.0000850798061407
-4.630743151647508
-0.8518691502796543
-0.9999934249605218
-3.8124824775049007
-1.7643988325805964
-0.633456526304613
-1.3550137618700688
-1.774727536198398
0.5158040982555434
-1.0000850798061407
-3.4459739526701156
-1.4518008795968314
-1.0000850798061407
-7.519975339219528
-1.0000850798061407
-2.6610864272494297
-2.062417667886635
-1.0000850798061407
-3.0684374101304144
-0.7845399147080485
-1.218860098342148
-5.4689023093260545
-2.3547100566691057
-3.750087525220934
-1.7228686260673527
-1.8357945229635249
-1.0000850798061407
-7.591034942569436
-1.0000850798061407
-4.036541363009647
-1.7958042486263963
-1.0000850798061407
-3.977757410896757
-1.0000850798061407
-1.0193893440462176
-1.320907188057518
-2.7918488889663564
-0.7141238682848012
-0.3717590446100445
-1.8484861956352603
-1.7958148238831342
-1.880874279481091
-1.0000850798061407
-2.50758011928248
-0.9734444304331333
-2.343193547443221
-1.299213177918901
-6.653200572424808
-3.185556015657099
-0.9669989796157239
-3.7238720159288192
-3.4068220169325656
-0.9999934249605218
-1.0000850798061407
-2.126145379127948
-1.0682290811203217
-2.1983544768061307
-0.88182028154894
-1.0000850798061407
-1.0000850798061407
-1.0000850798061407
-2.591709542387221
-1.0000850798061407
-1.3544092259958376
-3.697182545207525
-0.14620561917480757
-5.738153956774241
-1.0000850798061407
-1.0000850798061407
-0.5916186131661476
-4.352235963946569
-0.857276535468273
-0.9616313523068953
-5.988640285213037
-1.0000850798061407
-5.988640285213037
-1.0000850798061407
-1.0000850798061407
-1.5797116789027683
-1.0000850798061407
-1.2256628333166333
-1.287821820688137
-1.0000850798061407
-3.1721431668581914
-1.0000850798061407
-1.0000850798061407
-7.169955384673486
-1.0000850798061407
-1.0000850798061407
-2.0177163696439635
-1.0000850798061407
-1.0000850798061407
-3.3339112407881117
-4.75017238387683
-1.0000850798061407
-1.0000850798061407
-2.4705262974951125
-1.1749423726877382
-1.0000850798061407
-1.878575666243151
-1.0000850798061407
-1.0000850798061407
-0.6758173086140147
-7.169955384673486
-5.258894944667546
-1.0000850798061407
-1.0002772613671738
-1.031536250742775
-0.8202194009804913
-2.886812615657064
-1.606165549317339
-4.799248139845318
-1.0000850798061407
-1.0000850798061407
-1.0000850798061407
-1.35680682063186
-3.9557266198421672
-2.258756639196818
-4.707849480490623
-2.3317459998988994
-4.695602874217812
-0.34832247716668974
-0.9999934249605218
-5.013053152827197
-0.9521644415373345
-1.2306362835244187
-1.0516973542896864
-0.5736952322772737
-0.9116816149079483
-1.5362020583297777
-1.0208191747957613
-3.926752918085768
-3.5803144167519037
-1.080656262063954
-1.9503135495554176
-1.2516479944287227
-1.0000850798061407
-0.8305737024001161
-3.419301222976756
-1.0000850798061407
-0.8545452776773033
-1.0000850798061407
-1.0000850798061407
-1.0000850798061407
-1.0000850798061407
-1.0000850798061407
-1.0000850798061407
-1.0299344351610813
-0.8975567128446897
-1.0971296421645462
-0.4120869029827787
-0.8841982602176728
-1.0968246724882107
-1.1630374685851308
-1.2895706829879288
-0.8365268488778526
-1.4629894798117817
-1.0490263986050792
-1.0000850798061407
-1.0000850798061407
-1.6672785586199694
-1.0000850798061407
-1.0000850798061407
-1.752612899917736
-0.17797938792865864
-0.1301783175891984
-1.0000850798061407
-3.6126973685085346
-3.3836117433339865
-0.7841625580714577
-1.8931604099089014
-1.0000850798061407
-1.0000850798061407
-0.7546340307552697
-1.0000850798061407
-2.5517547670522305
-1.281211475092178
-1.0000850798061407
-1.370971279087044
-1.0000850798061407
-0.9123252065085268
-3.0685287720216508
-5.717807613562982
-1.0000850798061407
-1.0000850798061407
-0.6371153609639038
-0.4180106963318764
-3.408284797172442
-1.0000850798061407
-1.0000850798061407
-1.0000850798061407
-1.1428980653202103
-1.0000850798061407
-1.0000850798061407
-1.0000850798061407
-1.0000850798061407
-1.81279864887496
-2.179417908187034
-1.0000850798061407
-1.0000850798061407
-3.655129417070853
-1.1102739093339693
-1.0000850798061407
-0.7212513328335177
-4.585100857712419
-1.0000850798061407
-1.0000850798061407
-1.0000850798061407
-1.0000850798061407
-1.0000850798061407
-2.2570906973588905
-1.4998900226867278
-1.0000850798061407
-3.327566494227895
-5.247531589467727
-3.2681045099470936
-1.7152631616056766
-1.0000850798061407
-1.0000850798061407
-1.4874782067605707
-2.4421035370645683
-2.7823341172460374
-1.0000850798061407
-7.169955384673486
-1.0000850798061407
-1.5318291085250308
-1.0000850798061407
-3.2826704639151245
-1.0000850798061407
-1.0000850798061407
-1.4849054274145743
-1.0000850798061407
-2.2374185233671966
-0.9999934249605218
-1.0000850798061407
-2.6792957776247164
-1.0000850798061407
-1.4133080413620434
-1.0000850798061407
-1.0002772613671738
-7.519975339219528
-0.2657781468932541
-1.0000850798061407
-1.4647936481449193
-2.0167654495663925
-1.0000850798061407
-0.2871867580037275
-1.0000850798061407
-2.418871142173444
-0.41199517453846113
-5.468902309326168
-1.0000850798061407
-1.1914699520659866
-0.6382447651995022
-4.078804065419845
-2.400207245440825
-2.7437599535424084
-1.0000850798061407
-2.2197652134684773
-2.8190223767989124
-1.0000850798061407
-4.6104142631475185
-0.7386661004650392
-2.0177100801116836
-1.0000850798061407
-3.850320327024761
-1.3939293595752957
-1.4384041881549052
-1.0000850798061407
-2.458444395387133
-1.910857501529577
-2.998524882660277
-1.0000850798061407
-0.9329201105690714
-1.1600567701074311
-0.3531532284473684
-0.9212712302394408
-1.5014125827922413
-1.0000850798061407
-1.0000850798061407
-1.7141521170290304
-1.0000850798061407
-1.0000850798061407
-1.7023447629913022
-1.0000850798061407
-0.9835375290006283
-1.0000850798061407
-3.622512510931543
-0.796259408465076
-1.0000850798061407
-1.0000850798061407
-1.0000850798061407
-6.029361326737572
-1.3080594654037583
-4.81416931191383
-1.8762131357921277
-0.572959775304426
-1.514785168437939
-3.0267938636930154
-1.0000850798061407
-2.312833702944559
-1.0000850798061407
-1.0000850798061407
-1.0000850798061407
-1.0000850798061407
-2.034260201904104
-0.6059589548382434
-1.0000850798061407
-3.910295735543528
-1.0000850798061407
-2.6554435947948747
-1.3157057454019565
-5.600135651514066
-6.105572384703478
-1.0000850798061407
-4.341521729684715
-1.0000850798061407
-2.0091077203018273
-1.0000850798061407
-1.0000850798061407
-1.0000850798061407
-1.0000850798061407
-1.0000850798061407
-1.0000850798061407
-1.356887685291568
-1.4846382782249208
-1.0000850798061407
-2.6340906289765513
-3.836052464242826
-2.1326244744939373
-1.3674807166511442
-3.975611877060956
-2.107830053059857
-1.0002772613671738
-2.2502506889039893
-1.281899272046772
-1.0000850798061407
-1.0000850798061407
-7.519975339219528
-1.0000850798061407
-5.321434077544168
-5.930019377842669
-2.986945970433581
-1.3417959687689205
-4.3075018859072
-1.0000850798061407
-1.4970978624346714
-1.6887979701216551
-4.095004779460297
-4.7955581398727105
-2.9598601475467063
-1.0000850798061407
-1.0000850798061407
-2.5176478823479016
-1.0000850798061407
-2.169961518378855
-3.474335645611305
-2.0611555181498176
-1.3150406714085108
0.16220114592395873
-3.3697504700585483
-1.9909484254126397
-1.0000850798061407
-1.0000850798061407
-1.145216737666388
-1.0000850798061407
-3.3115392563569372
-1.0000850798061407
-1.0044801953253142
-1.0000850798061407
-1.0000850798061407
-1.0000850798061407
-1.0000850798061407
-1.0000850798061407
-0.8530833689861907
-1.0000850798061407
-6.56034598567409
-3.151141526302709
-1.55441596123093
-0.7588754334625634
-0.6010357725281352
-0.2134738014217561
-1.0000850798061407
-0.9219996444051191
-1.0000850798061407
-1.0000850798061407
-0.7765941186178367
-1.0058751112795932
-0.44270347321663905
-2.4050169918265425
-0.6849991366747332
-1.25110072866336
-1.1497824144546627
-1.0000850798061407
-3.2673997117789355
-0.8210871748789401
-0.8738175195606033
-5.106554788374993
-1.0000850798061407
-3.256963955635584
-1.0000850798061407
-2.2438552954885296
-0.6955300474045458
-1.0000850798061407
-1.0000850798061407
-4.671842056802475
-2.3279585091717223
-1.0000850798061407
-0.5987645460234177
-1.0000850798061407
-0.41386832932415984
-1.1365401228615752
-3.5751239739775116
-6.391610728265292
-0.9999934249605218
-5.468902309325713
-1.055653973052145
-2.3724504063670935
-1.0000850798061407
-5.288958884877744
-1.0000850798061407
-1.0000850798061407
-3.3689182134798017
-1.0000850798061407
-2.1579988897757545
-1.0000850798061407
-1.0000850798061407
-2.35973216655033
-1.0000850798061407
0.24543965928238265
-2.261311452665737
-0.9999934249605218
-1.0000850798061407
-1.0000850798061407
-5.705632744132586
-3.2283335841584773
-1.1741715478108432
-1.0000850798061407
-1.0000850798061407
-2.6406205029301333
-0.6275510636883297
-1.008911978332108
-2.1175820473116715
-7.519975339219528
-4.017658746168323
-1.0000850798061407
-4.1331709467256275
-7.169955384673486
-1.0000850798061407
-1.0000850798061407
-1.0000850798061407
-1.0000850798061407
-1.0000850798061407
-1.0000850798061407
-7.519975339219528
-1.0000850798061407
-1.9792993361439954
-1.0262610578105438
-1.0115733181536513
-1.5112763794496828
0.4689602515387463
-0.9374474377015218
-2.5837510082671002
-1.0273784313515222
-2.1603137324577943
-0.5150909369899779
-1.0000850798061407
-3.888912771584515
-1.3967649675685294
-2.240082924098047
-1.5470337307015285
-1.0000850798061407
-1.0000850798061407
-1.0000850798061407
-1.0000850798061407
