-1.000105363896874
-1.000105363896874
-1.000105363896874
-0.6620324668913709
-1.000105363896874
-2.0255260049351547
-1.3673218183579463
-1.3329452492871452
-1.5894081590265996
-1.375724450744495
-1.000105363896874
-1.000105363896874
-1.000105363896874
-1.1757363715243043
-0.8015974872118177
-1.000105363896874
0.2542736371940224
-1.5080200529424657
-1.000105363896874
-1.000105363896874
-1.000105363896874
-1.0251638342182998
-1.8229537465080439
-1.587065528146236
-1.000105363896874
-1.000105363896874
-1.036418099473603
-1.000105363896874
-1.1482109120018107
-1.1135664856025
-1.1036392798137724
-1.000105363896874
-1.1579624449860217
-1.0865034608900954
-1.000105363896874
-1.000105363896874
-1.000105363896874
-0.4518480591455569
-2.2335102413408476
-1.000105363896874
-0.5052021377504685
-1.000105363896874
-1.000105363896874
-0.9939429751415032
-1.0403562418117032
-1.7673235490815484
-1.000105363896874
-1.6124058593587405
-1.000105363896874
-1.000105363896874
-1.000105363896874
-1.000105363896874
-1.000105363896874
-1.000105363896874
-1.000105363896874
-1.000105363896874
-1.000105363896874
-1.000105363896874
-1.000105363896874
-1.000105363896874
-1.000105363896874
-1.000105363896874
-1.000105363896874
-1.000105363896874
-1.000105363896874
-1.000105363896874
-1.000105363896874
-1.9565551819640303
-1.8707841307905637
0.442549762020751
-1.735166108692094
-1.000105363896874
-2.968191113529694
-1.000105363896874
-1.000105363896874
-1.000105363896874
-2.195329809722817
-1.000105363896874
-1.602560137726054
-1.926737435354009
-1.000105363896874
-1.000105363896874
-1.000105363896874
-1.7395006867132379
-1.437371933284349
-0.8796749547601861
-1.7639014918864389
-1.2947857734198989
-0.8526600609712984
-1.4950666323138888
-1.8447499048996532
-1.9341291306994846
-1.000105363896874
-1.000105363896874
-1.4297275507559801
-1.000105363896874
-1.000105363896874
-1.000105363896874
-1.000105363896874
-2.296353421068839
-1.5739710330079886
-0.638138832296856
-2.0844803340914195
-1.000105363896874
-1.000105363896874
-1.6854491892552472
-1.000105363896874
-1.000105363896874
-1.000105363896874
-1.0508876609209166
-1.000105363896874
-1.000105363896874
0.9998856741826119
-1.000105363896874
-1.000105363896874
-1.000105363896874
-1.000105363896874
-1.3867256347262282
-1.000105363896874
-1.000105363896874
-1.000105363896874
-1.5527539670775026
-1.000105363896874
-1.000105363896874
-1.349243428820297
-1.000105363896874
-1.000105363896874
-1.000105363896874
0.9998099050202898
-1.000105363896874
-1.7901578811555465
-1.000105363896874
-1.000105363896874
-0.8651370160996334
-0.49821596678142566
-1.2256305124939457
-1.000105363896874
-1.000105363896874
-1.000105363896874
-1.000105363896874
-1.000105363896874
-1.6199180373908986
-1.707323220790907
-1.6896014298225408
-1.093111036992279
-1.093111036992279
-1.000105363896874
-1.000105363896874
-1.000105363896874
-1.000105363896874
-1.000105363896874
-0.4532337342359467
-1.2339822655361798
-1.5208920102602361
-2.0517548174234674
-0.9997969614255267
-1.5597815278276341
0.26791390155891737
-0.8015974872118177
-1.6146366243537598
-1.000105363896874
-1.000105363896874
0.18978592690021845
-2.168268937158568
-1.000105363896874
-1.000105363896874
-3.1442217316257723
-1.4925124358735458
-1.312002708505669
-1.000105363896874
-2.505125581881681
-1.000105363896874
-1.000105363896874
-1.000105363896874
-1.000105363896874
-1.000148478287893
-1.216340759404484
-1.000105363896874
-1.000105363896874
-1.2583206888273066
-1.4823414746682415
-1.000105363896874
-0.3760689216832658
-2.968191113529694
-1.000105363896874
-1.0231182330161017
-1.000105363896874
-1.000105363896874
-1.3713262863622573
-1.5646051422797695
-1.000105363896874
-1.5235749128892548
-3.1670895857962718
-1.000105363896874
-1.000105363896874
-2.837373945234087
0.1445303285448789
-2.968191113529694
-1.000105363896874
-1.189153633647119
-1.5553666941419335
-2.182047789499687
-0.616068551435542
-1.4619671167494728
-1.6224916065275563
-1.1098233167220384
-1.4088373203630153
-1.0005081787339618
-1.4543533973871616
-2.311786234941404
-1.01904358890756
-1.1696119219684489
-1.000105363896874
-0.641941019140897
-1.8733754606837705
-1.1521188212907232
-1.000105363896874
-1.4914717993060362
-1.7384069520937784
-1.000105363896874
-2.3150969783748208
-1.000105363896874
-1.0167583201416859
-1.000105363896874
-1.093111036992279
-1.3987888398252961
0.8933146120762006
-1.000105363896874
-1.906181320289785
-0.7883347346199896
-0.6264674639092744
-1.000105363896874
-1.000105363896874
-0.20197021877893473
-1.3294363187234906
-1.000105363896874
-1.000105363896874
-1.000105363896874
-1.000105363896874
-0.4242441804637833
-1.000105363896874
-1.000105363896874
-1.000105363896874
-0.9999323636264235
-1.000105363896874
-1.000105363896874
-1.000105363896874
-1.000105363896874
-1.000105363896874
-1.000105363896874
-1.000105363896874
-1.000105363896874
-1.000105363896874
-1.000105363896874
-1.000105363896874
-0.927306984599066
-1.2635374436057942
-1.4583805202980313
-1.4632036832083584
-2.8208516523293765
-1.229510875690731
-1.000105363896874
-1.1584960399768773
-1.631157737800005
-1.000105363896874
-1.0244430952152284
-1.000105363896874
-2.5147692687572585
-1.000105363896874
-1.000105363896874
-1.6332069373333509
-1.6781986739737347
-1.000105363896874
-1.5237480454279746
-0.6207939504408513
-1.000105363896874
-1.000105363896874
-1.000105363896874
-0.737448673527136
-1.000105363896874
-1.3011741265118912
-1.000105363896874
-1.3880676655264166
-1.4937941235217052
-1.083607249037125
-1.000105363896874
-1.930751445793514
-1.000105363896874
-1.9294112608746827
-2.34538206916596
-1.1104625710543798
-1.5398641180281158
-1.7753338774197074
-1.000105363896874
-1.6648133567410168
-0.7307286487442424
-0.4374833302577583
-1.5886375730922238
-1.000105363896874
-1.000105363896874
-1.3370058592666068
-1.000105363896874
-1.1204564772871306
-1.000105363896874
-2.2670106060767905
-1.000105363896874
-1.000105363896874
-1.000105363896874
-1.000105363896874
-1.884387566194401
-1.000105363896874
-1.542675757228987
-0.6780086232187967
-2.2335102413408476
-1.331930968579992
-1.0512282493363712
-1.2957097706706078
-1.4165073898603522
-1.3637035145419913
-2.2483395943986393
-1.000105363896874
-1.000105363896874
-1.000105363896874
-1.0950006316594978
-1.000105363896874
-1.000105363896874
-1.4321647376490843
-1.1285247715965694
-1.1895944465699229
-1.000105363896874
-1.000105363896874
-1.9383186178135885
-2.6061877636824375
-1.4477189711978111
-1.000105363896874
-1.3057951143857407
-0.9637750150213931
-1.154141451787818
-1.000105363896874
-1.000105363896874
-1.4589281466312185
-1.000105363896874
-1.000105363896874
-1.3161864307665452
-1.1411653464342306
-1.000105363896874
-1.000105363896874
-1.098068688267186
-1.4672583812400104
-1.488412307039023
-1.000105363896874
-1.000105363896874
-1.000105363896874
-2.3827378826470307
-1.000105363896874
-1.000105363896874
-1.2139406385294036
-2.7960488312992693
-0.9998101378487361
-1.9883357426362194
-1.000105363896874
-1.000105363896874
-1.351979861128508
-1.4488465087107683
-1.2688718772522334
-1.6419273536130943
-1.352767134300744
-0.8850925171914481
-2.615308029286761
-1.2594022162255625
-1.1888326217943428
-1.5079663784289847
-1.5937336579728578
-1.0839713740082244
-1.9204446719971555
-1.307085927284187
-1.1024212327657308
-1.000105363896874
-1.3483039848142182
-1.4214400378987433
-1.6955488941149026
-1.353783300047847
-1.3148495907818
-1.000105363896874
-2.4151548000989846
-1.9044118158353553
-1.1249046149566722
-1.5840140720971432
-1.000105363896874
-1.8364472730027002
-1.695989943737895
-0.1825504725570921
-1.094246478455612
-1.3720657188268133
-1.856834860558389
-1.000105363896874
-1.1112992741885632
-0.7865754773281095
-1.5975698903740563
-2.0938073381724207
-2.040416232678818
-1.222309460381946
-0.7827848360240308
-1.000105363896874
-1.118104021097575
-2.3707517409504772
-1.000105363896874
-1.3236842176049164
-2.1272506550231425
-1.8917249093848438
-1.335873352139937
-1.3866485472524586
-1.379835202014685
-0.8641505210778702
-2.268346590799548
-1.330344078162379
-1.000105363896874
-1.867466105817381
-2.968191113529694
-0.9010432934652455
-1.0715696474923346
-1.000105363896874
-1.0696033156771092
-1.5179915008119407
-2.8208516523293765
-2.6295836862409727
-1.1928372271615286
-1.5126186409746891
-1.000105363896874
-1.4498354494172174
-1.000105363896874
-1.000105363896874
-1.9037209883404769
-1.000105363896874
-1.000105363896874
-0.7709854733754282
-2.2841149044663736
-1.000105363896874
-1.000105363896874
-1.000105363896874
-0.9360291770029319
-1.4048643575888162
-1.000105363896874
-0.2567781630703747
-1.4501166288512577
-1.000105363896874
-1.5175481442017213
-0.7366941959944411
-1.000105363896874
-1.000105363896874
-1.973743456450161
-2.7309302745707766
-1.0494069626841975
-1.000105363896874
-1.000105363896874
-1.806970359202519
-1.3992033580706744
-1.000148478287893
-1.4527566043959679
-1.000105363896874
-1.000105363896874
-1.0648190592772648
-1.019320237196676
-1.000105363896874
-1.2307856730118045
-1.000105363896874
-1.000105363896874
-2.0790599657602327
-1.000105363896874
-1.5636278194510664
-2.6693741938187783
-1.6463630410873646
-1.000105363896874
-0.9933021325917606
-1.1755001227696296
-1.8465293523611974
-1.8916042606598138
-0.9763320823667199
-0.9770479003920896
-1.8838293360410985
-1.257043883868728
-3.0110903257037007
-1.000105363896874
-1.000105363896874
-1.3385569628523326
-1.000105363896874
-1.3993163123259746
-2.0738807542645175
-1.9377260348328873
-1.6064257395615114
-2.5233259492925795
-1.000105363896874
-1.3202710551424088
-1.2979718262518487
-1.070010442193829
-1.000105363896874
-0.8092500517995473
-1.000105363896874
-0.8538970867624114
-1.000105363896874
-1.000105363896874
-1.000105363896874
-0.6718483356248823
-1.000105363896874
-1.000105363896874
-1.8707841307905637
-2.279457177958757
-2.968191113529694
-0.9820729570195779
-1.000105363896874
-1.6302967820930219
-1.000105363896874
-1.000105363896874
-1.000105363896874
-1.7587138695413627
-2.7987603216004073
-2.968191113529694
-1.000105363896874
-1.000105363896874
-1.4369852828841756
-1.3520755961223427
-1.2944408399701741
-1.000105363896874
-2.2212038359346407
-1.000105363896874
-1.000105363896874
-1.000105363896874
-1.000105363896874
-1.1885856479936008
-1.7039953592742973
-2.968191113529694
-1.1602816058517318
-1.8145172733238821
-2.214192679089403
-2.0797653519103205
-1.3024550786589755
-1.000105363896874
-1.000105363896874
-1.7391912952559023
-0.40077202419551394
-1.214966169005275
-1.815981279604638
-1.250367351664063
-1.000105363896874
-1.7865777046680007
-1.0118190891133265
-1.000105363896874
-0.48566488452567125
-1.1120892656638501
-1.000105363896874
-1.5049025602192456
-1.000105363896874
-1.000105363896874
-1.0901191721891292
-0.29886293173660317
-1.000105363896874
-1.1056249092569983
-1.2169011762318958
-1.3285886441919486
-1.8930783932241253
-1.6559042058575342
-1.1417095630964935
-0.839568961737224
-2.263839624632463
-1.0900052676530505
-1.000105363896874
-1.8817929071440131
-1.5339425024726792
-1.149694267556323
-1.000105363896874
-1.3076169213833237
-1.2180092537876375
-2.7405484927826604
-1.1579739106216023
-2.1760259767061525
-1.708247569379874
-2.0132769364986514
-1.000105363896874
-1.3194088964164008
-2.553288015252231
-1.116095660579215
-1.000105363896874
-1.000105363896874
-1.3103069431403567
-1.000105363896874
-1.000105363896874
-1.4402980443676041
-1.000105363896874
-1.975817459674114
-1.9917591355579516
-1.000105363896874
-1.000105363896874
-2.5599469731130666
-0.8774587593565384
-1.000105363896874
-1.2499554436365896
-0.9591504642995501
-1.0770947757572271
-2.6041408393768917
-1.000105363896874
-1.4023118838666262
-1.4085146379993132
-0.9056808077628729
-1.000105363896874
-1.8294996979292888
-1.3075871519928155
-0.8783113218160947
-0.6523928181015703
-1.1522891212079953
-0.9998101378487361
-2.1769853774749164
-1.000105363896874
-1.000105363896874
-1.3996280390592757
-1.2868214495809651
-1.6878721059121444
-1.6590848661778166
-1.000105363896874
-1.000105363896874
-2.0563288800351485
-1.000105363896874
-1.083363179434751
-1.000105363896874
-0.9744189944638562
-0.7859796672181814
-1.8374532208946261
-1.1655165742192635
-1.6909664997563523
-0.9667043505564363
-1.3213610941179423
-1.000105363896874
-1.000105363896874
-1.3338432232535906
-0.44817248564472845
-1.000105363896874
-1.000105363896874
-1.000105363896874
-0.7156548476124369
-2.164060004001594
-1.000105363896874
-1.000105363896874
-1.000105363896874
-1.4287635335493816
-1.000105363896874
-1.337109159589441
-1.4874276807807503
-2.8487230059423423
-1.0941174886170257
-1.24937355794692
-2.293765233649064
-2.5883660019853734
-1.424475710544324
-1.000148478287893
-1.2327799392337466
-1.9533974028183634
-1.000105363896874
-3.786754092317632
-1.4919713663354868
-2.2980716264576087
-1.41383807152918
-0.9315265006259876
-0.16198780943508506
-2.4068625130392958
-1.3607813094293517
-1.6564814129100496
-1.000105363896874
-1.000105363896874
-1.870784130790791
-0.8862294784765465
-0.8370355141643087
-0.9912423915268205
-1.5337991229931829
-1.8305206341143174
-2.968191113529694
-1.1398685138953324
-1.000105363896874
-1.919313838863725
-0.9968711234159953
-1.2102053126981742
-1.1796266519843739
-1.2526216959056837
-1.3836980351731212
-3.9995869001570936
-1.0375716788852385
-1.3615083789451559
-1.3186234752677661
-1.933555829306111
-0.9319227228659583
-1.8442554859010825
-1.000105363896874
-2.968191113529694
-0.393014069031973
-1.000105363896874
-1.0090336752072302
-1.0863365260308866
-1.0427777133200875
-1.000105363896874
-1.2156315103009758
-1.5356633302335423
-1.000105363896874
-1.307921212826737
-1.2750670777231603
-1.000105363896874
0.21563927944348382
-1.000105363896874
-1.1787445350948458
-1.1944412603622494
-1.000105363896874
-1.5894212658360614
-1.1587193925833033
-1.370234343844511
-1.2702247870476624
-1.000105363896874
-0.9889463029046466
-1.000105363896874
-1.000105363896874
-0.5350135506159672
-1.000105363896874
-1.000105363896874
-1.000105363896874
-1.000105363896874
-1.000105363896874
-1.870784130790791
-1.2949494950121432
-1.0764079560528286
-1.000105363896874
-1.000105363896874
-0.4640704810248719
-1.6606763311358845
-1.000105363896874
-1.000105363896874
-1.000105363896874
-1.000105363896874
-1.0819037351429541
-1.783127958134254
-1.8639619852800946
-1.000105363896874
-0.8946787646336629
-1.000105363896874
-2.0653870122502083
-1.000105363896874
-1.0927262446666886
-2.029624502413749
-1.000105363896874
-1.000105363896874
-1.000105363896874
-2.0255392905203093
-1.026550450077333
-1.000105363896874
-1.5954283842590327
-1.1039254799299938
-1.000105363896874
-1.286328583570035
-1.9630852327159074
-2.6655750831623903
-1.000105363896874
-1.000105363896874
-0.02241394903334548
-0.8483566669129159
-1.6266798484820937
-1.1806607469385382
-1.8102791287372595
-0.03810822788076518
-1.000105363896874
-1.000105363896874
-1.000105363896874
-1.2276723077308516
-1.000105363896874
-1.000105363896874
-1.000105363896874
-0.5841715599223773
-1.1878518108222762
-1.1630538022591237
-1.6928799867540603
-1.956902289634992
-1.286611786041827
-1.3744737880309215
-0.626651340227748
-2.5656560806773383
-1.6023946756268215
-1.000105363896874
-2.154717516430419
-1.000105363896874
-1.658683452553599
-0.805792009326022
-1.495304155013467
-1.555179969476721
-1.272855698317609
-1.682143890749738
-1.426560257673425
-1.4295890319948041
-1.000105363896874
-2.968191113529694
-1.1843351206893926
-1.683048614374651
-1.000105363896874
-1.2034899352649076
-2.3801143958944904
-1.7633275168571556
-1.1775408428103686
-1.7073110598597294
-1.000105363896874
-1.1465346256451268
-1.000105363896874
-1.000105363896874
-1.000105363896874
-1.2460419495497304
-1.000105363896874
-1.1852859922558663
-0.89852741017945
-0.6476939446017793
-1.5489927199606752
-1.000105363896874
-1.9626567484601578
-2.1519945057730423
-0.6642486289752823
-1.2387421943546242
-1.000105363896874
-1.000105363896874
-2.0701384901443687
-1.000105363896874
-1.6477318741009652
-1.337997195503685
-1.4581980080020527
-1.0492261777746092
-1.3601243379425183
-1.4370132900132502
-1.000105363896874
-2.476416781737835
-1.2597031220052726
-1.611216465503797
-2.188025463346942
-1.000105363896874
-0.8676487496026182
-1.000105363896874
-1.000105363896874
-1.496658728104161
-1.3295272815721644
-1.3232220798882208
-1.4506082771789393
-1.3630774842431022
-0.4388806782291921
-1.000105363896874
-1.000148478287893
-1.000105363896874
-1.1640481585714424
-1.000105363896874
-1.000105363896874
-1.000105363896874
-1.0800279242059743
-1.653727043759484
-1.395447007815629
-1.000105363896874
-1.1714463689683283
-1.1892191774310374
-2.0447504644980468
-1.4189388115256731
-1.231345373058896
-1.434929618119507
-1.5747578522312677
-1.265391572438598
-2.349767521323538
-1.000105363896874
-1.000105363896874
-0.9417688639419266
-1.000105363896874
-0.9967115591603415
-0.8326344918767417
-1.000105363896874
-3.4739890837846117
-1.210345690938193
-1.000105363896874
-0.9192066186933046
-1.000105363896874
-1.000105363896874
-1.000105363896874
-1.000105363896874
-1.2244856763014225
-1.000148478287893
-0.8924357829148262
-1.000105363896874
-2.2050949500108272
-1.120161291553596
-0.9004086418091033
-1.6191271516686454
-1.214966169005275
-1.0416386195479772
-1.000105363896874
-1.4770846993155642
-1.000105363896874
-1.1139783251000877
-1.000105363896874
-1.0634772700822692
-1.000105363896874
-3.0110903257037007
-1.4766493512409467
-1.000105363896874
-1.000105363896874
-1.000105363896874
-1.2441750152141777
-1.7627531468070243
-1.5474523488170986
-1.000105363896874
-1.1060022381928531
-1.000105363896874
-1.4358798523636933
-0.7635488776511563
-1.104034862174852
-1.000105363896874
-1.000105363896874
-1.000105363896874
-1.1974980198805083
-1.456730032441608
-2.308567086328405
-1.000105363896874
-1.000105363896874
-0.8384647677892572
-2.5820848071003963
-1.000105363896874
-2.002927935471898
-1.15717355740001
-1.3964153836984918
-1.1671470899131817
-1.000105363896874
-1.1540591045210489
-1.2242379096842724
-1.4027993571932411
-1.000105363896874
-1.000105363896874
-1.462507526147827
-1.000105363896874
-2.4266176673447104
-1.372577394878017
-1.2833102142584023
-0.9220030602648945
-1.0252099803125203
-1.000105363896874
-1.5472497171298114
-1.1323241156939714
-1.4100616302328133
-1.667046852390878
-1.000105363896874
-1.1521408450589616
-1.4259642557488048
-1.951672426223733
-1.000105363896874
-1.000105363896874
-1.6764168256208007
-1.2056712631309052
-1.1882997329801368
-1.284429037015438
-1.000105363896874
-1.000105363896874
-1.000105363896874
-1.000105363896874
-2.5266371098602134
-1.000105363896874
-1.4865953268723855
-0.5341008529873745
-1.000105363896874
-1.0804723203590312
-1.000105363896874
-1.000105363896874
-1.3239184186845518
-1.502597133805021
-1.000105363896874
-1.770553859561697
-1.000148478287893
-0.8361900543322305
-1.000105363896874
-1.000105363896874
-1.000105363896874
-0.42576924486535983
-1.2952502766286313
-1.000105363896874
-1.000105363896874
-1.000105363896874
-1.7343741192105808
-1.343674715028281
-0.9969225026542814
-1.000148478287893
-2.460779476943837
-1.000105363896874
-2.3314728228819304
-2.968191113529694
-1.000105363896874
-1.869141437573826
-2.2583578750291293
-1.000105363896874
0.03689675041812723
-1.000105363896874
-3.9995869001570936
-1.000105363896874
-1.7144845888809739
-3.266024434703392
-1.5194937884283446
-1.000105363896874
-1.000105363896874
-1.630560967998302
-0.8240800041251459
-1.000105363896874
-1.8252073475359465
-0.4341050806140556
-3.052235785328544
-1.6323328680696916
-1.000105363896874
-0.6986644064528447
-1.4347107325761597
-1.000105363896874
-1.000105363896874
-0.3370403966378701
-0.9578079600853284
-0.9559402891412203
-1.000105363896874
-1.3078582957179732
-1.0435145583306804
-0.7778048457872542
-1.4255742083925425
-2.1099187022923855
-1.1918591211844456
-4.389142330781335
-0.6553452453775277
-1.000105363896874
-1.6678547554766494
-1.5652744979984545
-1.000105363896874
-0.9666577610093112
-1.000105363896874
-0.5107869788230444
-2.6921780049918125
-1.000105363896874
-1.000105363896874
-0.9268276997527165
-1.4521673174167473
-1.44582562964285
-0.6990251764850752
-0.975995048726797
-1.1418804003117726
-2.4644744323005723
-1.7031877514290086
-0.9998101378487361
-1.000105363896874
-1.1225361434385617
-1.11271460112152
-1.1629956306304008
-1.3326624158438944
-3.9995869001570936
-1.0706853900731899
-1.000105363896874
-1.3913250803203523
-1.1358936116446996
-1.2769837641714856
-1.4394389892134098
-0.8863186003260024
-1.5715446432546072
-1.7273601375654932
-1.7387137909335264
-0.7330359570928904
-0.8074737875559732
-1.000105363896874
-1.3358689416132092
-0.6594727345356928
-1.000105363896874
-2.2752612619470183
-1.3656563213330015
-1.000105363896874
-1.000105363896874
-1.000105363896874
-1.000105363896874
-1.000105363896874
-1.000105363896874
-1.000105363896874
-0.3680520350895575
-1.4660076585208897
-1.000105363896874
-1.000105363896874
-1.000105363896874
-1.1174359517474768
-1.3709773747605665
-1.048158828291089
-1.000105363896874
-1.000105363896874
-1.7585953460320907
-1.7385851918890394
-2.1487301303135338
-1.000105363896874
-0.7570358532646493
-0.8346553837611834
-0.8183593059052141
-1.2235139957329677
-1.1952055553756749
-1.0469996813636966
-1.6335356531896066
-1.1909654591448158
-1.2943881243381368
-1.1869561839585527
-1.2966481506329428
-1.4902351612929818
-1.2412177477014223
-2.553288015252231
-1.214966169005275
-1.3857548929626473
-1.000105363896874
-2.1967407426305483
-1.2436440903333716
-1.7576707334181618
-1.000105363896874
-1.000105363896874
-1.685241453831149
-1.4660257128379568
-1.7550825200787825
-1.000105363896874
-1.4496636400121714
-1.000105363896874
-1.378267686210303
-1.3479503467951401
-1.000105363896874
-1.6126519624189042
-1.6336010172735014
-1.808821833089847
-0.9334039395972367
-2.4997096441893616
-1.4183001262389423
-0.8945509313368332
-1.3826860367208935
-1.3847910132927366
-2.0632262987192105
-1.5217872810646424
-2.0960524936419302
-1.830669033419805
-1.000105363896874
-1.000105363896874
-1.000105363896874
-1.1866471259340967
-1.000105363896874
-2.0407099600616148
-1.796365133873432
-1.481513341503482
-1.000105363896874
-1.28464537415213
-1.000105363896874
-1.000105363896874
-1.000105363896874
-2.222827854077134
-1.1489153617651864
-1.6522338808003196
-1.000105363896874
-1.545096281883498
-0.9924682189487255
-0.9995676558196989
-1.9486531155714983
-0.9399454537523111
-2.8208516523293765
-1.000105363896874
-1.7066189868398665
-1.000148478287893
-1.0952082257129758
-1.000105363896874
-1.000105363896874
-0.7724629803938923
-0.821633481946388
-1.467389051503015
-1.000105363896874
-0.9955392485929293
-1.312167503441695
-0.9371653967460203
-0.9661913616776117
-1.6461973355804345
-1.1210096470470985
-2.2312801189628386
-1.4038553093382786
-2.0459013332069658
-1.000105363896874
-1.000105363896874
-1.870784130790791
-1.0989899805686276
-2.968191113529694
-1.5236040951865517
-1.000105363896874
-1.572510547864975
-1.2442261010690556
-1.2854097136308367
-1.000105363896874
-1.6147761130921436
-0.8730127041161877
-1.3751487850889488
-1.000148478287893
-1.000105363896874
-1.000105363896874
-1.1939544534634292
-1.1836490365801025
-1.167227518455472
-2.067182988776305
-0.6778216431996453
-1.000105363896874
-1.731086150973037
-1.53804870969564
-1.207609975402316
-1.000105363896874
-1.000105363896874
-1.3297541771078114
-1.000105363896874
-1.4973367089695229
-1.3342798525907211
-1.000105363896874
-1.8707841307905637
-1.7446529655717695
-1.000105363896874
-1.880985043274758
-1.000105363896874
-1.635482187137991
-1.000105363896874
-1.000105363896874
-1.152487694013355
-1.000105363896874
-1.000105363896874
-1.0923111486428594
-0.5592370132848243
-1.000148478287893
-0.7505541489430909
-0.6991380974243482
-1.0005081787339618
-0.7700819016625315
-1.000105363896874
-3.293767986291793
-1.451624774338593
-2.968191113529694
-2.0397848570194794
-1.9862902381681762
-2.869332043668318
-1.5216391061916665
-1.0609177423056577
-0.740242113166313
-1.000105363896874
-2.188498599889992
-1.179822743815147
-1.000105363896874
-3.9995869001570936
-1.000105363896874
-1.1523454583868142
-1.5990466614737597
-1.000105363896874
-1.7993358798419434
-1.4138135965457463
-1.2691603272397556
-1.8707841307905637
-1.3471933251618209
-0.7075881071321346
-1.7101070498939164
-1.9569713074673656
-1.000105363896874
-1.0418424015626142
-1.000105363896874
-3.1098884404339016
-0.8488920756414258
-1.000105363896874
-2.609684997621936
-1.000105363896874
-1.7766482890256965
-1.4070254164097902
-1.420706766916548
-1.5651738019222092
-1.793940331297729
-1.1663890458581347
-1.8373095090612663
-1.3363144424539497
-1.000105363896874
-0.8401588233603787
-1.2111740083220566
-1.5707329035824769
-0.9187836056696979
-1.8756563095578356
-1.424664664784724
-2.3243887075505922
-1.1537061601009624
-1.5760037730864793
-2.968191113529694
-1.000105363896874
-2.045953638329517
-1.9578379990457604
-1.6162163131706064
-1.325573470692997
-1.000105363896874
-1.000105363896874
-1.000105363896874
-1.3221278753885413
-1.000105363896874
-1.2693343747478094
-2.054803976996875
-1.4592566041409283
-2.185173615904044
-1.000105363896874
-1.000105363896874
-1.4584543648579809
-1.0337345569002805
-1.1308637030847661
-1.9191100002760022
-2.7960488312992693
-1.000105363896874
-2.7960488312992693
-1.000105363896874
-1.000105363896874
-1.0085528215489843
-1.000105363896874
-1.4505839552460271
-1.9297720404965686
-1.000105363896874
-0.5281851067488885
-1.000105363896874
-1.000105363896874
-0.9998101378487361
-1.000105363896874
-1.000105363896874
-1.7044001505757462
-1.000105363896874
-1.000105363896874
-2.574013250107721
-1.4845304795074226
-1.000105363896874
-1.000105363896874
-1.4171051428229005
-1.445874334008944
-1.000105363896874
-2.207205405993302
-1.000105363896874
-1.000105363896874
-1.2196289683379247
-0.9998101378487361
-0.4497378752146899
-1.000105363896874
-1.000148478287893
-1.4628198922149478
-0.8282150514315942
-0.3492613884051492
-1.216723176931306
-1.9148434597368817
-1.000105363896874
-1.000105363896874
-1.000105363896874
-1.3323598545899058
-1.939475625395242
-2.214162315965747
0.49756891973914197
-1.4595769415658806
-2.036855214500089
-1.4346423214303554
-2.968191113529694
-1.6678199307733577
-1.6533712914101626
-2.3185560585374203
-1.5664544864221268
-1.519099596095752
-1.1781532198360152
-1.2310393250999665
-1.0000175496265156
-1.7402354898045145
-1.144622733864888
-1.385457356099077
-1.9939337745083447
-1.3418531567349659
-1.000105363896874
-1.2319585263895432
-1.724354246521524
-1.000105363896874
-1.9205422565957617
-1.000105363896874
-1.000105363896874
-1.000105363896874
-1.000105363896874
-1.000105363896874
-1.000105363896874
-0.9519879822162904
-1.5057299936783108
-1.2342337782182353
-1.4094417705397815
-1.2504560647429868
-1.2245835868508932
-1.2569948963888136
-1.2399055198483024
-1.3994252665599403
-1.206552948981705
-1.2165689601728458
-1.000105363896874
-1.000105363896874
-1.4290256241102055
-1.000105363896874
-1.000105363896874
-1.221459797445898
-0.8564072882182456
-0.5255530712909673
-1.000105363896874
-1.072318506410606
-2.1154580953852884
-1.3316854262931583
-1.1100246208493685
-1.000105363896874
-1.000105363896874
-1.0386826409434446
-1.000105363896874
-1.0527956868210806
-1.4992100205135683
-1.000105363896874
-1.6668721727966824
-1.000105363896874
-1.2113504556720427
-1.401851709770905
-2.66254359189828
-1.000105363896874
-1.000105363896874
-0.36036847017033846
-1.5171767706967598
-1.2257400438647847
-1.000105363896874
-1.000105363896874
-1.000105363896874
-1.2167946644326362
-1.000105363896874
-1.000105363896874
-1.000105363896874
-1.000105363896874
-1.3206831274537434
-1.4387293315382363
-1.000105363896874
-1.000105363896874
-1.3830442925211441
-1.440061677706221
-1.000105363896874
-1.7027993031848707
-2.049660218704086
-1.000105363896874
-1.000105363896874
-1.000105363896874
-1.000105363896874
-1.000105363896874
-1.1002229743434482
-0.54088520716203
-1.000105363896874
-1.264890114629135
-0.44687906521351817
-1.214966169005275
-2.191711892733717
-1.000105363896874
-1.000105363896874
-1.846863579586933
-1.6502056427137957
-1.0672263800547013
-1.000105363896874
-0.9998101378487361
-1.000105363896874
-1.5028188448501352
-1.000105363896874
-2.4690777724620245
-1.000105363896874
-1.000105363896874
-1.7813274990662462
-1.000105363896874
-0.7303546010241417
-2.968191113529694
-1.000105363896874
-1.4701705122557867
-1.000105363896874
-0.7400995511828468
-1.000105363896874
-1.000148478287893
-3.9995869001570936
-2.5722319535765434
-1.000105363896874
0.045263576380681236
-1.8113086668418346
-1.000105363896874
-1.42936771416971
-1.000105363896874
-1.8601816422608364
-1.20049639902697
-1.870784130790791
-1.000105363896874
-1.2041187620313663
-1.2186208543378667
-0.26454906646079746
-1.2411914926207244
-1.1091611590536372
-1.000105363896874
-1.312715302966363
-2.287490061264431
-1.000105363896874
-1.4808352198446597
-1.062514824630223
-1.436307080037376
-1.000105363896874
-1.225600932622707
-1.5192390202318604
-0.637082875893138
-1.000105363896874
-1.503299921553416
-1.0562456761000147
-0.3721859543255688
-1.000105363896874
-1.7306932540809425
-1.4990253547234955
-1.2854823757963159
-0.9102956263834399
-1.4374297894556447
-1.000105363896874
-1.000105363896874
-1.347332654010951
-1.000105363896874
-1.000105363896874
-1.5609793963871352
-1.000105363896874
-0.6632983061605939
-1.000105363896874
-1.3170477834770749
-0.8850372775957238
-1.000105363896874
-1.000105363896874
-1.000105363896874
-0.904656766981371
-1.6681908460880903
-0.7233196914101354
0.03373557117582937
-2.062601649136279
-1.0830975639633733
-1.9571524912825664
-1.000105363896874
-1.1404841700702475
-1.000105363896874
-1.000105363896874
-1.000105363896874
-1.000105363896874
-0.8312191594658414
-1.6312175134231337
-1.000105363896874
-2.2028605016166223
-1.000105363896874
-1.0294344185543407
-1.5667219876907081
-1.9275287910052539
-1.363173994269455
-1.000105363896874
-2.4041227681795574
-1.000105363896874
-1.9223635985862257
-1.000105363896874
-1.000105363896874
-1.000105363896874
-1.000105363896874
-1.000105363896874
-1.000105363896874
-1.1760836123010803
-0.8661164879621266
-1.000105363896874
-1.5000955140703622
-1.835893358232691
-1.7709890815457028
-1.3646956482764052
-2.8208516523293765
-1.3719441585080103
-1.000148478287893
-1.5309712574628902
-0.7325080320489787
-1.000105363896874
-1.000105363896874
-3.9995869001570936
-1.000105363896874
-2.2262852825421033
-1.100529033458808
-2.1891533173669258
-2.1337175800639256
-1.0836557372770796
-1.000105363896874
-0.7215455762270819
-1.1184014985942623
-0.9864878729159683
-1.044165474492412
-0.5540366765476774
-1.000105363896874
-1.000105363896874
-1.6813712276483797
-1.000105363896874
-1.5771086828745622
-2.6536656500653164
-1.717343673410137
-1.5471221128566226
-1.709138846889128
-1.3866794024783031
-1.0920199192470745
-1.000105363896874
-1.000105363896874
-1.8410265924367009
-1.000105363896874
-0.3771315178614385
-1.000105363896874
-1.4912403469724564
-1.000105363896874
-1.000105363896874
-1.000105363896874
-1.000105363896874
-1.000105363896874
-1.2624018449897063
-1.000105363896874
-1.1758247167452636
-0.9559294530490474
-1.4785527845610558
-0.7769394968555998
-1.3817265897994515
-1.1599637624778394
-1.000105363896874
-1.6349642351018145
-1.000105363896874
-1.000105363896874
-1.22424966271286
-1.3384854197663953
-1.3836890543270455
-0.8514629058812018
-1.4298305596110437
-1.0757474361428434
-0.9424050054624145
-1.000105363896874
-1.178917613229781
-0.8418946239964198
-1.3297799620267154
-1.7755759353129674
-1.000105363896874
-1.9578025024764072
-1.000105363896874
-1.3059330974080394
-1.1193396034661118
-1.000105363896874
-1.000105363896874
-2.3390579433219
-1.4162517279998594
-1.000105363896874
-1.2705137501103918
-1.000105363896874
-1.6614170970331044
-0.624091225814392
-0.8119366029545985
-0.02241394903334548
-2.968191113529694
-1.870784130790791
-0.8165344555695055
-1.4587117206177096
-1.000105363896874
-1.4705096552374028
-1.000105363896874
-1.000105363896874
-1.2871314446733733
-1.000105363896874
-0.9016655539762111
-1.000105363896874
-1.000105363896874
-0.7931823804872193
-1.000105363896874
-2.1249988258630834
-2.0329982908841613
-2.968191113529694
-1.000105363896874
-1.000105363896874
-3.205563344901857
-1.0170656491954118
-1.0775532162078987
-1.000105363896874
-1.000105363896874
-2.558593195045897
-1.3502092868450388
-1.2960424836124202
-0.4635179322391805
-3.9995869001570936
-0.7207280993690359
-1.000105363896874
-0.6701331107787736
-0.9998101378487361
-1.000105363896874
-1.000105363896874
-1.000105363896874
-1.000105363896874
-1.000105363896874
-1.000105363896874
-3.9995869001570936
-1.000105363896874
-1.1834985595494443
-1.7663494790980918
-1.5015360886344906
-1.5673500268607752
-1.670136839763809
-2.3238238566366745
-1.3677424625575254
-0.873225908683291
-2.5834410431312973
-1.3852559528738153
-1.000105363896874
-1.1974974872698807
-1.5613281165284674
-1.9072596299591664
-1.6126758291655205
-1.000105363896874
-1.000105363896874
-1.000105363896874
-1.000105363896874
