-1.0013561040062355
-1.0478822244509263
-1.1024347460733985
-1.091400020303196
-1.0877929231090673
-0.9934238855427118
-1.0312025402277436
-0.947815427225889
-0.9626066672603509
-0.9945233116270578
-0.9897603205519084
-0.9628803469119507
-0.9672927626530976
-1.0738445826488199
-0.9951132437240502
-1.0743759202644474
-1.0730784850266588
-0.9457047650730299
-1.000896965622098
-1.1041896116273815
-1.0447293858917135
-0.9894075683640278
-0.9630161443727087
-0.9336019017581371
-1.112172565289769
-1.115416556220722
-1.051368370271256
-1.1028195177029876
-0.9937899949063596
-1.091492882873659
-0.9650700993539809
-0.9909723646590675
-1.0533044945256176
-0.9487366633652673
-0.9606481554625826
-1.033838788741234
-0.9706561353817799
-1.062135454367782
-1.0011569392058044
-1.025094603718481
-1.176554611760758
-0.9804372601687358
-0.97433738711119
-1.0270714265842114
-0.9438833834499748
-1.0339866270073244
-1.043131102378974
-0.9969479619793622
-1.144426486998969
-1.0680233284587817
-1.1433715026043652
-0.9231889858915394
-0.9451737212053313
-1.0772662816851288
-1.0074887797522398
-1.0495330752761658
-0.9865184833193171
-1.0627300645926379
-1.0651586959895534
-1.0782914680978468
-0.9996654329500981
-1.0501481168471172
-0.9820551301884546
-1.0949913237159086
-1.025792923277486
-1.0921179199058677
-1.1156609030347093
-0.9651380266613504
-1.1441827995162832
-0.9787228501590464
-0.9850657042666031
-0.9007299045848036
-0.9687705229502436
-1.0464893231395518
-1.0574058310348864
-1.0464263021123894
-0.9927907217816292
-1.073916061922854
-1.0958782930313615
-1.0871460967478779
-1.0618547191900325
-1.0933667802808364
-1.0909344974225816
-1.102370915393709
-0.8624369230563478
-0.9269810454044399
-1.0593196605763264
-0.9649124784675424
-1.039454598466278
-0.8983390010693993
-0.9890907848910866
-0.9971752305282325
-1.1013408152603135
-1.0034024582567067
-0.9633264276445117
-1.0834806332830218
-1.107350944594799
-1.0730343202358743
-1.0808711822837218
-1.010427741654884
-1.0642301516627204
-0.9552314496128669
-1.0470413306624762
-1.0001650883558657
-1.0001650883558657
-0.9763175533370996
-1.0001650883558657
-1.0892509458223434
-0.9976601661387592
-1.03522629874054
-1.004321816113551
-0.7331352358356604
-1.0315686782601796
-1.0370351301002838
-1.0673517072080192
-1.063606990008245
-1.0993579583118915
-1.0831057399455026
-1.1074773000351383
-1.0813368601216506
-1.0543499514572772
-0.9104109720917392
-0.9836179315624628
-1.0235240413000697
-1.0230127527897204
-1.0656161267137625
-1.1025040081113562
-1.0404785187968926
-1.024542490286835
-1.0086783950134541
-1.008326072862701
-1.0392626629141861
-0.9570247560459462
-1.0517887933421857
-0.9544855729618171
-1.060201628358739
-1.03421662605854
-1.038187826231951
-1.0402010905305945
-1.0490392146752532
-1.0241592670423167
-1.0138208113963172
-1.0653324501538346
-0.9992886588818282
-1.0699599036393916
-1.070156298070624
-1.0565971428835816
-1.0835472440681864
-1.0578103586983407
-1.023343311784225
-0.9961229928372339
-1.0163234500451173
-0.992492460872235
-1.0841345236862443
-1.0268451078199865
-1.0113287382008136
-0.9300762456754441
-1.0363920100512116
-1.0286846788306803
-1.0378467922479528
-0.6460033755596984
-0.8872528679202194
-0.9948068849332677
-1.028915307655493
-1.0286062637099944
-1.0195308181850093
-0.9760114750307243
-1.0386661159758261
-0.9955232583344744
-1.091158287811366
-1.0601461241835635
-1.0679408240240356
-1.0181269266944688
-1.0855830905802026
-1.0515321147737513
-1.036093538737779
-1.0641262827007847
-1.017199064826017
-1.0070770288007838
-0.937619398034205
-1.000289373505195
-1.0262294126292122
-1.0982112296877748
-0.9600334932404591
-0.9727881117654564
-1.0813012553268755
-0.8500000758134811
-1.0828463960819703
-0.996141734127689
-0.8377923303966958
-1.0584639613747153
-0.9825848409432841
-0.9480413142071678
-1.001606757845379
-1.0393410826585814
-1.0409538473127973
-1.0205495299488163
-0.9997908027684547
-1.0001650883558657
-0.9532733021208335
-1.0407633920233608
-1.0594418023222445
-0.9869735938456773
-0.8620822206978758
-1.0610958799365842
-0.9221575627062727
-1.0028743277753362
-0.9301477431361885
-1.0596846695476192
-0.9482848241989096
-1.0376697225715117
-1.013410302828809
-1.0351580058394032
-1.0356736936850752
-1.007643830085481
-0.9979501637342705
-0.9549957804013345
-1.0536360931466318
-1.0091273197539636
-1.0285768139192288
-1.064146160713894
-1.033615722846237
-0.9593754490131645
-1.0001650883558657
-1.0550522892158454
-1.0711502127626726
-1.0012386521225904
-1.0832819343812938
-1.0893132012184015
-1.009969040743619
-0.9413669370862188
-1.0189318764491098
-1.0688621603781712
-1.0955498212874657
-1.0231662044864522
-0.9837989987251954
-1.0480388312628028
-1.025294811826669
-1.0264213701104472
-1.0802478049576838
-1.122141435821422
-1.02123442963628
-1.0199028902302032
-0.9475231701964094
-1.0548261385882671
-1.0754219996185257
-0.9868228991577538
-1.0564758963974905
-1.0083568445668958
-1.0001650883558657
-1.0704764705962204
-1.0314914077903439
-1.0178951287601512
-1.0168951917929014
-1.061379561018716
-1.041555294640213
-0.9734455890271878
-0.9671821838549968
-0.862614440122115
-1.0470650295263741
-1.0890868665042293
-0.9787076719718701
-0.9898418631926944
-0.9828939769721805
-1.090525535505784
-0.9669744661409767
-1.0330123852954305
-1.101576896914772
-1.0068488643709284
-1.0411121074825844
-1.0324901322678497
-1.0433967630310814
-1.0115893471196242
-0.9513334279034392
-1.0217502287101672
-0.9678097871458943
-0.9510798635448754
-1.0001650883558657
-1.0387709223977173
-0.9490656851559205
-0.98448038007295
-1.0416180209353185
-0.9131101807878884
-1.0189876646435727
-0.9520382596654287
-1.018546714962222
-0.8881634056597492
-1.0294786340659667
-0.9759252034794842
-1.0557230158928974
-1.0775041980768325
-1.0163220401987494
-0.9673953760201035
-1.0001650883558657
-1.0628118388275696
-0.9486166165790393
-1.0403920953219727
-1.0344360524739316
-1.0041770062023812
-1.0654330391074958
-1.0107070094668744
-1.0148988081098773
-0.9420491756203367
-1.0774498105400232
-1.045982170928814
-1.0164678770365587
-1.0680998372640398
-1.0731151701772719
-0.9392736590317409
-1.0020788469309907
-1.0416180209353185
-1.0589175370847834
-1.0684334368574038
-0.9151140293756583
-0.9872974454368293
-0.9553146356105582
-1.0651217853441108
-1.0179448551304593
-1.0747570171589782
-0.9915714326177246
-0.9230419631957203
-0.9452598807217589
-1.1195731291493052
-0.8709339404568623
-1.0087151277182147
-0.9647535183086395
-1.0276100924610998
-0.9858801835689412
-1.066810604755791
-1.0204174900178822
-1.0246407898945433
-1.0623903128778707
-0.9825260900123147
-0.9125284832587367
-1.0519034565659249
-1.0093007791655066
-0.9433290610891503
-1.1541985937482213
-0.9125224418157504
-1.0149418530770187
-0.9252279151753335
-1.0356950988307099
-1.0341688979964543
-0.9827965749021389
-1.0101621225661506
-1.010291656060021
-0.9747268898995707
-1.0413466151674269
-0.9299836542142581
-0.9227102078071758
-0.9701466717646908
-1.0480818645679202
-1.0563784731166164
-0.9367745043489037
-0.9087176873374774
-1.0688509396302046
-1.0839065539182777
-1.0652965905807097
-1.068794602703798
-1.1167703076896296
-1.0001650883558657
-0.9962899154336093
-0.9784435382153045
-0.9963243409762438
-0.9707043360074397
-1.0366727718615132
-0.9932192279202744
-1.0677218071348957
-1.0293483963690016
-0.7568859331030102
-1.0250854225623431
-1.018900428873206
-0.9801566365335991
-1.064901335259947
-1.016703124409973
-0.9757704282229991
-0.9306279042496208
-1.0001650883558657
-1.0326678676735326
-0.9906826353835748
-1.08768732481039
-0.9109551254065271
-0.9920189259673599
-1.0001650883558657
-1.056892277596377
-1.0524333803040622
-1.0355416580246277
-0.9789037645321594
-0.8846184199406825
-1.067077751346907
-1.0324854961767425
-1.0654506789048996
-1.036383526936623
-1.0102004382647913
-1.082401890587875
-1.012025874171298
-0.9472737123729532
-0.9909221134455286
-1.0274813315812195
-1.023880288694448
-1.0424111779347525
-1.0060098372546133
-1.0592058043287134
-1.1471945357729652
-1.064456957576466
-1.058527533641326
-1.120262976831286
-0.8696894075072821
-0.984943762068503
-0.9425237487881264
-0.9974709450501192
-1.0577235221677752
-0.9858403980025361
-1.066111145947282
-1.001246810324289
-1.0172256303884404
-1.0402320032899144
-1.0494446435458002
-0.9342897396752775
-0.8973466387497965
-1.0325861296323096
-0.9101222694290692
-1.0587993992018705
-1.025792923277486
-1.057986293421746
-1.057834117230155
-1.0469842885088478
-1.07411832313762
-1.0475126943286
-1.0581000703824295
-1.084948351853764
-1.06347185162672
-1.0051447772191648
-0.9698165377809754
-1.017146401993875
-1.0009121250218933
-1.050465199685881
-1.050876951995686
-1.0642505020149493
-1.0888815463347172
-0.9567958623767288
-1.0843357733893477
-1.061096733465683
-1.0150822654238332
-1.0620939809640226
-0.9922959467588096
-1.0126638365075504
-0.9287144386264501
-1.0821604468506025
-1.0051717432547713
-1.0432338312812286
-1.1146554426114008
-1.0467192921938364
-0.9700125198249091
-1.0001650883558657
-1.000749982887426
-1.060928756505019
-1.0596056646148295
-1.0574452798466174
-1.019671860573857
-1.1112369025950903
-1.06259693643389
-0.9004124209042944
-0.9473806228772477
-0.8775347814994043
-1.1267727299103765
-1.102425814712318
-1.0260152437908483
-0.9835593660310704
-1.1663048504725062
-1.05419906858483
-1.0863558579662507
-1.087645212211918
-0.9515854680128991
-1.107195405905046
-1.0755720180789703
-0.9613723075286034
-1.1057960807816118
-1.0097234825023542
-1.0512542240335037
-0.9135893382661455
-1.1077592644348024
-1.0416180209353185
-1.0520191863149957
-1.0099677111680871
-1.0506294008683281
-0.9310081139547861
-1.0664651172640027
-1.062145903385373
-1.0951189355296034
-1.061621724650043
-1.0872578896336795
-0.9297262739486151
-0.9349711325731087
-1.060510679195604
-0.979630025100625
-1.10922394799303
-1.0786806350062186
-1.0675781493327343
-1.0154272061507044
-1.0005655561406317
-1.05489037296763
-1.0577053609909142
-1.089869667504151
-1.0177712944141597
-1.0242592714512881
-0.9497820891855471
-1.0461409066262823
-0.9210197493476842
-1.0279645742831915
-1.0361343066092448
-1.0714561660942947
-1.0006870623956763
-0.9959322708207927
-0.9652496666856165
-1.0152621522480936
-1.0377320514719983
-0.9707106552445842
-1.0739204890771394
-0.9804642183894434
-1.0149095294279895
-1.0038683860145403
-0.9990148213808419
-1.063582763685801
-1.0001650883558657
-1.0066040332877164
-1.0001650883558657
-1.0001650883558657
-1.0873290652946648
-0.963796629715091
-1.0669196093889952
-1.0804144532486677
-1.008662504449306
-1.1245685119777122
-1.0674810430931265
-1.0653826127206998
-1.0014770899103613
-1.0001650883558657
-1.0225358877152009
-1.1323538327401532
-0.8741686105635424
-0.8170049869761373
-1.0862758544197795
-1.0416180209353185
-1.0644391538232931
-1.0166964116294255
-1.0001650883558657
-1.0211665334867863
-0.992318568062936
-1.0257059285414827
-1.0958206577450018
-1.055084934273962
-1.0001650883558657
-1.0047309192057865
-1.0344353616180115
-1.0699018187265126
-0.9702535824824013
-1.0652868453630218
-0.9193697561194147
-0.9839025816478958
-0.8381755029930281
-1.0492933073040183
-1.0943091557995457
-0.9531727221398225
-0.9950641595858354
-1.1133333171460127
-0.9103503702939275
-1.023429212035039
-1.0009900280055026
-1.007997635618719
-1.0846438745882363
-0.9342379326385634
-1.043177580856256
-1.0495634351140242
-0.9913435371457427
-1.0537229675912603
-1.0452937047970743
-1.0001650883558657
-1.0246096756665795
-0.9814100020631367
-1.0804747308578082
-1.0520714762100494
-1.0001650883558657
-1.0693241160773512
-0.9620050621842715
-1.0001650883558657
-0.8652172958337396
-1.065179279615074
-1.0039066687636677
-1.0780708088698052
-1.0629710821665472
-0.919476004951905
-1.0930110769901897
-1.1143984959233855
-0.9123375953916085
-1.049270234534394
-1.0182514406923617
-0.9557749912907948
-0.8481032212728417
-0.8267292803966633
-0.9084437617928589
-1.0641814291348866
-0.9460129964466575
-1.0368589274775746
-0.9740323803735773
-1.0834602058107285
-0.9699679538352439
-1.0006593060138178
-1.02387553940529
-1.0345758403010636
-0.9942486240412186
-0.9702506358195441
-1.0932253364490254
-0.939455953707421
-1.004415260257456
-0.9693159238756006
-1.0645750427751177
-1.049152365110363
-1.0627270078731925
-1.0204012638124726
-0.9837223655874715
-1.0614941021577045
-1.0404392364096196
-1.0512796434606249
-1.0091492945396905
-1.0811284502661909
-1.0319725208769361
-1.0081726755919815
-0.9974496167418696
-1.0908945782139947
-0.9801822731664547
-1.0846590984321858
-1.083951278851831
-1.05616455688633
-1.0204401988446299
-1.071573469174316
-0.968654946643409
-1.0008072176564173
-1.0494819426076576
-0.9957308372043967
-1.0474734058078496
-1.051729963719475
-0.7993945991141884
-1.015526064239478
-1.0388797075859004
-0.9667470640111635
-0.9833869312437731
-0.9385745770821329
-1.0093296677967474
-1.0333816332531842
-0.9611331507018015
-0.9643252062394543
-1.0203341745208994
-1.0178460791330537
-1.0157388198189201
-1.0500630695958233
-0.98362756381921
-1.0598739334539058
-1.014703730823732
-0.8387649978537566
-1.0707673488713354
-0.9048135694186537
-1.0075338606071536
-1.0049979315638475
-1.0527255204228703
-0.9878135701800391
-1.0568148480371322
-0.9479949728619087
-1.047832805733752
-1.0235651591176973
-1.0792901812462674
-1.06358007682203
-0.8710800084829661
-1.0299822687590394
-1.0120810095064716
-1.0337305852367393
-1.018681955199269
-0.9538976543186628
-1.0291480652763212
-1.0484764565332303
-0.9291675880397263
-1.0352915779275724
-1.0497664776574847
-1.1162472680938589
-1.0833676376251218
-1.0050455267128224
-1.0756076646317718
-1.05673733585808
-1.0516435660989338
-1.0001650883558657
-1.1169442422172313
-1.0385291160892924
-1.0036562628329369
-1.0141826307137785
-1.117857334782627
-1.03311354728268
-1.084892960497716
-1.030222664887512
-1.0210930360455603
-1.0122095803089208
-0.980845423828371
-1.0207012413118783
-1.0521856459631842
-1.1069815460941645
-1.0391751870411072
-1.0968154260393166
-0.9836225409831779
-1.086113355061715
-0.9409073810919268
-0.987014594778033
-1.0212826679530265
-1.0027856704522113
-1.0832680720489678
-1.0351263115944773
-1.010638511299652
-0.9636325185710662
-0.9497766119901166
-1.0416180209353185
-1.0613244892377214
-0.9335999355980655
-1.0974512487945607
-1.0066799343036081
-0.9943546162416202
-1.0461460728445264
-0.951608499828258
-1.0579123851785819
-1.0538672935101427
-0.9475614226251823
-1.0119433087042267
-1.0557220502300573
-1.1216996041841083
-1.0190524785207713
-1.033604686631667
-1.0077058205215317
-0.9015172311240063
-0.9865417217419404
-1.0301509704291278
-0.9011558199332173
-1.0416180209353185
-0.9250577724891428
-0.9937645894627818
-1.0264956472287412
-0.9489585256383692
-0.9415329700404202
-1.0640927058892842
-1.121944782577671
-1.067538686743591
-1.0994361812852458
-1.1655651037177464
-1.0447999205861491
-0.963565430802708
-1.0348460493880318
-1.115127552267707
-0.9423163829426079
-0.9946003772418573
-0.9984189709291081
-1.0553074878148556
-1.0700931224838257
-1.0300316173754052
-0.9913788548529054
-1.0086330847976708
-1.0378894061748687
-1.0192538505179496
-1.0001650883558657
-1.0001650883558657
-1.0416180209353185
-0.976204061614329
-1.0151040205510715
-0.9516037254431577
-1.0373782892023047
-1.084978504126735
-1.0172763228521555
-0.9779291991360433
-1.09415725147087
-0.9827465844959968
-1.1018457499124636
-0.9869723735066975
-1.085218454382765
-1.0530723696490032
-0.9622630454590816
-1.0001650883558657
-1.066259650579486
-1.0065193889393025
-1.1056122226296905
-1.06821850644165
-0.9893758046859088
-0.9691722961213736
-0.9720106460467561
-1.0839096451509476
-1.0332030103106709
-0.9053048278655058
-1.0658758872496428
-1.034801519453965
-0.9355505512617556
-0.9849226801937622
-0.7787235940001965
-1.0336315697348977
-1.0041395779726026
-1.0465279551147957
-1.029350848929709
-0.981657706505936
-0.9477823835835862
-1.0761846186124548
-1.01757868034719
-1.0416180209353185
-1.0474573465477628
-1.0811696660063639
-1.0001650883558657
-1.0058547937338622
-0.9013782381804459
-0.9956971169571648
-0.8408908554670399
-1.0187271734229768
-1.0405450196631634
-1.0193885256474888
-1.0483912549242294
-1.0230084495927103
-1.012885041825953
-0.9995496635776934
-1.0475410332770592
-1.0001650883558657
-1.029898233605399
-0.9169080322459451
-0.8732576704657611
-1.0183470848263958
-0.9903639465209421
-0.9223705398468499
-1.0204099130212292
-1.052977628195787
-1.037368260757077
-0.949537693561743
-1.1015838408615677
-1.0067750160725244
-1.0183059960344472
-1.0001650883558657
-1.0272307120468134
-0.9898915019105045
-0.9611643241861696
-0.9910543007557393
-0.9930770786185648
-1.0157800009720968
-1.059269699339299
-1.0314294460214297
-1.091758495774858
-1.1724806462853015
-1.0631097655526034
-1.0438222856658745
-1.0833466278506692
-1.0538725448374324
-0.964411244971338
-0.8404648562146457
-0.798621641478366
-1.1128636021131952
-0.9975350485623458
-0.9424310035603329
-0.9813041097601509
-1.0692133134293382
-1.1019721202625261
-0.9802338516966673
-1.0059749402614218
-1.0028828653670552
-0.9621991422401719
-0.951832844069837
-1.0715534537164966
-0.8660928218277404
-0.9520661990480375
-0.9472086818878754
-1.0490522397146949
-1.0350436059861265
-1.0496594627422566
-1.035224275942511
-1.0375000340988734
-1.0270039876898918
-1.048379490546244
-1.0557015527140652
-1.0546484676923693
-1.0549388889733506
-0.9632759238891172
-1.0128414837239692
-1.0306726602752438
-1.0279666330162056
-1.021613582014405
-1.0090466508427323
-1.000075364113504
-1.0295724756080777
-1.082610833076255
-0.9747766077515596
-1.0318530542757536
-1.0817137913905164
-1.0315034351416843
-1.1413198515112535
-1.0473633177118742
-1.0051318271801277
-1.0507963732720136
-1.0288791822588097
-0.9334472892641071
-0.9141832101432424
-1.058403394967248
-0.9745133530702822
-0.9437669176917147
-0.8937108483427472
-0.9550292161844605
-1.0001650883558657
-1.0255138301312268
-1.0416180209353185
-0.8840354468379051
-0.9843458023882793
-0.96413067512457
-0.8330126409641244
-1.048430948436764
-1.024380923844221
-0.9933611658943367
-0.9685134358027894
-1.031802499730691
-0.9731501111810346
-1.0593587838515466
-1.0248972262875675
-1.04925351288367
-1.108677986174849
-0.9092611356512644
-1.0109947421321892
-0.8245961166274696
-0.9710925207587622
-1.0461054029760604
-1.0446781918046635
-1.0070702863224497
-1.0344853956783202
-1.0281061816438137
-1.0329459739775309
-1.0614193598298163
-1.0618495511227026
-1.0410074881880236
-0.9539511666534581
-1.0620810362114588
-1.0083580998968353
-1.0653826397921635
-0.9451601317556735
-0.8203074174338966
-1.0262842467990037
-0.9434432817914556
-1.0463763953204017
-0.9944475694028361
-0.9777141954838706
-0.9989142486761439
-1.0001688171629284
-0.9350826767711485
-1.0638423428007515
-0.9818679340431036
-0.8875518237199689
-1.0298759839292386
-1.0324470874741813
-0.9989778833743646
-1.036520240825883
-1.0402132586727566
-1.0453547583878446
-0.9604941423613227
-0.9891079483575975
-1.0104416643264438
-1.0256293762008262
-1.0826201637591277
-1.0884653405326734
-1.106802059947007
-1.0936481267092342
-1.0277420116128797
-1.0030953155125442
-1.0549954780683524
-1.0818846822328179
-1.054913393948675
-1.0449297903479218
-1.0291727751258277
-1.0397337484338547
-0.9746935939861092
-1.1049720218734902
-1.0074711501849927
-1.032261297708198
-0.9410430123520457
-1.0530351606149562
-1.0171123018825827
-0.9436738426088178
-1.0510743591353293
-1.0804193521246475
-0.9544606989246226
-1.0556974433508222
-1.0305803480426114
-1.0016501880347115
-1.1121830079514483
-0.9885654345976065
-1.0312403918159405
-0.9618622862927442
-1.056444873109667
-0.9397759949780791
-1.0808893693126194
-1.0258144180233137
-1.0259127031854227
-0.9974845801936393
-1.0220155272656661
-1.0001650883558657
-0.9864206232103815
-1.0252593260558547
-0.9361920592503481
-1.0028162666441773
-1.0658931287410924
-0.8902226651461749
-1.0628824084066288
-1.0210754475033377
-1.0229095270059254
-1.01509403779457
-1.0235223824901067
-1.047604503597152
-0.9711276540100071
-0.9204988837257629
-0.9888114802528485
-0.9940271431622024
-1.0061168805385052
-0.9383312638392475
-0.9757493270461266
-0.9682505775774766
-0.9871816175247051
-1.0377167182251437
-1.0795561700597498
-1.0776363218124887
-1.0016637948987968
-1.0246638407807935
-1.0731837612076143
-1.0387482362744904
-0.9879232414012955
-0.9644135981640733
-0.8943319715022062
-1.0763953809320066
-1.065458008661336
-1.028311224411732
-1.0391565073601667
-0.9709443347900474
-1.0697534854993773
-1.0060418756679947
-1.0830168092505725
-1.0137732085367883
-1.0555770475720823
-1.0159059519229436
-1.1264650173552793
-1.0462661917525737
-1.0537920013115278
-1.007898426845273
-0.8334402899494204
-1.0210966231001977
-0.9335269186228636
-0.9862447870165858
-1.0277506853961909
-0.9831640156509975
-0.9531319755078931
-1.015133090767103
-0.8996719455680028
-0.9913720256669256
-0.9602085677472831
-1.0244708331670163
-1.072791801505233
-1.056166756741332
-0.8769807876807447
-1.0153905756152057
-1.076704845336941
-1.0186628284510735
-0.9969394661587654
-1.0106204202843043
-0.9375784701634846
-1.0753196769949322
-1.0197826319868797
-0.955789485348008
-0.9996501686601901
-1.0190491525962488
-0.944736397839236
-1.1283286862294246
-1.0627898501120774
-0.9530325476177012
-0.9896488711131618
-1.0049637222007977
-1.0176668349157507
-1.1200986804316435
-1.0433696014999962
-0.9803580503669155
-0.9998788827498803
-1.02459588261035
-1.001606757845379
-1.0693465515416403
-0.8834323189594722
-1.1369321557931142
-1.0125248808427665
-1.0557044195790646
-1.0109449393825778
-1.0100571415530495
-1.102295814603325
-1.0077986311143174
-1.001235311151018
-1.0599878010005184
-1.0582505650522651
-1.0354681663826777
-1.0365022348992812
-0.9625642062618988
-1.0395760879257685
-0.9842257545489551
-1.000129322616936
-0.9489831084846048
-1.0947621034048742
-1.0556010784788505
-1.0850267143004475
-1.030632957157426
-0.9802540308541864
-1.0439017965979762
-1.0495012480742676
-0.974657209555008
-1.092561356946145
-1.0540087421248114
-1.0245556145600505
-0.9748488646165008
-1.0118096025249985
-0.9955846632053271
-1.0417002109568718
-0.979661742869121
-1.017016558790721
-1.059252592799285
-1.0811548802634219
-1.0679703675573542
-1.0301866828561441
-1.0786487677297267
-1.0311312339862713
-1.0014350084409576
-0.925910898698187
-1.1045109128586121
-1.0836301300635511
-0.9813705651809819
-1.0519325244190127
-1.0109577325275336
-0.9613934020283932
-1.0556468585297594
-1.0506549434780355
-1.0857528573025048
-0.9876985116537171
-1.0651396865455234
-1.0798569184784805
-1.0753643990393302
-1.0920330213931109
-1.002236470272376
-1.0001650883558657
-1.0119373814171808
-1.07003186781809
-1.0556589747319394
-1.07588541097682
-1.0213828215830933
-1.0242367047323697
-1.0450873135016678
-0.9856536771317967
-1.0479372180406408
-0.9974470051047275
-1.0136669080017615
-1.059681584609784
-0.982897800395335
-0.9271795987299277
-1.0046793262314895
-1.0001650883558657
-1.0001650883558657
-1.0493254077179857
-1.0330647200299334
-1.02404191382298
-1.011276911843135
-1.0563915476151082
-0.9161983617790975
-1.070229112488072
-1.0542547946884002
-1.016240265258315
-0.9669987020726771
-0.9807533612341545
-0.8927281956352149
-1.0189167189953656
-0.8896759729432394
-1.0001650883558657
-1.0458781293760684
-1.0288443305541313
-1.0820331299427708
-1.0018904860697164
-0.9224590358855179
-1.0226147886418397
-0.977736571099787
-0.9323262714098395
-0.9842091934648247
-1.0159314382020195
-0.8340068255394747
-1.0852008851207056
-1.0962665102782954
-1.0338515491044715
-0.9354115710248208
-1.1189181211695107
-1.0252920861568053
-1.1002447238383808
-1.0394031103202461
-0.9867078658373117
-0.9902815415594568
-1.0483656823871164
-1.0001384797530273
-1.0193849671728166
-1.0744454723404135
-1.063429866794638
-0.9648175254991691
-1.0001650883558657
-1.0339053533173563
-0.9014533661761078
-0.999148595933757
-0.9758172984587838
-1.1076657844170823
-1.0451388915308502
-1.0335765041070024
-1.0415675968584601
-1.0270117790438773
-1.0268447627308688
-0.9747772083438921
-1.0188471958098853
-1.0248255301245013
-1.1264429920968504
-1.0094394552752721
-0.9739727813773422
-1.0444320407962822
-1.095066992055311
-1.053781743535105
-1.0841540661443607
-1.0489016855601239
-1.039017150468359
-1.0169180696375828
-1.0337852281423776
-1.0414981054443384
-1.0969216461080875
-1.0322653670278665
-1.039629804936639
-1.0932143697891872
-1.08365109318862
-0.9298957988395166
-0.9509803717716557
-1.0201954510481346
-1.0819619368503401
-1.035043769773906
-1.039468987155
-0.9255805322402944
-1.0459014831046125
-0.895484673365786
-0.9164611966393308
-1.036198861625262
-1.0028167010359663
-1.0130315769639302
-1.0648635376101225
-1.0507508808954393
-1.1478135551660111
-1.0047056704484216
-0.8799971575878894
-1.0067318146258961
-1.0555514430678912
-1.0545871049713322
-1.1098178323548273
-1.025643247777308
-0.9818554461915907
-1.0028161322314486
-0.9927894463525164
-1.083729176282986
-1.014120389105691
-1.078678522121828
-1.0766928523551487
-0.9422112921123631
-0.87926689768473
-1.004291977515844
-0.9766612787956096
-1.0241430020336835
-1.0605370564332168
-1.0258556720775274
-1.103227018532516
-0.9803895746876918
-1.0265675768340237
-0.9823498317586826
-0.9364084349881148
-0.9707190465675223
-1.0354313895953984
-0.9434842008286575
-1.0077036452906931
-1.0635483829728847
-1.0512887159939965
-1.024928686613234
-0.993106286447184
-1.0053861914842828
-1.0566153370172129
-0.9993895157905145
-0.9650783601856039
-1.1569354200141593
-1.0584254724740563
-0.9804790178247007
-1.1089186104048538
-1.0417045395084732
-0.8865950183402027
-1.0531362342036579
-1.0779964537405007
-1.0180139653664697
-1.0538639592741286
-0.9840433969114811
-0.9235388295641029
-1.0590385389331196
-1.099555801645245
-1.0384570125070058
-0.8611041330154859
-1.0297915188458653
-0.9653184377253504
-0.9531717230309011
-1.0879125545569739
-1.1659868994316807
-1.0829538895679816
-1.0657043694621848
-1.0747555696506228
-1.0510843283854505
-1.0693060285381373
-1.0514066902564463
-0.9806458804190581
-1.0001650883558657
-1.0698730255789
-1.0079867424266682
-1.023651725169168
-1.006376995862123
-1.150113973305158
-1.0369077239126092
-1.0389122818094982
-1.014649778976119
-1.0394230895317043
-1.0001650883558657
-1.0037919178472352
-0.9241252133941247
-1.0973801619188734
-1.0383274364455124
-1.0914498058996775
-1.0715398300346703
-1.0675415712256773
-0.9333507362427492
-1.0642736823091914
-1.00843392144022
-0.9891641757480939
-0.9789916782812913
-0.8275774529749649
-1.0642043113777935
-1.0054039789073606
-1.0785074785726714
-1.063259229263379
-1.0797795599642455
-1.0323572098050435
-0.9972379897872663
-0.9053764464975536
-1.0078926710239668
-1.0858588980262025
-1.042690246826774
-1.0726766853097918
-1.0587429023196215
-1.0198351937084842
-1.0317767812230954
-1.0093638906636233
-1.030500777537911
-1.0119290851483373
-0.974883284732673
-0.8826582277405218
-0.9990560074443244
-1.0032043716676677
-1.1143789707329936
-1.1099180312084296
-1.070963473568994
-1.0033111188464545
-0.9981699837777513
-1.0059255241567644
-1.0409256210475526
-1.0975820757889307
-0.9826333268645266
-1.0633419947247278
-1.053640660679231
-1.0023183688938666
-0.9956360592274685
-1.041568226389187
-1.0488580497000723
-1.0158119873878508
-1.0072598082317448
-1.0747317295356091
-1.0876972694796219
-1.0215689064301
-1.0227361142822597
-0.9604213432022486
-0.9778011794093362
-1.1053279088810761
-1.0127994590397962
-0.9904500211807463
-0.9520911898854865
-1.001261506316599
-1.0774029119716515
-0.955004799423543
-1.0528066724460985
-1.0564182611273312
-1.1265146889825206
-0.982532858662722
-1.0146784167099434
-1.076621961274267
-0.987214142926201
-1.0682862603257044
-0.9876987404523846
-1.053020213994724
-1.0628609991751272
-1.0594001942717717
-0.9800537169819167
-1.0362393178134477
-1.0736792969473576
-1.0204235070574632
-0.9263734191138804
-1.0707743635320073
-0.9768430868651524
-1.0129370201065142
-1.0820437372963438
-1.0282886072176927
-1.0466804799604164
-1.0085452619132511
-1.053690005757273
-1.096107835171143
-1.0825169532759709
-1.117862288127279
-1.0191588586807419
-1.0466649358135873
-1.027907356139441
-0.9115928188841914
-1.062477346800692
-0.9317929685990595
-1.041398525520552
-0.9658079601152341
-1.009836270433417
-1.103511398836136
-1.1871692899598567
-0.9558239842236633
-1.0001650883558657
-1.0001650883558657
-1.025106644029213
-1.0194919134654465
-0.9565226920626069
-1.0319037728671525
-1.0772501931660006
-1.0473066086193374
-0.992959090435997
-1.0887483953691477
-1.0315470816133885
-1.0234088569127917
-1.0744134772908491
-0.9647065419166733
-1.075714051386165
-1.0730083062993085
-1.0821141020462484
-1.041894735719908
-1.0624714449347108
-1.054030807420208
-1.0061342165907894
-1.012560321749266
-1.0001650883558657
-1.0893985673485829
-1.0697139409605507
-1.0001650883558657
-0.9927262528393153
-1.1041862458773568
-1.0438725752503173
-1.0061018106953803
-0.9948543514118864
-1.0964878995525273
-1.0723462989890984
-1.037786268236018
-0.9973893587304962
-1.0972866096258276
-1.0149248681708538
-1.0150077998613471
-0.9247399525353008
-1.0252121053013206
-1.0721872340085654
-0.9899100578407045
-0.9256234007065898
-1.046353064774789
-1.040675092907616
-1.0572265293031884
-0.9979542117684114
-1.0266773267410676
-1.0290298612475999
-0.9892203480594791
-1.0222427129600815
-1.0607909032679963
-1.035850523355656
-0.8780106435843613
-1.0083664027527706
-0.9511891400522494
-1.0060302228097906
-1.0515965813888224
-1.0305774104593362
-1.0273931959998512
-0.9721958035385639
-0.9924018536860448
-1.0939709392164574
-0.9969276654568016
-0.9796299823821514
-1.040495360447386
-0.9327425142541167
-1.028488077015521
-1.0278196223220928
-0.9591379753745114
-1.0172079136002647
-0.9319770915790364
-0.9629218525592647
-1.0001650883558657
-1.0956494559491021
-1.0457602099641796
-1.0273302661509873
-0.9421174478113576
-0.9805440377808321
-0.9761160878652981
-1.0568018260616576
-1.007063937624419
-1.0743722685444805
-0.9908883603168417
-1.007531975903999
-0.9889769344301579
-1.0132980335815138
-0.9587959528727104
-1.026806067617498
-0.9295385227316051
-1.0238553987991423
-0.9989221788532451
-1.0211371844401922
-1.0326534504772815
-0.9732081270921298
-0.9845532265229127
-1.039708884871991
-1.037350632293208
-0.9774780437851225
-1.0103907928694469
-1.0511321905667366
-1.0126844804612796
-1.037629346558064
-1.0334411547393363
-0.9974869551465968
-0.8683485267385775
-1.07210275800485
-1.0612277302179671
-1.0720636809339719
-1.0262021257629688
-1.045147163703143
-0.9587096535139175
-1.0748506331101735
-1.0283065226473551
-1.0620361337751463
-1.0461295149389969
-1.013480677338193
-1.0001650883558657
-0.9934070366238874
-0.9897935840788034
-0.8430006518555078
-1.078386142359084
-0.9577385116666844
-1.1851074483595654
-1.0293290286087666
-0.9778611930698506
-1.0576184765936236
-1.0905917258739548
-1.0131936018878214
-0.9531099530167737
-1.0109659570799632
-1.017552786690733
-1.0226042814954366
-0.9780935702909006
-1.0492274901107608
-1.032793062827759
-1.094571964686272
-1.0180078717283099
-0.983589894594426
-1.1191250135971476
-1.0383871570234835
-1.0422213729995178
-0.6465240766143477
-0.5230029664769512
-1.0877832552989335
-1.0365514036812449
-1.0606448888360067
-0.8902902011404982
-1.039126843406372
-1.0597785514001625
-1.0128486630954499
-0.9732864148431799
-1.068813688679334
-1.0355503710462843
-1.0142214276382013
-1.0502101078109016
-0.9983101653844542
-0.9475044225469005
-1.0339803293670868
-1.022602538058905
-1.0290706946355117
-0.9810289119829534
-0.8751460615129772
-1.0000821180817276
-1.0559297665797607
-1.039639915590837
-1.087708539393449
-1.0278459879155455
-0.9514899066830547
-1.0426690428078524
-1.0684376512174207
-1.0255789885345508
-1.0092455599635735
-1.042486129142777
-0.9705546186277146
-1.0304471526792038
-1.0286349012153888
-1.057881127641936
-1.0268157885437066
-1.0212648038193914
-1.0421902584338238
-0.9704912395810965
-0.9853626302364655
-1.0199425370719433
-1.0713882750857997
-1.0266281126113836
-1.0947117684537297
-1.0838902497292298
-0.968099006278557
-0.9704927183964898
-0.9392523243924961
-1.0578960245479847
-1.087888343458117
-1.0526123727845382
-0.947492026793177
-0.9710933785177037
-0.9778871625778045
-0.9938956178899454
-1.14068622445552
-1.0319140645076872
-1.074962123455858
-1.0001650883558657
-1.0475104695586896
-0.9350604381779386
-0.9982264335736899
-1.0380263067743185
-0.7896672594881429
-1.100908222380494
-1.0362942015218903
-1.0437141792118965
-1.0417983583413886
-1.0686770196025388
-1.0624176708056008
-1.0308986922835761
-1.0409503258706354
-1.0305289985150319
-1.0150416141930865
-1.0416180209353185
-1.0452859432720507
-1.0852487597028524
-1.0636441808679808
-1.0956899279144214
-1.0542307365153043
-1.108264160883925
-1.0860179620036257
-0.8964041318368473
-1.0339034599518908
-1.0655594938210424
-1.0566207633669555
-0.9628652635791637
-1.07467946386677
-1.0001650883558657
-1.0001650883558657
-1.0682552449911118
-1.0205482927857346
-0.9945382282056803
-1.0630093532552838
-1.0605646796916697
-0.9883154514131138
-1.045417680350014
-1.0080997711776198
-1.0899207459696159
-1.0001650883558657
-1.04373255613889
-0.9448281774512648
-1.0574413665284002
-1.1073582134291264
-1.0001650883558657
-1.02714923788885
-1.0732974586369988
-1.0337525310695328
-1.0490489463586654
-0.8883254746049757
-0.9516727005545587
-0.9382665127583641
-1.0994036957013076
-1.041539043029438
-1.0063339295902658
-0.8990463979081386
-1.019872334641694
-1.0604963796806135
-1.0747457938905471
-0.9864521978106275
-1.0473119799506048
-0.9639778709792409
-1.0439699244508185
-1.0926189961043524
-0.9666536933709848
-1.0558090386592975
