-1.0001953232410947
-1.0001953232410947
-1.0001953232410947
-1.0567171318865551
-1.0001953232410947
-0.9581460975414537
-0.8945488030125838
-0.8971039549286354
-0.9990756460386427
-1.0130303533545029
-1.0001953232410947
-1.0001953232410947
-1.0001953232410947
-0.812007583361173
-0.9849153392233132
-1.0001953232410947
-0.9846864551352121
-1.0390696249945128
-1.0001953232410947
-1.0001953232410947
-1.0001953232410947
-0.9659843482987275
-0.9912561786063793
-1.0159218204203904
-1.0001953232410947
-1.0001953232410947
-0.9170784068360369
-1.0001953232410947
-0.9597276879863994
-0.8500872566856007
-1.0233814177467342
-1.0001953232410947
-1.072441053152064
-0.9162816678488692
-1.0001953232410947
-1.0001953232410947
-1.0001953232410947
-1.1134947418065142
-1.0757459830873095
-1.0001953232410947
-0.9288118172213458
-1.0001953232410947
-1.0001953232410947
-0.9339157348296873
-0.8772568742739156
-0.993471286591288
-1.0001953232410947
-1.00670466681476
-1.0001953232410947
-1.0001953232410947
-1.0001953232410947
-1.0001953232410947
-1.0001953232410947
-1.0001953232410947
-1.0001953232410947
-1.0001953232410947
-1.0001953232410947
-1.0001953232410947
-1.0001953232410947
-1.0001953232410947
-1.0001953232410947
-1.0001953232410947
-1.0001953232410947
-1.0001953232410947
-1.0001953232410947
-1.0001953232410947
-1.0001953232410947
-1.029522402249165
-1.063713176110216
-0.879198952113316
-1.0523214911087462
-1.0001953232410947
-1.1076814287958099
-1.0001953232410947
-1.0001953232410947
-1.0001953232410947
-0.9386597649480198
-1.0001953232410947
-0.9313234445973466
-1.0689933246099201
-1.0001953232410947
-1.0001953232410947
-1.0001953232410947
-0.9944525067648428
-0.9796742404389468
-0.9367973101635456
-1.0275048844822645
-1.1261981287390839
-0.9999567962364122
-0.9354325005237888
-1.0297792774961567
-1.0541104948018312
-1.0001953232410947
-1.0001953232410947
-0.9292672097004655
-1.0001953232410947
-1.0001953232410947
-1.0001953232410947
-1.0001953232410947
-1.0756643603248044
-1.0175087954005093
-1.0691613892801697
-1.1725467379575851
-1.0001953232410947
-1.0001953232410947
-1.0595824210259523
-1.0001953232410947
-1.0001953232410947
-1.0001953232410947
-0.9806762534625987
-1.0001953232410947
-1.0001953232410947
-1.0135688576763728
-1.0001953232410947
-1.0001953232410947
-1.0001953232410947
-1.0001953232410947
-0.9898549541544545
-1.0001953232410947
-1.0001953232410947
-1.0001953232410947
-0.9495041605877306
-1.0001953232410947
-1.0001953232410947
-1.079432865144275
-1.0001953232410947
-1.0001953232410947
-1.0001953232410947
-1.0323801023777437
-1.0001953232410947
-1.0468239448226302
-1.0001953232410947
-1.0001953232410947
-0.9489438540972204
-1.027243548070163
-1.000762554379469
-1.0001953232410947
-1.0001953232410947
-1.0001953232410947
-1.0001953232410947
-1.0001953232410947
-1.0331736838242547
-0.9186831311979734
-1.0337649348918005
-1.0735857193130798
-1.0735857193130798
-1.0001953232410947
-1.0001953232410947
-1.0001953232410947
-1.0001953232410947
-1.0001953232410947
-1.0020203457554782
-1.0501862976801766
-0.9369297932849279
-0.9821010524220296
-1.0865424452763501
-1.0377470786541063
-1.0706598909424698
-0.9849153392233132
-1.053839653233028
-1.0001953232410947
-1.0001953232410947
-1.0117667483292738
-1.0467191436345464
-1.0001953232410947
-1.0001953232410947
-1.0312685556756551
-1.0944994916753603
-0.9150029332959543
-1.0001953232410947
-0.9815461753463708
-1.0001953232410947
-1.0001953232410947
-1.0001953232410947
-1.0001953232410947
-0.999756821826506
-1.0054097163419504
-1.0001953232410947
-1.0001953232410947
-1.050396203389008
-1.0437008741780618
-1.0001953232410947
-0.964869444136279
-1.1076814287958099
-1.0001953232410947
-0.9656187713410243
-1.0001953232410947
-1.0001953232410947
-0.9302712461155667
-0.9467237272524074
-1.0001953232410947
-0.9671169264964583
-1.0110799465526128
-1.0001953232410947
-1.0001953232410947
-1.0150162789154598
-0.9804512632864356
-1.1076814287958099
-1.0001953232410947
-0.9399801213214684
-1.0939960482560487
-0.9785310037244368
-1.0063582936498852
-0.9072698138037973
-0.9576836710006609
-1.0214244428242403
-0.9146357840141679
-1.1069875838568528
-0.9605058185502039
-1.0425397845813267
-0.9324366668498344
-0.9888332857594648
-1.0001953232410947
-1.0104525177504295
-0.9729304707772224
-0.9362953625871072
-1.0001953232410947
-0.9953724274457421
-1.0445525248979748
-1.0001953232410947
-1.0281040738198777
-1.0001953232410947
-1.002010119590825
-1.0001953232410947
-1.0735857193130798
-0.9598196579390513
-1.064397656081214
-1.0001953232410947
-1.0602247337525212
-0.846790222188294
-0.9834253851019563
-1.0001953232410947
-1.0001953232410947
-1.0620934701696412
-0.9963245482233211
-1.0001953232410947
-1.0001953232410947
-1.0001953232410947
-1.0001953232410947
-1.0008416974594796
-1.0001953232410947
-1.0001953232410947
-1.0001953232410947
-1.03578738379179
-1.0001953232410947
-1.0001953232410947
-1.0001953232410947
-1.0001953232410947
-1.0001953232410947
-1.0001953232410947
-1.0001953232410947
-1.0001953232410947
-1.0001953232410947
-1.0001953232410947
-1.0001953232410947
-1.0569645432582766
-1.1005394566301778
-1.0216215983933832
-0.9766504602165962
-1.0596360985450821
-0.8984146119868797
-1.0001953232410947
-0.713494960113521
-0.9973274209604074
-1.0001953232410947
-1.0777707770970106
-1.0001953232410947
-0.9615417649175639
-1.0001953232410947
-1.0001953232410947
-1.0424732916669543
-1.042325609729727
-1.0001953232410947
-0.978856481218823
-0.8489794737677834
-1.0001953232410947
-1.0001953232410947
-1.0001953232410947
-0.929768363975148
-1.0001953232410947
-0.9832414126331817
-1.0001953232410947
-0.9593277527240734
-0.941247306731699
-0.9652445599758822
-1.0001953232410947
-0.9089187072078534
-1.0001953232410947
-0.9189107125620058
-0.9537430105217857
-0.7981217768801855
-0.8742549996087401
-1.0559686399978867
-1.0001953232410947
-1.035839881277474
-0.9446623331667029
-1.0030998295907132
-1.0441598485560053
-1.0001953232410947
-1.0001953232410947
-1.0067616706181575
-1.0001953232410947
-0.876642127056382
-1.0001953232410947
-1.006900490982063
-1.0001953232410947
-1.0001953232410947
-1.0001953232410947
-1.0001953232410947
-0.9359621253612742
-1.0001953232410947
-0.9930219158918315
-1.0673203501214055
-1.0757459830873095
-0.9318554166130681
-0.7113636923091861
-0.8498392335312872
-0.9439078272480377
-1.000768246173427
-0.99155465191646
-1.0001953232410947
-1.0001953232410947
-1.0001953232410947
-0.7397151796298909
-1.0001953232410947
-1.0001953232410947
-0.629235161717524
-1.050145629873872
-1.1365886533751377
-1.0001953232410947
-1.0001953232410947
-0.995825419834486
-1.0411192642075102
-0.9667017688723025
-1.0001953232410947
-1.0076895711854919
-1.0524302411715398
-1.09564270614483
-1.0001953232410947
-1.0001953232410947
-0.8830144626769905
-1.0001953232410947
-1.0001953232410947
-0.7918688199291982
-0.9227105599220853
-1.0001953232410947
-1.0001953232410947
-0.8596640234896293
-0.6841231603175677
-0.9112134982343667
-1.0001953232410947
-1.0001953232410947
-1.0001953232410947
-1.074176047812896
-1.0001953232410947
-1.0001953232410947
-0.8816010802511572
-1.0339617117620619
-1.0897162989867466
-0.9452341919147313
-1.0001953232410947
-1.0001953232410947
-1.046291774421964
-1.004215955433764
-0.8064135318201575
-1.0920922463728049
-1.0524058949073511
-1.039483291534578
-1.0185107299867946
-0.7579016959732465
-0.8060622240500873
-1.033066834876577
-1.0690804244587724
-1.0817655096797851
-0.8389021883868747
-1.0263739525238764
-0.983840029924741
-1.0001953232410947
-0.7366195337127912
-0.9590015198788036
-0.9700932789357661
-0.7973919258645753
-0.8651578889591223
-1.0001953232410947
-0.9694447821170915
-1.0117154112660962
-1.0141696038565893
-1.0391172495992493
-1.0001953232410947
-0.887621866793277
-0.9732835184436641
-0.9330952810511464
-0.9439411682100578
-1.0378296101013178
-1.0012121358160808
-1.0001953232410947
-1.0479754753865278
-0.8084310376310984
-1.1468226545103686
-1.0739622907736237
-0.9912522085507566
-0.9062656128841132
-1.0118250698050477
-1.0001953232410947
-1.0482970433285823
-1.0047750445053398
-1.0001953232410947
-0.9582553666817384
-1.0169725892549304
-0.9189743634615375
-1.008037836962822
-1.0304623872778291
-0.9090054550013962
-0.974151142040458
-0.9993280755166901
-1.0192444475880162
-1.0001953232410947
-1.004786246482557
-1.1076814287958099
-0.9246729282616424
-1.051773537175515
-1.0001953232410947
-1.038055658497011
-1.0573845860463436
-1.0596360985450821
-1.0435940508470194
-0.8923339896770891
-1.0578690053339082
-1.0001953232410947
-1.0392415504628107
-1.0001953232410947
-1.0001953232410947
-1.0118275691328669
-1.0001953232410947
-1.0001953232410947
-1.0424624767166328
-0.8718722303461828
-1.0001953232410947
-1.0001953232410947
-1.0001953232410947
-0.9215267278503723
-1.0265707137023539
-1.0001953232410947
-0.9781328639498803
-1.0658664011066994
-1.0001953232410947
-0.9381735566299372
-0.8686806320196301
-1.0001953232410947
-1.0001953232410947
-1.0174929860204225
-0.896578074756715
-0.7362958680523307
-1.0001953232410947
-1.0001953232410947
-0.9682665944756317
-1.0878281568818928
-0.999756821826506
-1.0089379147666706
-1.0001953232410947
-1.0001953232410947
-0.9145145280415894
-1.0433137189386952
-1.0001953232410947
-0.9648424809501501
-1.0001953232410947
-1.0001953232410947
-1.0250327628917875
-1.0001953232410947
-1.0549308209911161
-0.9860493738460312
-1.0273404607924383
-1.0001953232410947
-1.0503928359406045
-0.9705663068505554
-1.0008924689852488
-1.0955113534799588
-0.911159768659426
-0.9788347739362624
-0.9716899056227867
-0.9429836397473292
-1.0002071316204793
-1.0001953232410947
-1.0001953232410947
-0.9268499700710386
-1.0001953232410947
-1.0372497780901122
-0.9939192321231496
-1.0644203715643545
-1.106124856138835
-1.119026303537375
-1.0001953232410947
-0.7574362617633696
-0.9334355846444538
-0.9962244967526757
-1.0001953232410947
-0.994493180212033
-1.0001953232410947
-1.044325286083743
-1.0001953232410947
-1.0001953232410947
-1.0001953232410947
-0.9555114031157496
-1.0001953232410947
-1.0001953232410947
-1.0632241245040408
-1.0357911366306358
-1.1076814287958099
-0.7489931091739417
-1.0001953232410947
-0.9660888057062156
-1.0001953232410947
-1.0001953232410947
-1.0001953232410947
-0.9933233044106183
-1.0586962004508074
-1.1076814287958099
-1.0001953232410947
-1.0001953232410947
-0.8933732106940779
-0.9068969947114018
-0.9129295679190135
-1.0001953232410947
-1.0739591297867752
-1.0001953232410947
-1.0001953232410947
-1.0001953232410947
-1.0001953232410947
-0.9312814551429416
-0.9593973795454168
-1.1076814287958099
-1.0473464594848876
-0.98628396160486
-1.0705410818448655
-1.0298887012543467
-1.059190288451016
-1.0001953232410947
-1.0001953232410947
-0.9738940413805125
-0.991869217717115
-1.1155113177318654
-0.9849019303530273
-0.9283929109343484
-1.0001953232410947
-0.9894579369047887
-0.9570782850685247
-1.0001953232410947
-0.9340329589851615
-0.9582630432434117
-1.0001953232410947
-1.0810873901944709
-1.0001953232410947
-1.0001953232410947
-0.8487446935247926
-0.8641378037258289
-1.0001953232410947
-0.9280262090359807
-1.0225220370927988
-0.855455742976101
-0.9915436219610863
-0.9358304548782201
-0.9473371666295536
-0.9446694268644823
-1.0248912172515598
-1.0703246188501043
-1.0001953232410947
-0.994494194835367
-1.0282444857367004
-1.0217823675534181
-1.0001953232410947
-0.8758323736944338
-0.9600155070831745
-1.0550527376545336
-0.9957793491261602
-1.0612990368601665
-0.958682585211261
-0.9829225236252473
-1.0001953232410947
-0.9990802672803009
-1.073777701455047
-0.9664201503791845
-1.0001953232410947
-1.0001953232410947
-0.8521336254239048
-1.0001953232410947
-1.0001953232410947
-1.014042098066742
-1.0001953232410947
-0.9626044996107554
-0.9666569730707866
-1.0001953232410947
-1.0001953232410947
-1.1350991962696753
-1.0628077520532133
-1.0001953232410947
-0.8223845465623607
-0.8759078183425923
-1.0286922128039233
-1.048504216553273
-1.0001953232410947
-1.0587995730611786
-1.1039420364331325
-0.9809289889258014
-1.0001953232410947
-1.0396231950305488
-1.0088881005146835
-0.8532265982703537
-0.9712528759505337
-0.9228568793454118
-1.0897162989867466
-1.0291108993240987
-1.0001953232410947
-1.0001953232410947
-0.9246903644812641
-0.9401565127568696
-1.0926605360447332
-0.9707817159481291
-1.0001953232410947
-1.0001953232410947
-1.0900894670653305
-1.0001953232410947
-1.0072928413833688
-1.0001953232410947
-0.9655938755729468
-1.046806035997
-0.9949516265236273
-0.9735183714438322
-0.994686166305191
-0.9050377396907184
-0.9026135526485897
-1.0001953232410947
-1.0001953232410947
-0.9044981781689837
-1.0159702566331992
-1.0001953232410947
-1.0001953232410947
-1.0001953232410947
-1.0519443890762188
-1.0033852863125658
-1.0001953232410947
-1.0001953232410947
-1.0001953232410947
-0.8417025623829086
-1.0001953232410947
-0.9654893962823057
-1.050343757316793
-1.0301999253220617
-0.989339692829066
-1.0511537838702143
-1.0685073718007891
-0.9833147540215577
-0.9045519303130776
-0.999756821826506
-1.0250617344913786
-1.0326315543208486
-1.0001953232410947
-1.0085346635454613
-1.0157246551020278
-0.9797972579242036
-1.0014018752458882
-0.9085694731025045
-1.0502735458041497
-1.068715597683828
-0.9151761277465981
-1.0269191632723615
-1.0001953232410947
-1.0001953232410947
-1.0630839686087548
-0.94999884608389
-0.8543379453410558
-1.0147646876106804
-1.0398407950077786
-1.0048993550577983
-1.1076814287958099
-0.8951947651772536
-1.0001953232410947
-1.0123058848326012
-0.9952599241728644
-0.9886279881832793
-0.9982606719946554
-0.9206469014898596
-1.0126623082099138
-1.000352740852169
-1.0411780858248099
-1.0502100710928302
-0.9965273410185982
-1.0690292524093514
-1.0559344843495009
-0.7749276077903624
-1.0001953232410947
-1.1076814287958099
-1.0105850523659994
-1.0001953232410947
-0.9801366283792036
-0.9488484191347129
-0.7787133511055728
-1.0001953232410947
-0.8542246366144156
-1.0078272653531057
-1.0001953232410947
-1.0214262808888506
-0.8752479981514708
-1.0001953232410947
-1.0172729470759787
-1.0001953232410947
-0.9746504495508005
-1.0229155822253675
-1.0001953232410947
-0.931712309043715
-0.8203365370961299
-0.95886580148251
-1.0256950795962152
-1.0001953232410947
-0.972280988266077
-1.0001953232410947
-1.0001953232410947
-0.9219573293294044
-1.0001953232410947
-1.0001953232410947
-1.0001953232410947
-1.0001953232410947
-1.0001953232410947
-1.0630839686087548
-0.9970739823862609
-1.106767484501485
-1.0001953232410947
-1.0001953232410947
-1.0390702065389426
-1.0364416162585255
-1.0001953232410947
-1.0001953232410947
-1.0001953232410947
-1.0001953232410947
-0.8922131909084146
-1.0280744606087784
-0.9482079229230378
-1.0001953232410947
-0.9572621445200109
-1.0001953232410947
-0.926106568913499
-1.0001953232410947
-1.055836209547706
-1.080593263243671
-1.0001953232410947
-1.0001953232410947
-1.0001953232410947
-1.111164394219277
-1.0671947389678476
-1.0001953232410947
-1.044767270017759
-1.1251397494495299
-1.0001953232410947
-0.9154314760591608
-1.0696402278404866
-0.9901324876483086
-1.0001953232410947
-1.0001953232410947
-1.04771132800679
-1.0087510885994997
-1.0667660675603456
-0.9405984579078773
-0.9959433995865449
-0.9991642462864418
-1.0001953232410947
-1.0001953232410947
-1.0001953232410947
-1.040484352327253
-1.0001953232410947
-1.0001953232410947
-1.0001953232410947
-1.0386887710386912
-0.9896909802584051
-0.9330556805693155
-0.7816144612015684
-1.0154368417662982
-0.8629406886921078
-1.0272290067010432
-0.8559350251808225
-1.0959183288864525
-1.0380728612059453
-1.0001953232410947
-0.9567192910911324
-1.0001953232410947
-0.9532126652697318
-0.8647271547728057
-0.9428455222387784
-1.047810648744516
-1.0556888584661064
-0.9718308229410044
-0.9935171230309758
-0.9013559924100368
-1.0001953232410947
-1.1076814287958099
-0.886459495610101
-0.9862756166139489
-1.0001953232410947
-0.9663844494666788
-1.038775411478415
-1.1358839600275228
-0.8768993174187165
-0.9318975683834528
-1.0001953232410947
-1.089221041389949
-1.0001953232410947
-1.0001953232410947
-1.0001953232410947
-1.0275263317381271
-1.0001953232410947
-0.9895871577095315
-0.9722784847991918
-1.0281299793156815
-0.8525733480773422
-1.0001953232410947
-1.0139305667002054
-1.0398419051784844
-0.973182451657096
-1.0398033780362022
-1.0001953232410947
-1.0001953232410947
-1.0335011856603749
-1.0001953232410947
-0.993218498151924
-0.7961764215020871
-0.8990246471309418
-0.8963716296416406
-0.8688635990378597
-0.8802905568029982
-1.0001953232410947
-1.0325886867613656
-0.9646616845465609
-0.9740329608989557
-1.002479785154618
-1.0001953232410947
-0.9571124197747406
-1.0001953232410947
-1.0001953232410947
-1.0439877748783004
-0.9363808823334532
-1.0519512102926623
-1.0392930363625645
-0.9732495288067764
-1.034659232341331
-1.0001953232410947
-0.999756821826506
-1.0001953232410947
-1.0353967636900456
-1.0001953232410947
-1.0001953232410947
-1.0001953232410947
-0.9436372039895145
-0.8999090281762289
-0.8296181097917077
-1.0001953232410947
-1.0496572684015577
-1.0278177878648274
-0.6775082685525091
-1.0276646548760122
-0.9308771956242556
-0.9614961106950878
-1.1014150961891547
-0.9982139315970773
-1.0471523967137517
-1.0001953232410947
-1.0001953232410947
-0.9912796017868795
-1.0001953232410947
-0.898057385986354
-0.916818577645953
-1.0001953232410947
-1.0477690939891002
-1.0118471112109007
-1.0001953232410947
-0.9250834934986646
-1.0001953232410947
-1.0001953232410947
-1.0001953232410947
-1.0001953232410947
-1.0599410608427333
-0.999756821826506
-1.059443852363183
-1.0001953232410947
-1.0402226973324682
-0.8661338596361352
-0.9016755494441195
-1.0420003023530002
-1.1155113177318654
-0.961550490467072
-1.0001953232410947
-1.0227083812667557
-1.0001953232410947
-1.1208930485522313
-1.0001953232410947
-1.0332859848115548
-1.0001953232410947
-1.0002071316204793
-0.8708539639637367
-1.0001953232410947
-1.0001953232410947
-1.0001953232410947
-0.9523303405197445
-1.0081337037243765
-1.0360412999108175
-1.0001953232410947
-1.0069859048366174
-1.0001953232410947
-1.0177268950647158
-0.8979039755790976
-0.8728963538776814
-1.0001953232410947
-1.0001953232410947
-1.0001953232410947
-0.9908097189782709
-0.9622787172979015
-1.0624235552409576
-1.0001953232410947
-1.0001953232410947
-0.9730207602108217
-1.0266738806285083
-1.0001953232410947
-1.0695832387995736
-0.9709155521808648
-0.9090864928001781
-1.0347951260357056
-1.0001953232410947
-0.9714144702480092
-0.8333418922004036
-0.9510810206705933
-1.0001953232410947
-1.0001953232410947
-1.05690055322218
-1.0001953232410947
-1.085836707080685
-0.8173050863207938
-0.8984802745505285
-1.0576180852183086
-0.7761940053549015
-1.0001953232410947
-0.9385892101649865
-1.0406437032322822
-0.9330078337524721
-1.1153226879004619
-1.0001953232410947
-0.9488038737792395
-1.1195260640777198
-1.0258023528836402
-1.0001953232410947
-1.0001953232410947
-1.0570101128807503
-1.0569893546553761
-0.9944877631959401
-1.0066278745083252
-1.0001953232410947
-1.0001953232410947
-1.0001953232410947
-1.0001953232410947
-1.055272395659686
-1.0001953232410947
-1.0247608681655942
-1.097534471136978
-1.0001953232410947
-0.9107391747522148
-1.0001953232410947
-1.0001953232410947
-0.9831790844306507
-1.0364724731857888
-1.0001953232410947
-1.025512045011657
-0.999756821826506
-0.9627148110419492
-1.0001953232410947
-1.0001953232410947
-1.0001953232410947
-1.0289573416887474
-0.9055709999727892
-1.0001953232410947
-1.0001953232410947
-1.0001953232410947
-1.0358779671480045
-1.0595894171253675
-0.9704126930595902
-0.999756821826506
-1.0439093276737488
-1.0001953232410947
-1.0413493659488473
-1.1076814287958099
-1.0001953232410947
-1.0032156033625523
-1.0669296731971178
-1.0001953232410947
-1.0239237597210018
-1.0001953232410947
-1.000352740852169
-1.0001953232410947
-1.0169808982485926
-0.8199142582178081
-0.9409298191772165
-1.0001953232410947
-1.0001953232410947
-1.0819636334032363
-1.1438630852138998
-1.0001953232410947
-0.9076184681440927
-1.058298704510264
-1.037713561700829
-1.1034503090174574
-1.0001953232410947
-1.0000391602670753
-0.9630628652274237
-1.0001953232410947
-1.0001953232410947
-1.035307263036719
-1.0903532321525329
-0.9830435421813329
-1.0001953232410947
-0.9334526667523054
-1.0144069433751244
-0.9706673173192193
-1.0883218004826443
-1.0733631141388065
-0.8424097332203857
-1.0331947120859044
-1.0211647269185609
-1.0001953232410947
-1.0361097515927882
-1.0845114856107316
-1.0001953232410947
-0.8946672728015742
-1.0001953232410947
-0.9817257212069594
-1.0715565383475205
-1.0001953232410947
-1.0001953232410947
-0.7706933013970174
-0.7831883743863337
-0.9943361931901152
-0.9996450190548709
-0.9974968182833007
-0.8960228568182926
-0.9367407725681339
-0.9228731292019413
-1.0897162989867466
-1.0001953232410947
-1.0604249015849483
-0.9677606226556648
-0.9299331972151242
-0.9640139427404101
-1.000352740852169
-1.019922784707306
-1.0001953232410947
-1.002542751842656
-1.0401532758874028
-0.761810846613389
-0.9144440925221576
-0.8860266733768037
-0.925352416763155
-1.028662635395819
-1.1053097728881973
-0.9576797940964762
-0.9934335370772034
-1.0001953232410947
-0.9340386616642897
-1.0089661761066968
-1.0001953232410947
-1.0310173357447594
-0.9539808532735048
-1.0001953232410947
-1.0001953232410947
-1.0001953232410947
-1.0001953232410947
-1.0001953232410947
-1.0001953232410947
-1.0001953232410947
-0.8669295248441671
-1.0335994407261373
-1.0001953232410947
-1.0001953232410947
-1.0001953232410947
-0.9043900818762454
-0.9348345398404023
-1.048134243187039
-1.0001953232410947
-1.0001953232410947
-1.0408433950618603
-1.0791743614081761
-0.8591170820255901
-1.0001953232410947
-0.9319967637857314
-1.0464550398137347
-0.9611556855166798
-0.9694470584032555
-0.9949131105396318
-1.0152434665076624
-1.1076622596647487
-0.967733174107041
-1.0170577086669386
-0.9437759914486861
-1.0801079000311566
-1.0072560575755638
-0.9683666498717046
-1.073777701455047
-1.1155113177318654
-0.9570566719301614
-1.0001953232410947
-0.9945840840708426
-1.0437775579739137
-0.9558945389115605
-1.0001953232410947
-1.0001953232410947
-0.9846462263097973
-1.0268085939469622
-1.085058000606662
-1.0001953232410947
-1.0171869666144908
-1.0001953232410947
-0.9700806765896102
-1.1173631721687218
-1.0001953232410947
-1.0333966120084426
-1.072338215028056
-0.9204513886610304
-1.0433174726726342
-1.0971671411569615
-0.8460092621637776
-1.0730869019855218
-1.0240830675101558
-0.9750731794835032
-1.0048181740991837
-1.0865984320703488
-1.059980922778156
-1.0547384813361
-1.0001953232410947
-1.0001953232410947
-1.0001953232410947
-0.9351670106620006
-1.0001953232410947
-0.997667913184157
-0.8804111504492395
-1.0493925916569429
-1.0001953232410947
-0.9597672579399632
-1.0001953232410947
-1.0001953232410947
-1.0001953232410947
-1.0776158235059587
-1.131150829563387
-1.0875240714188419
-1.0001953232410947
-1.0581439040916751
-1.1129267566496412
-0.9376973647498157
-1.0204106748311297
-0.991698350338162
-1.0596360985450821
-1.0001953232410947
-0.9444394345767421
-0.999756821826506
-0.8675176328836371
-1.0001953232410947
-1.0001953232410947
-0.951566215642254
-1.1213509972994022
-0.9629427525132648
-1.0001953232410947
-1.0501498754915028
-0.8706824611022008
-0.9563076732913541
-1.0200863920483867
-1.0678703212172989
-1.0412660355540808
-0.9897075236405419
-1.0660045544398533
-1.0849900086250113
-1.0001953232410947
-1.0001953232410947
-1.0642165686837615
-0.995486234266782
-1.1076814287958099
-1.0288031724141686
-1.0001953232410947
-0.905234137131074
-1.0373652769967374
-0.9899966354446361
-1.0001953232410947
-1.0017197211524351
-0.897519433724014
-1.08356357229906
-0.999756821826506
-1.0001953232410947
-1.0001953232410947
-0.9688593430429044
-0.985963099690995
-0.8921098481954015
-1.0402028764562545
-0.8935334670516164
-1.0001953232410947
-1.0379816004447069
-1.023156084248753
-0.8148721004748848
-1.0001953232410947
-1.0001953232410947
-0.857739943267322
-1.0001953232410947
-0.9608586226226028
-1.125205786483095
-1.0001953232410947
-1.0630839686087548
-1.049207892126657
-1.0001953232410947
-1.1189036525245264
-1.0001953232410947
-1.0102358750437395
-1.0001953232410947
-1.0001953232410947
-1.0204249036433843
-1.0001953232410947
-1.0001953232410947
-0.7853977574625906
-0.973059214430498
-0.999756821826506
-1.0216634949079926
-0.9679109947330986
-1.1069875838568528
-1.038887110695264
-1.0001953232410947
-1.0713968787307258
-1.0004314791183937
-1.1076814287958099
-1.0396109210664461
-1.0570854322703083
-0.9617237868542777
-1.040998103314886
-0.9330871702920867
-0.9981990361119291
-1.0001953232410947
-1.0660098353909433
-1.0064348653094175
-1.0001953232410947
-1.000352740852169
-1.0001953232410947
-1.0247470485029355
-0.985915368800653
-1.0001953232410947
-1.0793325185329026
-1.026879560155818
-0.9858618128632173
-1.0630839686087548
-0.8465100253859847
-1.0222285162189182
-0.9387176279968827
-0.8118555857959757
-1.0001953232410947
-1.15971516634026
-1.0001953232410947
-1.0492136861272856
-0.9441533178204458
-1.0001953232410947
-1.075124854568429
-1.0001953232410947
-1.0310131396208921
-0.9949859213669101
-1.0644028671766486
-0.9560905860851198
-1.0354816151194974
-0.9681351709100987
-0.961765922216758
-0.9305543139370797
-1.0001953232410947
-0.9878521940455319
-0.8989969603148469
-0.9980477254250675
-0.9832385535132164
-1.1086559824893962
-1.0495780378725401
-0.9771566949805486
-0.9967568631467889
-1.0557772775522156
-1.1076814287958099
-1.0001953232410947
-1.0708805609722025
-1.1175254178628127
-0.9498584467869281
-0.8102169054431608
-1.0001953232410947
-1.0001953232410947
-1.0001953232410947
-0.9409595265192605
-1.0001953232410947
-1.0670467609622931
-0.957314853889239
-0.9734113346465464
-1.080439945949151
-1.0001953232410947
-1.0001953232410947
-1.0080836670288211
-0.9818011586551764
-0.9627714697337733
-1.0500715814586048
-1.0339617117620619
-1.0001953232410947
-1.0339617117620619
-1.0001953232410947
-1.0001953232410947
-0.9757667939800516
-1.0001953232410947
-1.0264236952814931
-0.8699459201708363
-1.0001953232410947
-1.0772262894264426
-1.0001953232410947
-1.0001953232410947
-1.0897162989867466
-1.0001953232410947
-1.0001953232410947
-0.976233804022538
-1.0001953232410947
-1.0001953232410947
-0.9705309030531178
-1.0231988357546888
-1.0001953232410947
-1.0001953232410947
-0.8271472877753098
-0.8794456483861777
-1.0001953232410947
-0.9982471384080577
-1.0001953232410947
-1.0001953232410947
-0.9516059497786662
-1.0897162989867466
-1.1159290731700235
-1.0001953232410947
-0.999756821826506
-0.8348281209520383
-1.0192453347680355
-1.089103949484239
-0.9622215864002519
-1.030581347147661
-1.0001953232410947
-1.0001953232410947
-1.0001953232410947
-0.8333407617387923
-0.9592150702884812
-1.0466481323341394
-1.001417855228015
-0.9870438038192872
-1.001558694513169
-1.003520945017672
-1.1076814287958099
-1.048188716256183
-1.029679658325414
-1.0409795930542927
-0.9826243015134641
-1.0063898866907723
-0.8377228098463858
-0.9672848836590479
-0.9679609241688777
-1.0432209720336103
-1.0287130015732684
-0.9824033708243626
-0.9721165349692161
-1.0312611392717903
-1.0001953232410947
-0.9362025087205187
-0.9386269065390591
-1.0001953232410947
-1.049352110256435
-1.0001953232410947
-1.0001953232410947
-1.0001953232410947
-1.0001953232410947
-1.0001953232410947
-1.0001953232410947
-0.9450133248925328
-1.0525509704357359
-0.9015461722106268
-0.9430317329147054
-1.0156247849535815
-1.0077472772858482
-0.9720905290031547
-0.9523262831520606
-0.9439395984312487
-1.0093366444421077
-0.8961919864682004
-1.0001953232410947
-1.0001953232410947
-1.0186467544577564
-1.0001953232410947
-1.0001953232410947
-0.7263812507300982
-0.8848389975310551
-0.965050129864401
-1.0001953232410947
-0.9800508257769281
-1.0958315266080296
-0.763763634636345
-1.0216677473152946
-1.0001953232410947
-1.0001953232410947
-0.9116632158732514
-1.0001953232410947
-1.0461895303792041
-1.0250373724105202
-1.0001953232410947
-1.0417504157797481
-1.0001953232410947
-0.9253796691733942
-0.986081940071693
-1.011174107066376
-1.0001953232410947
-1.0001953232410947
-0.971710111986943
-0.9809880253622526
-1.086717793399063
-1.0001953232410947
-1.0001953232410947
-1.0001953232410947
-0.9587181121223547
-1.0001953232410947
-1.0001953232410947
-1.0001953232410947
-1.0001953232410947
-1.026425258388007
-0.9361361147814591
-1.0001953232410947
-1.0001953232410947
-1.082483253519065
-0.9440242348577115
-1.0001953232410947
-1.0198114662427706
-1.0610253713509352
-1.0001953232410947
-1.0001953232410947
-1.0001953232410947
-1.0001953232410947
-1.0001953232410947
-0.8463997251007761
-1.0920686577901686
-1.0001953232410947
-1.0602972255931018
-1.052921465944898
-1.1155113177318654
-1.0905195188447057
-1.0001953232410947
-1.0001953232410947
-0.9874933291281918
-0.9362434926893568
-0.9062305006875441
-1.0001953232410947
-1.0897162989867466
-1.0001953232410947
-1.0411864049027306
-1.0001953232410947
-1.0318523933806343
-1.0001953232410947
-1.0001953232410947
-0.9323109439877117
-1.0001953232410947
-0.9064873369310196
-1.1076814287958099
-1.0001953232410947
-0.9081067928188244
-1.0001953232410947
-1.0153038907037397
-1.0001953232410947
-0.999756821826506
-1.000352740852169
-1.0771675019531888
-1.0001953232410947
-0.9538521754465381
-0.8978684011661244
-1.0001953232410947
-1.103544198526432
-1.0001953232410947
-0.9879488556173598
-1.0253295624316279
-1.0630839686087548
-1.0001953232410947
-1.0343959678722736
-0.9558831382920439
-0.9722299955654449
-0.9553739345586542
-0.9943393252190483
-1.0001953232410947
-0.9609324592680746
-1.033429086061149
-1.0001953232410947
-0.9482839200153881
-1.0012523785862082
-1.0152033464558738
-1.0001953232410947
-1.0100988575250005
-1.0394459455727691
-0.9227601820365687
-1.0001953232410947
-1.0095942518587488
-0.9209088097195485
-0.9788142535313087
-1.0001953232410947
-1.0433328576168106
-0.950694000918695
-0.884693332417182
-0.9626024458901195
-1.063899738477267
-1.0001953232410947
-1.0001953232410947
-1.0793725927206306
-1.0001953232410947
-1.0001953232410947
-0.9412030195853425
-1.0001953232410947
-0.9031646839955578
-1.0001953232410947
-1.0577051867697145
-0.9028799764379428
-1.0001953232410947
-1.0001953232410947
-1.0001953232410947
-1.0040435322694263
-1.0091333328477479
-1.048906315145993
-1.0301583428590793
-1.0759265278238992
-1.04850997116756
-0.8998253056565018
-1.0001953232410947
-0.9686841238275865
-1.0001953232410947
-1.0001953232410947
-1.0001953232410947
-1.0001953232410947
-0.9482784603542709
-1.0551380818881775
-1.0001953232410947
-1.0456350853539416
-1.0001953232410947
-0.8678993217411599
-0.9609906106971216
-1.042785842246874
-1.080471211914892
-1.0001953232410947
-1.001472266068777
-1.0001953232410947
-1.012814798011829
-1.0001953232410947
-1.0001953232410947
-1.0001953232410947
-1.0001953232410947
-1.0001953232410947
-1.0001953232410947
-0.9592311448002417
-0.9726258526290645
-1.0001953232410947
-1.031565617824713
-0.9542483841082529
-1.0503057530523265
-1.0254454765135
-1.0596360985450821
-0.9213606578165228
-0.999756821826506
-0.9603289191170491
-1.0644594627758597
-1.0001953232410947
-1.0001953232410947
-1.000352740852169
-1.0001953232410947
-1.0364420858739547
-1.0786708612533693
-1.1211557114508766
-1.035761429631832
-1.0920918602417693
-1.0001953232410947
-1.031844883893905
-0.9881899735464792
-1.0330583004248484
-0.9177292157316357
-0.9961374543489584
-1.0001953232410947
-1.0001953232410947
-0.9495961711005045
-1.0001953232410947
-1.0990766671585457
-1.080185800784351
-0.9768976918438222
-0.9994973625625607
-0.998943615905984
-1.0477773201911709
-0.9351095651914596
-1.0001953232410947
-1.0001953232410947
-0.8656686096610663
-1.0001953232410947
-1.1778282587709576
-1.0001953232410947
-0.9227541137883122
-1.0001953232410947
-1.0001953232410947
-1.0001953232410947
-1.0001953232410947
-1.0001953232410947
-0.948036180274307
-1.0001953232410947
-1.0956984889323707
-1.1088592079051758
-1.0036860106193903
-0.9987451479432494
-1.0306473488916326
-1.0811004773572834
-1.0001953232410947
-1.0646862187196264
-1.0001953232410947
-1.0001953232410947
-0.9519125321371187
-0.852395131470266
-0.9534629766464529
-1.0456958823491629
-1.0217623179121764
-0.9418184783348216
-1.0669811566218854
-1.0001953232410947
-1.0259987316637176
-0.95595447996246
-0.9759601209782685
-1.0976744425948646
-1.0001953232410947
-0.9476685639557926
-1.0001953232410947
-0.9451498799678301
-0.9121125134039736
-1.0001953232410947
-1.0001953232410947
-0.9934276117424529
-1.0039783535535023
-1.0001953232410947
-0.9438545833523724
-1.0001953232410947
-1.0473785329451413
-1.0735767422110003
-1.064745970916691
-1.04771132800679
-1.1076814287958099
-1.0630839686087548
-1.0052143724787501
-1.003514911274582
-1.0001953232410947
-1.0697994893585219
-1.0001953232410947
-1.0001953232410947
-1.0134415602655311
-1.0001953232410947
-0.9357279521922213
-1.0001953232410947
-1.0001953232410947
-1.0047947608115615
-1.0001953232410947
-0.9544270445688601
-0.9953701674367516
-1.1076814287958099
-1.0001953232410947
-1.0001953232410947
-1.053222190973366
-1.0751664637594962
-0.9129419880653775
-1.0001953232410947
-1.0001953232410947
-1.0163745126828962
-0.9248748749744691
-1.1138500623862857
-1.0525926807577999
-1.000352740852169
-1.0354983602577568
-1.0001953232410947
-1.1097791031130149
-1.0897162989867466
-1.0001953232410947
-1.0001953232410947
-1.0001953232410947
-1.0001953232410947
-1.0001953232410947
-1.0001953232410947
-1.000352740852169
-1.0001953232410947
-1.075157494126151
-1.0150905764304148
-0.9563974862990426
-0.9836745396275864
-1.0598513836079888
-1.100088208944967
-0.9314664136462748
-1.0189862476800435
-1.0727380121796373
-1.1059408072577543
-1.0001953232410947
-1.0728969355057265
-1.0323955457483383
-1.0278790606292476
-1.009071780707888
-1.0001953232410947
-1.0001953232410947
-1.0001953232410947
-1.0001953232410947
