-1.0054606813164786
-1.0037813769244992
-1.001481432521364
-1.0060346514530676
-1.0027863990854957
-1.001506860415997
-1.0025319430616326
-1.0040114025764888
-1.0003733696952106
-1.001699230839469
-1.003864743835153
-1.0109918108305394
-1.008661693228377
-0.9999041678924098
-1.0065137286123473
-0.9995261542640431
-1.001501403869573
-1.005413636905228
-1.0025210722840645
-1.0011125866482669
-1.0039065208495925
-1.0032120133092663
-1.0013316348985248
-1.0006034679491314
-1.0041774460941681
-1.0032289272163113
-1.0044335426934439
-1.0027226545517471
-1.0031003274379835
-1.0016154268692468
-1.0007255207177503
-1.0014222445600143
-0.9983932162130402
-1.0006178423779295
-1.0032818512328516
-1.0045926828625307
-1.0241737358200274
-1.0045358717573747
-1.001769907242905
-1.0011311943984809
-1.0024761681158871
-1.0052727586819397
-1.0075233202497684
-1.0034318459808644
-1.0031541394612158
-1.004091431105393
-1.0024062647749017
-1.0052019045742222
-1.0058572781282082
-1.0029533833666582
-1.0025311377611374
-0.9992724824989222
-1.000226759320468
-1.0005196135500034
-1.0042164596873968
-1.0004779618942572
-1.0017000935080553
-1.0013893046808424
-1.0075366203859175
-1.0028544901087253
-0.988986419660419
-1.0015420330638172
-1.0024800375839602
-1.0028115076553172
-1.0021150975867759
-1.00632514949999
-1.0033544516480215
-1.0004324775749738
-1.0052060920732178
-1.0035691095781374
-0.9999365958183685
-1.0014643052225787
-1.003040193058621
-1.003932964129424
-0.9991554452041983
-0.9993885284401436
-1.0042609475347108
-1.0004735516929715
-1.0034073270535142
-1.0024380528664278
-1.0014317369554968
-1.0038233005232908
-1.0041046524119455
-1.0025422519645515
-1.0048882459238522
-1.0048344645186984
-1.0011450639442565
-1.0021929572894095
-0.9904883001833062
-1.002053198404372
-1.0007559598864568
-1.0010459143736785
-1.0021562014052783
-1.0074366477491432
-1.001630966820146
-1.0051377922375564
-1.0080829407892622
-1.0005827452135003
-1.0051107123866183
-1.0039601951031334
-1.0016642424036846
-1.0037591112799675
-0.9991156128557163
-0.9995670333277311
-0.9995670333277311
-1.0015562905193776
-0.9995670333277311
-1.0027560226657104
-1.001407608802576
-1.0004247675857114
-1.000455456557304
-1.009530954780253
-1.0111296670876722
-1.0062661769292416
-1.001196014698499
-0.9998791422703022
-1.0007683182364604
-1.0006983634726998
-1.0058540350029856
-1.0053088267113297
-0.9988385507893497
-1.0024562321581116
-1.0031711889816846
-1.005283097760396
-1.0053646123360953
-1.0011393624914862
-1.0025143914748151
-1.0044568433878036
-1.0047717251425237
-1.0067871389282335
-1.0051848486041446
-1.0029712154497705
-1.0018600026638877
-1.0050249434381995
-1.0053739039494092
-1.0038749213063287
-1.0020640451358553
-1.0032413370707678
-1.0042869769309615
-1.004322212555886
-1.0041991947822968
-1.002356830695661
-1.0050013254265278
-1.00467582241857
-1.0066337162248598
-1.0052892456519746
-1.0039206841161614
-1.0075025979141645
-1.003333257078956
-1.011593502818195
-1.0034827116745104
-1.001458698560914
-0.999759588140543
-1.003748552805479
-1.0092680366866196
-1.0027234297908763
-1.0067529571141107
-1.0029510000104938
-1.0010836707096675
-1.0046545245708525
-1.001060553792954
-1.0047420038343904
-1.002655536082305
-1.0043798725715651
-1.0036066513718211
-1.0006571505038422
-1.0173380439612991
-1.0004086312559892
-1.0053285235133294
-1.0129077613996773
-0.9993896423810064
-1.0009422396444005
-1.0036303183018462
-1.0094971387064318
-1.0020541353050256
-1.002851763226861
-1.000931494279449
-0.9986258795380925
-1.003663804494919
-1.0024166802129653
-1.0023862355311746
-1.0042037718454029
-0.9969329681399096
-1.0036560758485618
-1.0012605731002875
-1.0047777539542868
-1.0047876468817076
-1.0017194321829916
-1.0037984269064804
-1.002366606413526
-1.0018361513266973
-1.0014548762560538
-1.0003852421449335
-1.0028456455213532
-1.0093044853089421
-1.0053853654766656
-1.002490437411185
-0.9002763962695679
-0.9995670333277311
-1.002137872560048
-1.0021979026926169
-1.0017859104664835
-0.9985753976140084
-1.0024549636618456
-1.0057030278526464
-0.9996966888961785
-1.0010155374605296
-1.013711071824076
-0.99858491577062
-1.0125382601435926
-1.0019498760876306
-1.0009511179850272
-1.006246820162995
-1.0039944023256893
-1.003518822917151
-1.0034637159738473
-1.0032004858851888
-1.000848835671499
-1.0020418594851497
-1.0008068552161182
-1.001041829336935
-1.0032179464470752
-1.0006658338660093
-0.9995670333277311
-1.004873323130503
-1.0019070695666457
-1.0006514320512263
-1.0010744865851406
-1.0005793933326235
-1.0036489646282376
-0.9985301350038235
-1.0024526491178951
-1.0035960161281445
-1.00285862152599
-1.0042670990097702
-1.003763184505443
-1.0129132381851624
-1.015531381727616
-1.003952154558068
-1.0082033469479783
-1.0102410147398069
-1.0040884933771208
-1.0110697766582795
-1.010646971010209
-1.0046292238935637
-1.0052387473543511
-1.0006023206572427
-1.0009228776287973
-0.9996849680233274
-0.9995670333277311
-1.0005645391971432
-1.0055601969541028
-1.003606946913945
-1.0022125241696584
-1.0109787845492506
-1.002155772478059
-0.9999673619642152
-1.0012088854797891
-1.0034316889496968
-1.004725525200994
-1.002976177883456
-1.0030229201995973
-1.0002635467880183
-1.003402566265084
-1.013543311068363
-1.0019035658199154
-1.007393758643323
-0.9990188569232047
-1.0076118698591037
-0.9981833464300958
-1.0051593753508872
-1.0015945139319087
-0.9996653742891828
-1.001582210969831
-1.0037772854521434
-1.0022318386326363
-1.002511992700637
-0.9995670333277311
-1.0059274071956517
-1.0010672940498293
-0.9975431533304374
-1.0002858567134796
-1.0012386493085041
-1.0001470243241837
-0.9994099671010377
-1.0007104681183585
-1.0014255548534057
-0.9999390990364492
-1.0056152645560168
-1.0030034437162467
-1.001724385512145
-1.0008952492059988
-1.0051855347544532
-0.9995670333277311
-1.0020700714281303
-1.001087189809306
-1.001710219699184
-1.0018076728415526
-1.0023135508115497
-1.0106860856128055
-1.0002180251340296
-1.0169255210895085
-1.0020889072147223
-1.003727217790897
-1.002534011833915
-1.0011019373376446
-1.0033833842216209
-1.0011271519693334
-0.9985650616288227
-0.999161974682926
-1.0002858567134796
-1.000530676703244
-1.0066289325002904
-1.0003186854914565
-1.0021480378853416
-1.0032591489848826
-1.002644377030042
-1.0039879970297227
-1.0012673413724116
-0.999757874078898
-1.0005346641400688
-1.003787544795519
-1.0013995334237948
-1.000131862588074
-1.0026451771679106
-0.9968074349756111
-1.0037274416556006
-1.004595540091434
-1.002106617755448
-1.0008618730240382
-1.004720769576014
-1.0048874655596443
-0.995746644245968
-0.9974660658417323
-1.0034753120816915
-1.004095587072896
-1.007334955039049
-1.0013567736792877
-1.0012072722302527
-1.0013293432970576
-1.0048349000600831
-1.000375165137024
-1.0003858179448417
-1.0031385515952802
-1.003635005317963
-0.9994882824951693
-1.0023619834172717
-0.9999754875344028
-1.0028017563628002
-1.002826866259035
-1.0092966464383544
-1.0007819957977784
-1.0026926055080323
-1.0026496022682632
-1.0016845409227
-1.0069580541097491
-1.002234314550158
-1.0041050425680873
-1.0039075807830533
-1.0011076978962699
-0.9995670333277311
-1.0015004985568878
-1.0002865794487328
-1.000734480028636
-1.0013950551222073
-1.0007881538348136
-1.0012297125624217
-1.0020021223956257
-0.9994695444703312
-0.9996929500982659
-1.0028305142689105
-1.0000279655931403
-1.0020029943123738
-1.0005585740357512
-1.0007134895966132
-1.0004232715633985
-1.001936784070363
-0.9995670333277311
-1.0005236638429806
-1.0004172047745343
-0.9989456919265215
-1.0026903324272975
-0.9988049947366213
-0.9995670333277311
-1.002872311316125
-1.0010546939934781
-1.0022573800869303
-1.0024421390392237
-1.0026308831342479
-1.0020827897875821
-1.0015881057085183
-1.003695198200643
-1.0018639527956692
-1.00288203837149
-1.0018661275987393
-0.9988557797379938
-0.9974685540993565
-1.004589275475974
-1.0041541953855384
-1.0028411587928843
-1.0099679651031797
-1.0024850848693103
-1.0022708122334327
-1.000926435537474
-1.0010974495584892
-1.0041835835312667
-1.0042122409524743
-1.0000100021612666
-1.0008507957361026
-1.0018207111389494
-1.0015194626038946
-1.0013567602260296
-0.9994082496164302
-0.9972426412523197
-0.9972670847149546
-1.0055244603115094
-1.0010703376552197
-1.0011376540746508
-1.0014699672750444
-1.0014816423505803
-1.0025741596132751
-1.0012558412228898
-1.0068408577558974
-1.0021150975867759
-1.0009135269845126
-1.0033231105907623
-1.0022692661845172
-1.000976864751399
-1.0024337237669254
-1.006211612640742
-1.0062342750898696
-1.0027614747051068
-1.0034761444661933
-1.0056120381607108
-1.0018027624513641
-1.0012083853544715
-1.0030080629839917
-1.0035068830838045
-1.0008223353262973
-1.0040215594434438
-1.0013948416951766
-1.0035239068901438
-1.0018996455076634
-1.0015002806168507
-0.9999717832752437
-1.0149766578430213
-1.0052950625116066
-0.9993304245483013
-1.0007549090176895
-1.0011336222331755
-1.0025405276103019
-1.0014479317322413
-0.9976208416508
-1.0121425822326424
-0.9995670333277311
-1.0013831272735172
-1.001099061288301
-1.0023044267699843
-1.000439668821902
-1.0012816986464332
-1.003980151756695
-1.0021078171807851
-1.005732362836529
-0.9995995146165045
-1.001110785670943
-1.0063001357769248
-1.0032353811324288
-1.0018308246005652
-1.0054672007364873
-1.0048142019364878
-1.0062120578159592
-1.0036892242687434
-1.0041792694983567
-1.0019984371964523
-1.0012325634740251
-1.0017783869347556
-0.998680881766845
-1.003213505219722
-1.0007846466343613
-1.0023440274553614
-1.009060744639276
-1.0103573265707868
-1.0002858567134796
-0.999612707625829
-0.9993885100448436
-1.0022133461301386
-1.0021933994100933
-1.0074021399969966
-1.0091141478677033
-1.0037128497823018
-1.0090352803774443
-1.0039123623331028
-1.0027981366091825
-1.001770361817934
-1.0169002992555107
-1.0068556978805705
-1.00247622139347
-1.0005795180841521
-1.0044028858376388
-1.0088576420900717
-1.0034905957134552
-0.9999404720722155
-1.0038780475108697
-1.0041323003726166
-1.0040266630713255
-1.0028603917540053
-1.0011392934166796
-0.9960066679835066
-1.004344954686845
-1.0025486005867705
-1.000746991469894
-1.005870890156737
-1.0025758813206398
-1.001897550599503
-0.9997522885034993
-0.9990313802636999
-0.9933692743535083
-1.0013879244034882
-1.0012339214118762
-1.0023371384911934
-1.0050342168657842
-1.0051548842786222
-1.004414198115846
-1.0001302825100626
-0.9995670333277311
-0.9939994005323355
-0.9995670333277311
-0.9995670333277311
-1.0017497141194742
-1.0040090147705816
-1.0126643957543184
-0.9995796756702038
-0.9978210852062434
-1.0003069294196094
-1.0006754420982842
-1.0032522649733813
-1.0002763748740593
-0.9995670333277311
-1.00025765998687
-1.0034325786640355
-1.001506490327706
-1.0025862932162486
-1.0046241284988948
-1.0002858567134796
-1.0006343703674392
-1.0017092522524522
-0.9995670333277311
-1.0021404390848945
-0.9996201521588166
-1.004406711665995
-1.0024283205305347
-1.001441110318329
-0.9995670333277311
-1.0008247669715284
-1.0034298904278807
-1.0070939544194282
-1.0060794002971387
-1.0059204447943024
-1.0010526867254723
-1.003143162779482
-1.0002041334668104
-1.0016914443864255
-1.0044800282736717
-1.0018860735636004
-0.9997808426637744
-1.0053771728563943
-1.0011177907348092
-0.9997016289851169
-0.9998652338471409
-1.0011824839450587
-1.0016262196078207
-1.001218920521568
-1.0076639563139664
-1.0055837177783438
-1.002704145531529
-1.002282407203368
-1.001310432271115
-0.9995670333277311
-1.0036671562623471
-1.0025286921861076
-0.9900882743938696
-1.0140748217463513
-0.9995670333277311
-1.001811233084873
-1.0037627331530072
-0.9995670333277311
-1.002343338112736
-1.0037371388926126
-1.0022867825737007
-1.0017320939560386
-1.004004199601897
-1.0030057916230026
-0.9999383798496624
-1.0050512801958202
-1.0013632600659688
-0.998323256177688
-1.0007276910639171
-1.000619077331359
-1.0102689434102516
-1.0014259232843399
-1.007545408418412
-1.0050700758548268
-1.005555324029475
-1.0041537789235917
-1.0161937648432837
-1.0030583899359677
-1.004446722378419
-1.0052205925201723
-1.0006431049896296
-1.0015851360016441
-1.0020197243655078
-1.0030586619489759
-1.0034355876955159
-1.0028466943474978
-1.0006784112412683
-0.9999857166788476
-1.0061315996727582
-1.00496516756483
-1.0041482095921588
-1.0008947593732653
-1.003152640670876
-1.00323187624819
-1.0009102963476237
-1.002696212595823
-1.0126711740549652
-1.0003368699773953
-1.0056570844648571
-0.9997351212660729
-1.0095014312078812
-1.0009239652231783
-1.0002671400383067
-1.001739410159078
-1.002063400595505
-1.0040754661892943
-1.0035368881718632
-1.0001272527274772
-1.0002131622532553
-1.0006549424868398
-0.9971745371832902
-1.0041673933062758
-1.0022697247855592
-0.9993092961340044
-1.0011218985133346
-1.0083550617021486
-1.0013405730007772
-1.0000050977380712
-0.999095222617466
-1.0019156044737976
-1.0026172557903867
-1.0016497349000946
-1.0005218153551838
-1.0009917740699892
-1.0025126428302396
-0.9994684217206053
-1.0019036477308743
-0.998543975496552
-0.9971096299344411
-1.0021951612717848
-1.0022188548859114
-0.9989514796312738
-1.0004945941985548
-1.0020437646371152
-1.003318253990086
-1.0005940224514251
-1.0036974615703016
-1.0180820970340363
-1.0013509734834334
-1.000327734835433
-1.0011861897038754
-1.0020208270372553
-1.0017449714218905
-1.0016407522736928
-1.0039312951349522
-0.999650645139816
-0.9990802668517952
-0.9997974067077882
-1.0048725109943601
-0.9879216217752891
-1.0022207561624932
-1.0003630047236645
-1.001931047869408
-1.001534234789943
-1.0008969332060276
-1.0077681905598666
-1.0011674371223624
-0.9998210194988294
-1.0063553064436785
-1.003159475813008
-1.0032066630652527
-0.9995670333277311
-0.9979855472983519
-1.0044110607377135
-1.001788861318113
-1.002534439155262
-1.0012084439874784
-1.0038940581413103
-1.0014664917142033
-1.0015715543496424
-1.0001616472085204
-1.0006810479357602
-1.0005954380459552
-1.0062209065159013
-1.0045697780933605
-1.0036181297500724
-1.0022289145782834
-1.0002611021365997
-1.0033776609896294
-1.0016063232024532
-1.0062512154557415
-0.99654684386795
-1.0026299201116176
-1.0126587046055233
-1.0088780919380542
-1.006533627368218
-1.0016547626744776
-0.9968334172404876
-1.0042066393884839
-1.0002858567134796
-1.0034063461999745
-1.005087789187773
-1.0060279592272334
-0.9994326875017057
-1.007047563277905
-1.0012133677419945
-0.9997613044757812
-1.0097313931019238
-1.0108817854753283
-1.0025570833191995
-1.0020033550963052
-1.0016825836628274
-1.009479073675493
-1.0005733808790698
-1.0022817432728304
-1.0018643404691439
-0.9997413714773503
-1.0016471559496818
-1.0010658561736139
-1.0019111555753977
-1.0002858567134796
-1.0095738053680297
-0.9997869334428587
-0.9984738411757139
-1.0053138852234231
-1.0083293303303265
-1.001093716349335
-1.0026839007276762
-1.0100033636927184
-1.0032995726922547
-1.0034621703905193
-1.0016591281544072
-1.009302260352551
-1.003707482281543
-1.0046196358819146
-1.0004954215866868
-1.0021754147773634
-1.001649658762989
-1.0008856584444397
-1.0019742933956137
-1.0072704269481785
-1.0046745991754675
-1.004714861580177
-1.0103552284708126
-1.0057198307554667
-0.9995670333277311
-0.9995670333277311
-1.0002858567134796
-1.002963104329393
-1.0039046756065835
-1.0108141154915367
-1.00316990819683
-1.0047775072530554
-0.9999355986320988
-1.0023560547967283
-1.006665899696147
-1.0023640243789524
-1.0017040452068509
-1.0064887520071528
-1.0020095108743305
-1.0072028333832546
-1.0099709722036114
-0.9995670333277311
-0.9995809531989236
-1.0006309707843286
-1.001169920286194
-1.0021125136926652
-1.0024921385552132
-1.0029074052777884
-1.0029138222589815
-1.0037025782600961
-1.0015385437246778
-1.0019488956154117
-1.0029329613308238
-1.0124519062349195
-1.0022618156182108
-0.9984884259035964
-0.9988372580159768
-1.000610355661974
-1.0052823535148843
-1.0012914616042
-1.018898167730673
-1.0010336568315346
-1.0013916803778622
-1.0019241611248202
-0.9750795649208328
-1.0002858567134796
-1.0011462939351476
-1.0015794290112543
-0.9995670333277311
-1.0029249909653752
-1.0074199231872418
-1.0025805367066325
-1.0013689147096625
-1.001112901944194
-0.9994099750198375
-1.0023721333458386
-1.0033968074474804
-1.0006578045792387
-1.004654344126102
-1.0009565241546685
-0.9999666990835642
-0.9995670333277311
-1.002108187347408
-1.0025897461343232
-1.0030618927483816
-1.0026782712897813
-1.0058560808866046
-1.0011139976448118
-1.0032207616810846
-1.000458834507
-1.0015974727723065
-1.0006084517919849
-1.0057436942789462
-1.0025325921846067
-1.0025216904717098
-0.9995670333277311
-1.0127897756908042
-1.0033808567470581
-1.0043462886660794
-1.0056869182393269
-1.005570112653065
-1.0074098011323207
-1.003607257692892
-1.0015907593276228
-1.0022848468491512
-1.0025958356221116
-1.0010650886293289
-1.0019637329504616
-1.0010690367497543
-1.002114765832149
-1.0024279025727254
-1.0089252690463477
-1.000081893716376
-1.0013767934375095
-1.000254067339172
-1.0044315528932468
-1.001030643637921
-1.0005343088805727
-1.002211790639206
-0.9995712346170179
-1.0078398558977102
-1.0018359500961385
-0.9992557336034724
-1.002516981990485
-1.0041870352791888
-0.9996451708241749
-1.0007212566801051
-1.003274854559582
-1.003324146539808
-1.0008123935600635
-1.0026808126539093
-1.0043249041956994
-1.0051712645397268
-1.0081369199478394
-1.006559237661171
-1.0106325139562276
-1.0000134996780627
-0.9983031296410272
-1.0091449789990417
-0.9988767439489463
-1.0026330390275402
-1.0013390142326228
-1.0038922775668473
-1.004382642056484
-1.0035261521190304
-1.0035392278816375
-1.0059001687791647
-1.0008274255629241
-1.0031758920204115
-1.0134326575462471
-1.0034977993708212
-1.002730591854712
-1.0029442629674736
-1.0095615567744085
-1.001567165441635
-1.0004153978425694
-1.0097140149712553
-1.0162524160470063
-1.0032212471874171
-1.0015953064785024
-0.9994070949716399
-0.9995237952965859
-0.9981218172838362
-0.9995670333277311
-1.0041971734418635
-1.0002858567134796
-1.0040146771873566
-0.9993597145569638
-1.0049914554917736
-1.0110378849116355
-1.0021011221267406
-1.0091980367892432
-1.002424199977817
-1.0047666252903236
-1.0022165970892583
-1.0025135034964858
-1.0024030943518145
-1.0012123727255449
-1.0041592596238265
-1.0024184874768527
-0.9999984935779883
-1.0018266721295146
-1.0009433045130915
-0.9996169981804687
-1.0002406990590564
-1.0032466746039954
-1.0024727436223753
-0.9995037961812583
-1.0042273102907546
-1.0102729862443818
-1.0002800625262966
-1.0090372887865877
-1.0018187554787255
-1.002655240691801
-1.003789680107889
-1.0047321626316112
-1.007622545850038
-1.0116116045469168
-1.0010641135715013
-1.0044343759089345
-1.0243343293139966
-1.0082102908654247
-1.001249539946032
-1.0057451747931987
-0.9996283707060748
-1.0018295499982801
-1.0024508394426719
-0.9992929803259956
-1.0000320556006947
-1.001159137258408
-1.0052766699304199
-1.003347751916184
-1.0021957400156238
-1.0029707839971354
-1.0095291303007152
-1.0089844506992915
-1.005263335652882
-1.0068842716375612
-1.001094240881815
-0.9999944024327584
-1.0023386917244985
-1.0041415869358246
-1.0023258485988795
-1.008173667920637
-1.0037400517950452
-1.0006205051664971
-1.0012722695654392
-1.004443785779674
-1.0013057726716585
-1.0032409594747116
-1.000688770280831
-0.9991768668310373
-1.009573862875853
-1.0024361008100993
-1.0022085729817352
-1.0020965216152482
-1.0022699483131143
-1.0035151800888031
-1.0033148336834934
-1.0061999998082576
-1.0051567600909872
-1.0045756624988504
-1.009470796313935
-1.0143767226679146
-1.004037274629654
-1.0003296586921433
-1.0018598473492324
-1.003732940224403
-1.0037058286459946
-1.0093033607523942
-1.0025510517335068
-1.0024850370402496
-1.0013404921054982
-1.004493238072071
-1.0026152658508753
-1.0021183737406032
-1.002468011179478
-0.9995670333277311
-1.0026553821048232
-1.003688592552058
-1.000630128730514
-1.0129090600910864
-1.0081079208987314
-1.0110094767274242
-1.001550920843652
-1.0016051999209057
-1.0005151221725865
-1.0022082952862323
-1.0018035114256323
-1.000779791789226
-1.0018328545593116
-1.001372096280516
-1.0016434920889092
-0.979211437531408
-0.9984434762151128
-0.9914262645944342
-1.0048175286221532
-1.0030841587712191
-1.0063304875340155
-1.0027927135784125
-1.002483776513504
-1.0007108926493538
-1.0014946756485412
-1.0029386705369925
-1.002781396321851
-1.0021326459983417
-0.99873629789236
-1.0034242002682277
-1.0086470803278718
-1.0002693711740354
-0.9995613606181182
-1.0054763694800917
-0.9999177924762737
-1.004720762169854
-1.0032746598090303
-1.0046985909240755
-1.005482846553329
-1.0036466128407886
-1.0068336094787114
-1.0026967845150692
-1.003768371228238
-1.0009088147282257
-1.0037111750315255
-1.0007444984367435
-0.999174890416948
-1.0021120746538972
-1.0022244756691534
-1.0078185509074267
-1.0035208832052676
-1.001782539988545
-1.002706314654005
-1.0050751421941997
-1.0026440320491563
-1.003888508981424
-1.0017080038831776
-1.0035620792152757
-1.0020364007324167
-1.0053041155026055
-1.0024973487396824
-1.0080712647167527
-1.0012694638195816
-1.0035403990099512
-0.9984942736539304
-1.0046691276858608
-1.008818216106985
-1.0004877170524797
-1.0000560094249638
-1.0008910929600563
-1.0034774239618196
-1.0022668357073208
-1.0030056997678416
-1.003405847656486
-1.003945698395321
-1.0080616074583064
-1.0190935871106
-1.0019247409136136
-1.0035430446902884
-1.0010810262104914
-1.002924544821536
-1.0012979375885767
-1.0013729446554642
-1.0039465227587514
-1.0028456455213532
-1.00328121803871
-1.0005569388145779
-1.0070850993879124
-1.0082957673947084
-1.0019498348220055
-1.001786671217392
-1.0027704621684208
-1.0036405393093633
-1.0033610802157629
-1.0054154982414905
-0.9986007428226501
-1.0049863260531162
-1.0042360504674601
-1.0043578043039316
-1.0039656283592153
-1.0039258770422312
-1.0043988699385067
-0.9980736958173952
-1.0039720172996778
-1.0005023677155802
-1.0010839178012232
-1.0040116965974222
-1.0039739125417086
-1.0038262072708326
-0.9975621349358155
-1.0011913053317913
-0.9997252484546627
-1.0005333645431556
-1.0011853956724226
-0.9995928768717811
-1.0009614339519421
-1.00296663850352
-0.9999366570672161
-1.0011685883989117
-1.001337418278656
-1.0010754951708334
-0.9998313973428248
-1.0017510950105164
-1.0040169954516507
-0.9748936267305112
-1.0019785153234113
-0.9995694041740296
-1.0023292427411006
-1.0038699280899621
-1.0063109994646773
-1.0003096841406336
-1.0016925846621882
-1.00376375387804
-1.001497735732499
-1.0033528887397498
-1.0018828831526028
-1.0008257084752605
-1.0041148304956908
-1.0004494393584116
-1.0007992556663456
-0.9993754968227979
-1.0009119702386553
-1.002871370393718
-1.0041750295962695
-0.9995670333277311
-0.9975062770028552
-1.0003932070658346
-1.002494972526069
-1.0060601449310438
-1.0021343698074583
-1.0027824470651514
-1.0012874702842232
-0.9998517042997989
-1.0045018474298648
-1.0030603344639966
-1.004639236414686
-1.001052863519269
-1.0045965339879896
-0.9994554135817194
-1.0025671710648343
-0.9995670333277311
-0.9995670333277311
-1.0008908665730418
-1.0026930247894361
-1.0008197930480969
-1.0013367274642415
-1.0026553279810702
-1.0026012185590716
-1.0000532074852861
-1.0007775428538421
-1.0005536233592864
-1.0017803329022013
-1.000445626416016
-1.000838560433441
-1.0014905249221597
-1.001418004340192
-0.9995670333277311
-1.000343200766989
-1.0011330199071984
-1.006075891782467
-1.0034400943580755
-1.0052873704247234
-1.008234089655391
-1.0016203507487587
-1.0052935947012263
-1.0008442088786156
-1.0068546039928148
-1.0002396024910696
-1.0011220880115363
-1.0007566811031845
-1.003189538088991
-1.00090141444295
-1.002538106374993
-1.0004531176056626
-1.0033433327253816
-1.0015072579161979
-0.9930655776421822
-1.0072522439764442
-1.0072641414405417
-1.0030919180752775
-1.0039388793630364
-1.0115011135264953
-1.0059125086635397
-1.0070729516473742
-0.9995670333277311
-1.0016057761911856
-1.0036349001320306
-1.0047941980157642
-1.0055602550403053
-1.0011657163031225
-0.9999623211123884
-1.003226894682773
-1.0030852506173655
-1.0007020326622
-1.0008928139302764
-1.0104509613583998
-0.9981075713838858
-1.010802133529328
-1.0048951880316923
-0.998925163581844
-0.9995642864308214
-0.9934619583846026
-1.0131852473675953
-1.0012794054359229
-1.0031615667289229
-1.0147323093031266
-1.0035253497228225
-1.0009664904735915
-1.0049813646589736
-1.0026353677597273
-1.0071625196054206
-1.0011146326755105
-1.0034764294472103
-1.0025852644033957
-1.0042088738265087
-1.0010291880199993
-0.9987383547708056
-1.0004519477451361
-1.00372081982536
-1.0003068960790014
-0.9992444746697339
-1.0024746353988576
-1.0015479250704948
-1.0169814770472334
-1.0132889843309167
-1.0014407343105516
-1.0016517956014483
-1.0006044998591188
-1.0026317603158579
-1.002225722123177
-1.0009874393842382
-1.0024264911576086
-1.0010322345039957
-1.0028532008548714
-1.0037839427417414
-1.003448600718634
-1.0031836988551368
-1.0024522525621598
-0.9997825891518863
-1.0007055075355133
-1.0027051018194157
-1.0006822407664453
-1.0020371851238816
-1.0026560625553276
-1.000783914029695
-1.0036624873296267
-1.000229273883631
-1.002245108564694
-1.004823077879968
-1.00383247882835
-1.0019916749441187
-1.0007736377475145
-1.0011646379871275
-1.002122576473449
-1.0105101603176874
-1.0039885747918835
-1.007672213234927
-1.0201265480841006
-1.0046366361416903
-0.9990609196835908
-0.9988260231343462
-0.9994321661456202
-1.0016302523965157
-1.0075487512255714
-1.0038734744649203
-1.0009817655019408
-1.001025779541296
-1.0017580997371698
-1.0019604727704956
-1.0049347478691688
-0.9997306004938028
-1.0022232557207
-1.0075770511064546
-1.0096758535482921
-1.000856983172071
-1.0009395767686702
-1.0048825872431244
-1.0024135060095376
-1.004017546311609
-1.0010837918426159
-1.0146006942382848
-1.0010098570413952
-1.001423486068811
-1.0043696402474769
-1.0061461926903088
-1.0006925985557529
-1.0020193979953365
-0.999416577265634
-1.0005080077707418
-1.0071970313540008
-0.9995504091446801
-1.0009626165896233
-1.0002990938918508
-1.0002240354187566
-1.0002293685497587
-1.0048171232707548
-1.001099600258359
-0.9995670333277311
-0.998989440187903
-0.9994671520966841
-1.0018951174797213
-1.0019209344031224
-1.0021421873649135
-1.0030081844294634
-0.9953232297687923
-1.0047237074854825
-0.9994622549109805
-0.9995670333277311
-1.0036728179171797
-0.9995252211238322
-0.9996438513446984
-1.0021750593544279
-1.0080049104743098
-1.003896380903025
-1.001877664728447
-1.0023897351272706
-1.002846706849108
-1.0005356753885533
-1.0022046934124362
-1.0025692401492488
-0.9985009991030566
-1.0040014867125497
-1.0017680577254604
-1.0043313093591666
-1.001055802667405
-1.0012141362923985
-1.0035153484545862
-1.004670675797348
-0.992510693677297
-1.0047662663455084
-1.0033954738292064
-1.0005968196430963
-1.0085705821709272
-1.0010523012722317
-1.0028725525608562
-1.002304395232139
-1.001256425504534
-1.000409991954904
-1.0080789586325993
-0.9977689460676357
-1.001072299652202
-1.0009358188760387
-1.0009358285163321
-1.002216389283332
-1.0023664692391703
-1.0005206070421657
-1.0052640385168667
-1.0038163610942448
-1.0033870975717154
-1.0016430537225325
-1.0013690854803934
-1.0020705391274807
-1.0021289119670342
-1.009803196724223
-1.000283418819707
-1.0023464316066333
-1.0047510191820181
-1.0036818326340136
-1.00388239525943
-1.0036395033739471
-1.0004066243171459
-1.0035125112580872
-1.0052758154332673
-1.0052958381249235
-1.0055576872924084
-1.0008985477339432
-1.0011885014317174
-1.0051124265595173
-0.9992327206541658
-1.0044769383824583
-1.0018674257327096
-1.0057763355768072
-1.0032917580841496
-1.0007373968601398
-1.0002749695686517
-1.0018190241505478
-1.0025505276766145
-1.0086144462812274
-0.9988025132805222
-1.0040087620117042
-1.005450188499502
-1.0006619724366936
-1.003346090858396
-1.0003993844234165
-0.9999509966668575
-1.0023899562382579
-1.0025278982074806
-1.001969959155437
-1.0000883671616285
-1.0007036624774708
-1.003739780406102
-1.0031925808980504
-1.00181585811966
-1.0038696855493863
-0.9996427839251083
-1.0040305714309103
-1.0059910164377928
-1.0021755665665892
-1.0022454496925242
-1.004452466956292
-1.0046494218240838
-1.0046450172437318
-1.0014464740545774
-1.0041246346777895
-1.0015420290324382
-1.002008596045581
-0.9998762495268386
-1.0024653013918277
-1.0014517851755083
-1.0031413088755925
-1.0008767660555957
-1.002842025950287
-1.000576905486943
-0.9995670333277311
-0.9995670333277311
-1.001760430449977
-1.000894312488144
-1.0027472828979216
-1.0087399210934849
-1.0003499553384054
-1.0016861936164636
-1.0018515927891998
-1.0017385417922435
-1.0026749660312537
-1.0042382570504111
-1.0005713179471132
-1.0022345759049753
-1.005733599023289
-1.0011868257008132
-1.0038879955480864
-1.002069729431683
-1.002962779849332
-1.0081159800280088
-1.0033376327212045
-1.001514176087727
-0.9995670333277311
-0.9987980899896336
-1.002810287055717
-0.9995670333277311
-1.0036380761394574
-1.014382944963268
-1.0053811373691104
-1.001405632843846
-1.0031875436383242
-1.001890333139354
-1.0028668867840098
-1.000988086819563
-1.00370232181942
-1.0039441162175802
-1.0034752471614836
-1.0026142131610332
-1.0000495023511151
-1.0035123974032385
-1.0007144538173385
-1.0035666513474442
-1.0047184770103015
-1.0049509023938301
-1.0016228051085254
-1.0013967066181029
-1.0039317848751088
-1.0020016067721964
-1.007481049498869
-0.9995423953262933
-1.0020740748782409
-1.0033268167177676
-1.006825140537991
-0.9990000971131172
-1.0010542457073457
-0.9987693226095888
-1.0030478978055029
-0.9966647895851528
-1.0042613318103069
-1.0012618023171824
-1.0005663388379893
-1.0025912395455365
-1.0042503557102145
-1.0037739295023758
-1.0022067738317562
-1.0033282571694495
-1.000700187816138
-1.0002758029811396
-1.0034304392031597
-1.004519322858529
-1.001844019244189
-1.0034904459380825
-1.0029424348858185
-0.9995670333277311
-1.0054261357822882
-1.004716244805656
-1.003426070171731
-0.9997156263134245
-1.0056438955950766
-1.0026713873783957
-1.0035933822607277
-1.0011733836666274
-1.0099019807560201
-1.0086872421984605
-1.0148412077072708
-1.0002404006821064
-1.0004424768943743
-1.0008874183827232
-1.0040251660876223
-1.0045931655447182
-1.0028024149660517
-1.0029011027306942
-1.000712103732757
-1.0026859539171853
-1.002502648850517
-1.0037803103873886
-1.0027653411967345
-1.003508468016358
-1.0029297049716799
-1.0042783206575234
-1.0038015490891028
-1.0018475666322049
-1.0115218493324316
-1.0042720094030217
-1.0011660160816507
-1.0049408738925414
-1.0036251970222532
-1.0053927192514645
-1.004427133675239
-1.0060773862307522
-1.0010664137425667
-1.0117903965128252
-1.008756377459855
-0.9999567429909283
-1.0086069829840447
-1.0010777178796157
-1.0012512995416913
-0.9995670333277311
-1.0039337327143585
-1.0007091476076044
-0.9875738043656584
-1.0018711939539293
-1.0020949431249053
-1.001260409064463
-1.0014921709230689
-1.0038221934854628
-1.0028006091880304
-1.0027186024570787
-1.0011367778780569
-1.0032938075026179
-1.0029625011233336
-1.001553924220282
-1.0016210029928598
-0.9981267486584213
-1.0050458103431104
-1.0014624511391783
-1.0030020748240909
-1.0018407888857603
-1.0149492971675387
-1.001805203065543
-1.003625161504666
-1.0041442126284807
-1.0006048437659096
-1.0012088092356963
-1.0060681250987513
-1.00473604300713
-1.0019019229311819
-0.9967482283434402
-0.9999591106897264
-1.0034706264247282
-1.0050532201909723
-0.9983498847398944
-1.0044895165011225
-1.0064139176172282
-1.0024366248281242
-1.0041396045276
-1.00149111575965
-1.0050570495418532
-1.0014636748499637
-1.0073813719835643
-1.0044748158407977
-1.0054605654516569
-1.000061250080677
-1.0052159474366056
-1.002971016716486
-1.0112628131822055
-1.0092120383505163
-1.0050652907666489
-1.0060573353931086
-1.0010821202967106
-1.0006417428012582
-1.0042823541058827
-1.0029696614795893
-1.0052953803046876
-0.9985227855850051
-0.9997576705622176
-1.0002408132033103
-0.9994850061296506
-0.9997120719281704
-1.000198962686504
-0.997769999312759
-0.9990900774611046
-1.006095234123844
-1.0028702394180655
-1.004074105822807
-0.99958741315372
-1.0013423424205912
-0.9991714540746676
-1.0081410291050075
-1.0032275475877641
-1.0030324886999975
-1.001344349959511
-1.0070465267649533
-1.0015776159626832
-1.0060363494212474
-0.9993113552677212
-1.0006801154964444
-1.0029511489667735
-0.9997811846173125
-0.9997797117029033
-1.002877129054606
-0.9995670333277311
-1.0003254419667655
-1.0003988543468187
-1.003363511706024
-1.0004096960799793
-1.0056957937652315
-1.0013709628791083
-0.922050359050178
-1.0046263542483804
-1.0026798906128414
-1.0016556147091116
-1.0011332699256403
-1.001504372561798
-1.0108470214525735
-1.0040403087482939
-1.003715654192554
-1.0002858567134796
-1.0016214406053114
-1.0034080642265608
-1.0035699495094983
-1.003119961573314
-1.0026112003556937
-1.002307543605199
-1.0044024888335232
-1.0017608842871546
-1.0020723809892758
-1.0033132843131387
-1.0031933406594211
-1.0071104682579084
-1.002021931347917
-0.9995670333277311
-0.9995670333277311
-1.0030006922664239
-1.0032613788232265
-1.0002040961195329
-1.0024291205708904
-1.0046560311507973
-1.002711232041241
-1.0016802862536567
-0.9992067116598526
-1.0060828816056935
-0.9995670333277311
-1.0005692722095731
-1.0003198279193795
-1.0039180394163678
-1.0081361598219702
-0.9995670333277311
-1.0038953999894267
-1.0035851197186352
-1.0021960085438113
-1.0024980976635405
-1.0060075844335543
-1.0028036899673534
-0.9989690178236388
-1.0062682203395301
-0.9965292733657751
-1.0010205442117708
-1.0018696759890022
-1.002005686477609
-1.0153024442014478
-1.0023415868660095
-0.9977972699076693
-1.0031413292562412
-1.005828310346296
-1.0017081902150573
-1.0018795848937943
-1.00468912005404
-1.0028098862352035
