-0.47710817394114
-2.925331022400208
-1.0896603071588586
0.3188315310953769
0.02616126271754382
-4.680788694256314
-2.471721523917161
-2.4447879971746787
-3.9906391589643206
-3.1925005749384425
-8.035502498622584
-5.007962610627722
-5.493103445294317
-1.7121662572153653
-2.070386848998858
-6.487525836986386
-7.405428805535514
-5.399914700304755
0.7144132857398446
-2.2570785119479595
-7.015673268038206
-3.9977616764845223
-6.604953672754284
-6.468888333497382
-1.9137721012680302
0.9813791576809692
0.020795961214268743
1.6471665465487533
-2.2164038663114596
-1.927414064770808
-2.243983554742279
-2.2725630178300733
-5.399041229475991
-1.8136860244798143
-2.0559442999172077
-4.432643469053353
-11.345475104612895
-6.4815406415428996
-1.9571206846095563
-2.43427648408818
-1.6939599468714803
-3.415431183816743
-6.338914951127329
-3.8826861693646677
-3.278261412639843
-6.953114311424208
1.9461088371852995
-3.8440570682473734
-0.688199262798669
-1.336264946964441
-2.346458563361928
-5.251061641135273
-2.98127108399877
-5.261675048587115
-1.6905905273155284
-3.5914328010322905
-6.537831473170975
-8.442741407910724
-1.112995038808556
-2.9481810700943996
-10.639446053357354
-1.73856444623312
-6.816988116083742
-6.929165568244123
-4.398520214459047
-2.0449200598642463
-2.9574189187064874
-4.962590847110285
-4.259598871611395
-7.788685749815052
-4.410783667020503
-4.098634780482378
-6.805888528837507
-1.003067189563474
-5.682889721800059
-7.795557579174904
-5.0851261217053505
-4.679073884481461
-5.611274059122145
-3.099821866249961
-4.993296507821817
-1.620568492895707
0.32821602244290915
-4.4261695441229065
-0.6754185287775343
0.06327853563742991
-5.079845216822385
-2.9102079963345275
-4.790745611744235
-3.9761939708381604
-3.3231451139961408
-5.767481903517599
-7.473933673637255
-12.727827850911588
-3.347244122872219
2.6204642342474855
-0.5741261978934133
-10.202666729934329
-0.8731226077567342
-6.9893590615237216
-2.5511947408437052
-4.68967658334703
-10.127970536456708
-4.206031056417608
-4.206031056417608
-5.477691137877748
-4.206031056417608
1.1828334164371128
-12.531609967842321
-2.1910576748969177
-3.4802336123325475
-2.655130298193974
2.462647619600368
-0.4918473842901747
-1.0916859509392296
-1.0687755050080412
2.1485047220488624
-0.4449383039042303
-4.129857155410498
-9.492430515952158
-3.7027966189747374
-4.820913513521198
-5.739563744863524
-4.251724198590644
-4.561218176284122
-1.970693860523177
0.25441876755632364
-2.858372680678606
1.530098867991903
0.6735290412022934
0.5279614334691516
1.1761441399254338
-3.3070822240722535
-2.883369720370986
-4.493640184642125
-2.882213885592712
0.12776231200745514
0.4669501931753004
1.3028588131887702
0.5572580338269901
1.311588261405852
0.25768557096602507
-5.518663906456375
-4.259038493033593
-1.6565099476556568
-6.885753844627523
-10.403791754581
-4.679131095270243
-0.7824477550599411
1.0000471353822533
-5.396094804856837
-3.9225570783804713
-3.4658649485279582
-3.519052858395078
-5.543392712931343
-4.445750395922808
-2.244675064963424
-3.4873595475932078
-0.11879762184799603
-4.938481904804355
-1.5136650533405671
-3.5669341755866597
-1.391900662736255
-2.3217077583545986
-1.1347967374565613
-1.7410093230631745
-3.141786138749133
-1.9976031363572773
-2.308804210531896
1.8392721053962688
0.6134276297597054
-4.71520617081854
-1.8862242199911705
3.6212200442597506
-0.7915934728973824
-8.686683714782255
-2.3232824721438945
-1.1788612868289263
-5.180409853629278
-7.058153067615429
-4.340206965090154
-11.008112056162766
-1.7362621672775802
-8.683331234214968
-5.505211435258396
-1.3505424084372706
-0.5526147691426857
-3.15930257594119
-7.186210226398323
-1.8500706041801394
-10.052734416242636
-2.180584717690415
-5.043208545132309
-8.96015871740429
4.159692925473784
-8.883052209052387
-14.273487921846375
-8.861904155838836
-4.206031056417608
-2.008396077786877
-5.059402140873324
-8.37806595746327
-6.169956267903906
-3.682951620780166
-4.073558170047825
-3.09937911763587
-2.823660044409287
-0.2678454946958553
-10.811401357611324
-2.964929884567489
-1.8555258898957234
-10.466508598273215
-6.145321379061791
-14.19371101596608
-6.984436006787753
-3.0187524691693923
-2.4493474168998617
-3.4403417581767215
-2.04402544837388
-4.178532019876009
-4.375950320048453
-3.6252126239700218
-2.569899281164119
-4.206031056417608
-1.0440133798971445
1.000285946000183
0.999767300768319
-0.3489193334922973
0.3114278125428811
-4.953384035624033
-6.183830787656582
-7.019155504762018
-5.122994282253792
-6.757368648842096
-8.697306128879298
-4.0677061792419025
0.5895595366125619
0.8601812714709851
-12.52920723813407
-1.6543033537514091
0.7420713776820023
-8.835075793869017
-2.963094627812559
-2.827512400538474
-8.583939513722392
-9.861048462331048
-1.33179041567508
-3.199340972589205
-3.133531538081236
-4.206031056417608
-3.5885756159563087
-4.614140952014743
-4.867957751904562
-5.917961596368293
1.7085346532365904
-3.7708632457288402
-3.6503504471491013
-5.182411352082916
-2.2232290274671485
-4.952789405162214
-4.931359805207883
-1.7301037132950867
-3.1823417009970925
-4.201776736132736
-0.6538944803036273
-9.685074355519426
-5.4169884584818035
-2.080873950594203
-2.920391009948851
-4.06072882875106
-9.010017326975465
-3.6823070981489607
-4.470015653176695
-3.1616235070321252
-5.4514122934387
-5.170864846337061
-8.10704204797981
-4.206031056417608
-7.025606503102729
-4.668023147775564
-9.838728595803794
-1.0005337852238725
-7.276247457423445
-3.3842969920491512
-0.31216313563255227
-2.141031471313802
-1.2727532189509319
-6.136656427456053
-5.653134098973517
-6.544790218927581
-6.790209075237733
-1.8102586716926297
-2.1731036177911918
-4.206031056417608
-1.7068659890596862
-4.446077306225682
-2.1142638029194885
-2.3988932925942734
-0.37847868094707593
-0.7675899128875088
-3.053243118830217
-0.04761002620626442
-4.4413525186336145
-2.8991558932546084
-1.1944568955400499
-5.4060867168266284
-5.747960199988945
-4.642472231608856
-4.250554894511545
-6.81804798571239
-1.0005337852238725
-3.66225993037029
-2.359252846590273
-2.7603404531092863
-4.432348515505971
-6.904143184975972
-1.6293634076289507
-7.1420198013511325
-2.745996617828048
-3.7826383231696425
-3.7872332414928067
-4.137013121611297
-1.719588642959259
-3.507523608310983
-1.520403279261707
-4.5711389471383725
-3.972508957077828
-5.8149424297053045
-2.8553510900721975
-2.5332172011649234
-5.8160875316651826
-2.7505800832188996
-9.699395555423855
-5.129035880346812
-10.701368602620398
-0.10691979127728501
-3.870013012955731
0.5964625086804674
-3.508170149992914
-5.6364569550522745
-4.33090220033592
-0.9613938332686374
-0.9530047641267245
-4.026011005431094
-2.457050493338791
-1.1906109356193681
-1.0380280501857513
-2.490333535101861
-2.9975190135070378
-4.037004280088816
-0.37432221708821345
-1.2280847833089936
-2.6711543560649105
-3.7278572600128044
-10.066924482292627
-5.696907879720477
-2.568572435651511
0.16679773877296356
-2.291232904294823
-2.1645807959928405
-4.206031056417608
-4.126137775171294
-3.1232995959356984
-5.4781022369287555
-2.1443595930161408
-2.112567857486404
-5.417049782910119
-4.283486988259831
-3.2594671619252793
-5.7520211650168065
-5.7336624831607494
-6.453856148738062
-3.03394634045231
-2.2500094213613764
-2.8840206082928788
-5.684426720278232
-6.332298272295027
-4.206031056417608
-5.804648549247425
-2.718036122086353
-4.837118424907096
-3.917641757702434
-6.463263475568063
-4.206031056417608
-3.8125712345411173
-3.0181031662158446
-6.5815089568305964
-7.029863888807661
-0.3585098685571282
-3.7397887143121196
-3.380618759356487
-3.335342683973529
-2.6185229945076642
-4.328845369154017
-4.228523334838094
-3.544582114922953
-12.604879943396448
-4.107984049510044
-2.769413870015917
-7.284174293945519
-2.535982272034069
-5.445320227126338
-3.0356176624694697
-1.682743348509696
-0.9642525010251646
-2.090785943729095
-1.5303058438406723
-6.940384402299749
-2.9833389577988854
-1.6332294151341173
-4.721832667558722
-2.191500620721065
-7.27061145809251
-7.564662052796059
-6.15712211727601
-4.0149757402500725
-8.444337620971176
-3.7962965876986416
-2.033351046956575
-3.3107008307503136
-2.1875976157247194
-6.200385551380698
-7.230882468337093
-4.398520214459047
-3.0480766558280337
-1.0968857137496641
-2.166177623798724
-3.9066630981549295
-6.101024566176996
-4.282128151626928
-1.9415199791524245
-5.324631512555818
-2.404864315841685
-6.012326344738092
-3.115162078156125
-2.0271609828327044
-0.1876144865303857
-1.2269647015311946
-8.632552545834308
-4.707349962398219
-4.4687052969803815
-3.710692772522755
-1.6853569888910513
-1.0486444487454563
-3.4323385673581086
-3.4096149983494186
-4.432755936405563
-3.4390694155262125
-3.3986738820889357
-3.295705291837187
-4.1904095169652535
-1.4235305867407604
-5.979191304526928
-3.005430863952718
-4.206031056417608
-6.11288151677855
-2.9864956198906683
-5.3448172874271975
-10.205150386275484
-2.89603443287627
-0.64104469542918
-3.6599498828061385
-3.867909620642088
-4.856138780047566
-2.7385084301248597
-0.05613888371113518
-2.352257132828761
-3.9823283959028757
-0.5960253146283847
-0.002424466519990176
-2.1883583262817936
-2.673179427027101
-11.911755738988866
-3.2613832715948163
-2.379204423678182
-2.0234190700472325
-2.9116998024891316
-4.937578552398698
-0.4179462781152168
-2.59510226053397
-3.9810081278216174
0.6954159010785972
-1.0005337852238725
-4.719555073199224
-3.5696566048031926
0.9311941174130354
-5.241484430341082
-5.286717113708285
-3.591315578545398
-0.6503774165283929
-2.250425266977466
-1.5915062785236458
-2.9861385762551507
-3.866820990469485
-1.4571905198993207
-3.98740255965766
-2.4127603122543704
-8.69141579323719
-1.0619416459991342
-13.84473899623493
-4.332718562665839
-9.625452373470246
-4.468860308077417
-3.2425211189615837
-4.837749777933148
-1.8326850942236277
-3.266837474078791
-13.415428252716715
-4.337245394348891
-1.9034378601167035
-2.3308003276631624
-4.234486703991145
-7.632382829648812
-8.936910365542538
-1.6655541985520657
-11.531527306151709
-4.628605464339337
-6.406151595535114
-2.566726235329959
-3.767583921351509
-5.750109715916558
-5.882933870216682
-7.624165681289135
-2.8753359031259222
-4.206031056417608
-3.059807345125371
-4.206031056417608
-4.206031056417608
-6.889448579763332
-7.223533035665362
-4.831035327168372
-2.6201698135651057
-3.370479922573743
-3.407142884089019
-2.1320372973723423
-4.7673067207425746
-1.9531047035150166
-4.206031056417608
-3.062640861695975
-0.8931097158925994
-3.5321391965694673
-7.06938891726498
-1.0598933877458947
-1.0005337852238725
-1.92974218340499
-2.591487753494455
-4.206031056417608
-7.914234132511531
-4.605418330378946
-5.2010113937351505
-1.1401699770451685
-2.923159847141399
-4.206031056417608
-0.9599563752423208
-1.373395920600963
-1.0474281960218903
-5.609031435208301
0.8790485481778134
-2.950071754026574
-2.1657972807155446
0.479345268188915
-3.2054819354333475
-6.524945242765405
-1.7987873152885712
-2.496147018574227
-0.34020955629569727
-2.658378959678778
-2.738977696429181
-3.7635429888361003
-2.215532106194594
-3.8496599738355215
-8.70929251747851
-6.485131030524379
-8.376897842069532
-1.443610395384333
-4.098695137702755
-1.6070044809237132
-4.206031056417608
-3.153011492965682
-2.63443519920191
-12.097049992523246
-11.616257982737245
-4.206031056417608
-0.23227277227943688
-4.556812375681837
-4.206031056417608
-7.3853467944205775
-7.219613659293948
-4.570678535823511
-6.678248533276367
-5.70311278793816
-1.7733511799244823
-1.6924517414549953
-2.3846481571705525
-10.72371635674427
-3.283179681711438
-7.005565634011198
-2.8176173030862017
-6.719636492890011
-3.729753581573057
-5.023704130831341
-2.438142991009279
-4.4778599055242765
-5.310056762641359
-5.108163875752673
-5.468219509245394
-5.830080784352738
-5.042623682777737
-4.736583994731639
-2.0902188620734776
-7.575588317818763
-5.22946101457331
-1.9220172193803435
-5.577348460953893
-0.3754445440439511
-4.724234298805307
-5.807668041854534
-2.547407842104583
-6.395904029743413
-5.918233364149735
-4.706398213837595
-3.1219678200950582
-5.57600848015705
-2.679103542190667
1.286339834642142
-2.6394847567752393
-5.189564810825807
-5.526597003911327
-5.145008314680702
-0.22905071948560618
-2.5541800587054766
-5.91714034506186
-0.11070081973117141
-0.5551269940066348
-1.4675166007186888
-8.209463660771014
-6.361228145119306
-3.9762295455650545
-7.9762793832326295
-1.8650966102458213
-4.421171518408649
-6.321094853539655
-1.4267899349137068
-4.119740930102928
-1.9099960642975091
-1.8921299678872927
-3.0871752221584146
-3.7232671581384764
-7.388012835391699
-5.689869803726545
-2.52997485265076
-1.6382884575409733
-5.203325822323684
-0.7830471476847904
-4.686466914463843
-2.5758279658465497
-11.205899160018824
-5.359968398119925
-4.1351447747583805
-5.310527807931983
-4.015740729429247
-1.6134394482628593
-3.775876048138123
-9.331166526049408
-3.0067936497345116
-5.624975018617654
-1.835072393364051
-3.41795249775533
-0.35015695865639174
-2.28550514469692
-0.06278862887860015
-3.211436045564831
-3.5950880084890358
-10.017505386942055
-6.17943155907188
-9.371068614811186
-5.66454489107776
-6.312553651165452
-2.3824331873127065
-2.4990018970862664
-5.288802536042802
-3.322662703247836
-1.3336867123396203
-0.621306544802458
-4.535206335684286
-4.102858336579295
-0.10575553914168978
-3.0989558482335795
-1.7237733329732308
-4.206031056417608
-1.1352447982933498
-3.6546211525764036
-4.367774105552151
-2.477356071501738
-0.603785805614514
-4.46974665300116
-4.728591671201919
-4.929746914122241
-2.807961523780712
-4.846298411405321
-4.647488129160031
-4.116154266905944
-3.7295735511025967
-0.01571360247783815
-0.40235878051385754
-3.6155322530028187
-1.8444926494964946
-1.3523134056370125
-5.835363235025859
-8.697256042943089
-3.0365661752571285
3.056092632974689
0.3763926766823644
-6.144878048481367
-1.6766241918325093
-6.069193697818839
-1.8666755707342944
-1.0005337852238725
-2.216021299294546
-5.5246878319369515
-4.784083617245763
-5.072093329593834
-3.5211614950329775
-3.743034753055447
-3.7388562668992407
-2.5559451410764567
-0.9763590990483024
-5.188936149456488
-3.8502260909825807
-0.08282034862418897
0.4566526966935882
-5.734177983692355
-3.8538931267852448
-3.388140576735289
-5.439900231802433
-5.744583748620933
-14.81364988614451
-4.301650209128532
-1.0005337852238725
-5.815391364806381
-6.15955646323733
-7.889712706496205
-4.467684171672779
-3.2433140208486364
-4.190981587739323
-2.0791710861240134
0.36738410331224003
-1.6124335052708219
-0.4679719313745707
-2.392676200679837
-2.797614032957661
-0.6451733465714895
-0.4633015317376774
-4.728364903029053
-3.6883959434362694
-12.248418083955933
-9.9404957789584
-12.787858281937595
-3.931716981933853
-3.086818255176702
-6.053439523371601
-2.9232638838207166
-3.5988627165601272
-4.206031056417608
-4.206031056417608
-1.0005337852238725
-4.660514820768533
-8.966065628536406
-5.742406299541251
-2.6490288455579574
-4.162594486183487
-2.4496758638317786
-4.595683366501369
-1.706409267245256
-3.7802614300048916
-7.5305595705374415
-3.6186446954345755
-1.6037680606270968
1.7494085324464024
-0.14622432665056095
-4.206031056417608
-5.09921164740684
-5.279432267782802
-4.428754403614455
-4.48365461895083
-3.2897719685477185
-3.3611716616118272
-3.3700286381083586
-6.0579600471819575
-3.5432341657401665
-4.0816907759059475
-2.4203300077135808
-3.442663941439271
-4.535382453348355
-3.966202207589056
-1.420485205725761
-3.802554019645079
-3.9314289137983067
-0.19866788399361468
-5.866358349550303
-4.1178552259593815
-3.2916374522470804
-2.2961408890505552
-6.835493898937337
-1.0005337852238725
-2.7034517200555754
-3.3254445072560728
-4.206031056417608
-3.0359013960614973
-5.20709764638287
-8.912684168189578
-2.0179542322929436
-6.189711180191132
-2.1539267603216175
-3.958292153625287
-5.217595807359665
-3.045826622500165
-6.21676579991243
-3.7006501177789985
-2.9262698388043944
-4.206031056417608
-0.03369359251383486
-3.7295126815414577
-4.167149041582213
-5.498033517216761
-1.9635683500384928
-2.999746596388725
-0.8798737983801246
-10.72617018617985
-14.942715497346292
-3.738789949779182
-3.4672673334210984
-6.062152468634515
-0.8689873435912503
-4.206031056417608
-4.858305298303897
-4.039197329182578
-3.80851048345324
-3.0373456668597854
-2.9344471988833973
-2.32936915023118
-0.15575360747403266
-4.771423915274802
0.6096676287135026
-1.4720908303965032
-4.96940711465755
-2.9612965958085695
-4.817013227177661
-2.859208241547556
-3.1804614998980085
-3.479705223936442
-1.529756047117651
-10.137757083074355
-6.457761740669646
-1.7798927746733924
-5.081746010159584
-3.425467543569887
-3.49941019927747
-8.7929684265821
-2.876861000237575
-4.2133472562503655
-5.8718014892886075
-4.177091451127133
-6.663930734222511
-3.233609959588996
-4.234396771681652
-6.533868812046883
-5.390442146421158
-0.7970903902945636
-3.5943942074084205
-5.385390531437459
-3.464256744187203
-4.828041163403675
-3.852543810878167
-4.079297738103726
-3.513827725930817
-3.6316872639268993
-3.0717836816552406
-5.786889491794575
-1.7434749218450705
-8.967717906726996
-10.909948827192473
-2.267820442204318
-6.667051629367741
-9.873859585628232
-5.255857065483504
-5.0289319352971305
-8.674824069616882
2.039943930077463
-8.215039365143987
-3.20033668119175
-4.2826542487671375
-9.374779052550373
-7.471388222216667
-6.417306920885842
-3.776811621317627
-3.7015240478609783
-8.613583835714742
-6.442266162770132
-3.0356495282530958
-1.9631750408348196
-4.3992584622933535
-4.206031056417608
-6.83077275186259
-1.0005337852238725
-4.1615568693557705
-2.418322591400063
-4.880307314355953
-1.643647511081106
-2.146439665375972
-3.9036994782472973
-4.427448587544411
-6.574537999734964
-1.9423980120336708
-1.650613663908878
-9.096092328745051
-4.815345602259079
-5.550252388019665
-5.829342963341567
-8.481298040296458
-6.362187253894383
-5.315234335878934
-5.492460307324002
-1.9760966790796672
-3.4723854362938553
-4.049017157830129
-1.1658306316195493
-5.18677540715931
1.4747519331357282
-3.82755065831919
-3.798700614464117
-2.5828107867345196
-6.377235037055819
-6.240067754784953
-4.8020315522158015
-0.1780737673340198
-4.176945576770557
-1.337045404015619
-3.1296671793077238
-11.155194825513384
-0.9318950273377666
-2.43700932719981
-0.8020705694386905
-9.268648655791033
-6.548590187917064
-3.0392128354714103
-2.1889505744943634
-1.791950631714947
-4.968890931484005
0.20846695753299826
-7.007805361411791
-2.8723391099073368
-2.1109612051558386
-3.17902442426044
3.885162138076332
-2.3301730091909647
0.434590651101864
-4.5424952318512695
-6.1068029382592
-1.919185395132338
-1.8085802511617501
-3.6420592999741146
-5.0597706642209985
-6.917753739443704
-3.4192654013024892
-8.064372304592105
-2.871193897442943
-2.539296840341315
-0.6052496498794042
-6.475884572134994
-7.379203762647315
-3.428002704359308
-10.640299444414616
-2.866649073864558
-6.511766177515945
-2.541965644419413
-1.9675879342245324
-2.097602135856512
-3.920681594119067
-1.6277602143911807
-3.5452567050371115
-8.57319217619159
-7.887813116039418
-11.540792590481324
-9.70573294280269
-3.7264242584694856
-7.189628755668089
-10.496050631054352
-11.909845551641418
-6.119272550491139
-4.654871461838987
-3.7755709565393616
-5.813283916579515
-7.576208156519108
-3.610959361008561
-5.434187186991274
-4.206031056417608
-7.7094543315896615
-10.255209749212675
-4.804083943295275
-0.7825292562628263
-5.851014544843004
-7.210056530865479
-2.0287945926950286
-5.73523733731691
-10.189630740993387
-7.659901718446356
-6.155938022780568
-0.5455125172569026
-3.5362526927706384
-6.463124027741863
-4.910653520712238
-2.165214670276221
-0.6792078038444131
-5.867499400378854
-2.4156003127324155
-6.143528053186635
-2.268591164263519
-8.801215045806778
-3.957418038753424
-1.217698130555739
-3.721857270707126
-7.031891320737948
-2.837702236520279
-4.167922187301549
-4.5539070240533945
-5.903253630078218
-3.1159621894639784
-3.499305178610264
-4.896627106299782
-7.170604077574474
-11.565282618781119
-7.236238423343714
-1.1529683526115448
-1.1972575644395036
-1.1016024500633037
-7.579676713656461
-4.372688155108001
-6.134554802901114
-6.53069214263315
-2.0990373654316343
-2.729431479540388
-3.456392411664986
-4.715650366603775
-1.9596708871885156
-4.521990563570519
-6.541948824309891
-2.7374727804805232
-10.519703659435784
-3.6195519382272394
-4.329937667765314
-3.9153151456922686
-4.133700148126657
-3.7353947219384125
-5.4443241189354765
-1.206673721728528
-5.796413460812921
-0.7222557764722595
-4.797892670505128
-2.142141538455242
-5.6307437646066845
-2.7696266787979837
-4.540079432909245
-2.223661740742507
-4.345714520432473
-3.5136685814789033
-4.331477516876255
-4.360144150235676
-2.883876861644474
-5.488308367535076
-3.9366303980732553
-3.2944370654837556
-4.364479678737446
-6.92504707863953
-5.103039087501777
-5.469546220016817
-5.00204917236352
-2.7899383423010775
-1.691282370749839
-2.1101977366399822
-2.260138412261206
-8.96015871740429
-1.6490404581366036
-5.694422582410773
1.45415452559336
-2.1252114872878636
-1.5214577477272613
-1.3812773130156373
-8.171003163376902
-0.5082389009936676
-6.010145357024619
-5.172707263076639
-4.027865322856776
-5.212254381685405
-5.616468830177617
-5.996745368841296
-6.397649181145432
-6.500768516477031
-5.469750671271193
-2.983038223848901
-4.213912785817236
-1.6544058310506742
-9.287181020951046
-1.8199703651030248
-12.225810180719414
-4.524046273099664
-1.1210107988674807
-3.2776266680006145
-7.049830846847847
-0.9577306403604169
-3.587082507738394
-2.316034526465735
-3.2950173443254087
-1.7872005439879857
-5.946750704743188
-8.56486353843048
-5.671079283889533
-4.391095750092411
-2.9669689648031934
-2.7608021674236696
-7.390518370663251
-6.991784005053439
-1.9485710471409519
-3.9093539657232057
-5.731754960998849
-2.9942970059630696
-2.6998564715829687
-2.399144851850231
-3.9244958795963
-3.826133332829052
-4.771450706655635
-6.61342117638015
-15.610519887373478
-2.245888623181152
-0.40136893852764643
-7.68762660811138
0.26447500281027914
0.5260390824001817
-1.0071745343788123
-3.398490168318979
-3.471104320245111
-4.206031056417608
0.3145485097797902
-7.123624956845113
-0.8989406727949998
-3.36879991681122
-1.3997725203212283
-1.985770531412193
-5.666817285913915
-1.3907552150153677
-7.835442535166642
-4.289226568632792
-19.091730713120803
-5.143146809147659
-3.5811310875784628
-3.8904656658603542
-5.627951252046962
-4.206031056417608
-4.206031056417608
-1.6013177952209006
-3.2008068937789247
-3.780794293383117
-5.622118910885781
-5.828948599676785
-4.774016624898202
-4.874755129553485
-3.4574711467531714
-3.6322795880686343
-3.566947022760708
-4.1788713261752335
-3.455360931344792
-4.79227090286259
-2.265188220877242
-4.206031056417608
-6.711513458266843
-3.5270371037883095
-6.200945741382277
-6.347463649411345
-7.631726003887032
-7.978745098204747
-4.396715978834557
-4.758738791321896
-4.960606851537143
-6.224902616002858
-3.3860333097429773
-4.077499250593412
-2.9238024635733453
-5.504789901747706
-3.5671451747096015
-3.8213685760911247
-3.0142817113410345
-2.2242381567803093
-5.446054148451033
-3.7730311222271737
-14.413622908350028
-1.6963649373919978
-5.088328317204407
-3.3213291965948954
-7.6410114661879405
-2.0263200258131135
-6.549185803398707
-4.206031056417608
-1.3177299308208674
-3.473070143183925
-4.2937052571168195
-4.759099329886233
-0.24295593227510182
-19.583073133739397
-6.412516208399332
-5.918874952402923
-6.005080084904655
-1.5005097556236322
-4.130540786571267
-2.8344423980930813
-1.8078662545673367
-4.207662681069799
-6.119733874124911
-5.196050078947572
-7.695986138944939
-2.8576908923494173
-15.162216864143723
-6.833139552495261
-1.571991876284308
-6.878104263609664
-4.745783803776256
-4.252235307938925
-9.003469602439402
-6.665131309309352
-8.892680647358596
-4.980024062874584
-2.052416167567465
-1.7569372000178944
-1.9219104175322244
-8.24786246206532
-3.8925522162506994
-2.4604312579909973
-0.6312508034122928
-7.3123689426127
-2.4987617553818
-3.7386181443803324
-6.221272978559348
-2.805077082001624
-1.7173322418956403
-4.183240806400143
-5.027162893768043
-2.709761433556089
-1.6630715512437817
-1.7682312410715966
-2.377488054373778
-7.6265731870022435
-5.002154952315216
-1.9730764940659427
-1.6028310339770613
-2.286783910582024
-1.9731200943524598
0.09834875633054452
-4.297743438883238
-1.0865736116459246
-3.6458000873175322
-4.922048272735999
-5.283784028343355
-0.8970336214581565
-1.1151996604344347
-4.16469925557238
-4.279431834273744
-2.991411447790945
-5.985396656412725
-3.187513614059988
-3.677836808040645
-0.5447296168465598
-2.0687790073423074
-1.0806614809122337
-4.541086656813498
-4.27131513974178
-7.453419782876956
-1.6634046765329984
-10.516922821732472
-1.8897216506002295
-9.157876251389105
-2.224978286373819
-4.958281414302071
-5.687465720514531
-0.00700342096263995
-3.2617750828509386
-7.046654004441855
-2.1558819175860506
-0.7695915532732513
-4.7951306383687395
-5.138583567076701
-2.877587170561476
-5.451192403583271
-3.6809126772592506
-7.840273396188543
-1.4730342607103992
-3.199333146551801
-6.4312422486531275
-4.948814280104791
-3.389994104000955
-5.7603551650054285
-0.17123616138645303
-6.470892098469115
-3.765983394046664
-2.8894548479210087
-4.952465139132876
-6.024446977227406
-3.5619589174858746
-5.531201424563626
-2.802986717167535
-1.3915274807623135
-1.862025636692131
-3.5091936503998866
-3.0268271406976126
-0.7354951959106373
-5.316394995755111
-4.206031056417608
-2.675825631511323
-4.291859962385168
-4.612336873894158
-3.8577963804903064
-4.8587361007685175
-2.5201727435091996
-6.614884742795432
-5.760915161789065
-1.1284728159346358
-4.206031056417608
-5.776617911891101
-8.25287485077127
-2.0294685271001143
-2.219087229352347
-6.488592618661421
-0.519139607453333
-1.9352849872048026
-6.638073551017335
-2.143392788525155
-2.036826738018597
-4.231767879976822
-5.748053483279257
-3.8035574362164724
-3.2752490077979317
-4.76046053749895
0.5379474677385971
-0.9005720108047015
-3.534663269313235
-1.2302305411375372
-4.797704066125455
-5.747907466908607
-5.474060262835685
-1.5393366049022532
-5.067241347168199
-2.2409376128932834
-3.189332274382089
-14.940411741193437
-3.522557031951017
-3.1232430239308613
-5.41321993818304
-0.18689661171652716
-3.5156465934320593
-4.26746367541444
-5.958378088342791
-5.23778510133662
0.2350763604789492
-6.403273707041315
-3.3071128871050703
-2.2730158990402813
-8.081461383039603
-5.292061275433873
0.035421349620030185
-1.8053993488201812
-9.759729414671945
-1.4864248400307432
-4.832208491657077
-1.270837768857298
-5.3838693016189225
-9.532268672169955
-7.3426312378470655
-4.539666459233906
-6.531420232086141
-4.002673138921871
-2.707509674011824
-6.640886987128404
-5.526207843952314
-2.8067680158543524
-3.2526067781356076
-4.297722862238523
-4.987937269690185
-5.132846506112749
-9.068587264779701
-4.501542363528422
-7.111998618378728
-3.6809037999661385
-4.123011354908279
-4.538588382199471
-1.7929822960426307
-3.8191289969770494
-4.131626785158581
-6.995556247333418
-3.7907782071964746
-2.3928280766610968
-0.9511546199537477
-4.55746505672608
-3.5667774069627356
-3.3106331529828665
-1.8817299114142614
-6.509965587406221
-4.144239590751688
-1.7640365271564704
-5.327251287838415
-2.4417700461750727
-2.908379125642689
-2.525715812024039
-6.947451396320055
-3.8578799016420433
-4.881565463184536
-1.0531143634816615
-6.453610605802176
-0.3077209530102962
-7.761526697318466
-3.6198024222937946
-0.4817547507956377
0.4480609159878597
-5.542017136692159
-5.349409073925365
-2.6489873294463067
-9.643985679018677
-4.2784993330036585
-3.6240935528565004
-0.7970695624274029
-1.1457771260127245
-0.8479204860204916
-1.1742822913755688
-4.206031056417608
-4.206031056417608
-1.5267568488207033
-3.8443914303742375
-5.3995478484396315
-1.1462688737769966
-5.768586597433689
-4.04801001534225
-3.256381801086043
-4.552502478859658
-9.532618366682193
-4.538424044495748
-8.921582536945387
-4.839313539242092
-5.0056141334741895
-6.015077258672257
-3.5040104459448074
-3.0500266034195036
-5.904209294097434
-0.8173090712429101
-2.9667352161893703
-0.38792766117251887
-4.206031056417608
-4.364371030532887
-8.944230936199808
-4.206031056417608
-4.33495431534471
-3.8845150784092155
-0.9106122082631671
-6.4881492399894185
-2.594482217813159
-2.168267381581934
-6.28113464360468
-2.4538768326002653
-5.364283806631541
-3.5042102679738107
-0.6730234452292123
-2.5929863095642602
-0.816120293888055
-2.5681835544792264
-0.43315176490467167
0.23481145475317788
-5.07764059543036
-4.333970202681833
-6.700517072113378
-4.440827712093558
-0.8747122625961836
-6.559308583320565
-1.5302219812659885
-4.493267672285931
-5.834003290036669
-2.313783660912698
-4.604523258130264
-1.987667706760483
-4.953636558631963
-3.149777117756919
-6.981633836807994
-5.062830502049117
-1.6777635638523023
-3.6315275278111656
-2.8390652413768365
-2.14240778857107
-6.489208032579889
-3.0920141630776996
-3.9550762866797484
-4.704630016689983
-6.113677687052025
-5.072872235001348
-3.4555620103607296
-4.583765940810856
-8.127213486672993
-4.648900830986243
-4.0510347592161295
-4.206031056417608
-4.410309297673969
-5.466255971073117
-7.528990487591848
-1.2912240643393105
-5.788472708337629
-7.2831309340589385
-8.21884341260489
-4.204677809585981
0.24863682550027733
-3.373062102294405
-7.871871560374423
-3.625702755392247
-4.556860777466461
-2.2883266961326925
-9.27212902830275
-5.141622243376567
2.9173237316308516
-4.312428801231825
-4.114454109288779
-0.0007838038225216337
2.670478319564488
-1.2456650290939777
-1.3841986555334032
-3.4312782956649315
-5.393782501448989
-4.926625459953591
-4.5453150819878445
-1.1234196103224647
-2.9993473370007067
-6.222980286430136
-8.348145125154254
-5.3195837670206245
-3.5758790277044525
-4.360485893429093
-3.550895234650291
-4.3603490730844285
-1.7918364628354837
-2.8907914590787485
-4.824136279528723
-4.676041976795439
-2.8718615399967646
-9.942829356320438
-4.329934607563935
-4.206031056417608
-5.208659514791755
-3.176798108243595
-5.734784685462621
-2.241667747643426
-1.8598033699908072
-0.5077344344021029
-0.7074182471799375
-2.5780263605179314
-5.042279980732026
-3.8142228549180643
-0.666851778603025
-5.613558705628186
-2.4479848940250193
-2.0685079723056177
-4.766716769080752
-1.6594662624455694
-4.645864825135398
-7.399973042227778
-3.7840629891926554
-4.520364259669812
-2.7516071043423906
-8.914834911728697
-3.477601158236105
-4.291610103564501
-0.5728582954251422
-0.03512029281888118
-2.575276782815429
-0.6005066054633588
-4.4369038578033795
-5.556248442113436
-0.6971034903704165
-4.479082451299526
-5.960417491490496
-4.548917831176944
-3.245860409458267
-4.734701163551456
-1.2129496280919128
-4.667834661834725
-3.088984836455218
-4.3144928617438225
-0.7659717948464575
-4.17060411489684
-2.7306178218793846
-2.6688010776060835
-2.4686172974599074
-5.2672456679544055
-2.805416319934814
-3.4875850682733542
-1.4412532156691285
-3.1064327073593248
-4.002910171507445
-4.315175548769965
-4.710500126393875
-0.4113576827983323
-4.469733240120384
-2.8375957784948085
-1.6387318763083911
-6.449369848466297
-7.494998939378895
-4.515418672276276
-6.90469660119971
-6.867352245002969
-2.7198646809406526
-4.279373565798217
-2.7697557273859346
-1.189721729861283
-5.0781643363110405
-3.7090148329927004
-1.44699577193024
-4.037282151169627
-3.2544616167260827
-7.932248489644401
-3.6059719363789853
-1.691860396190016
-1.8484135181223635
-2.863318243404599
-3.0023481911508796
-5.167079773912754
-3.6391643758308945
-2.17578556856882
0.44470420947777
-10.09911818570027
-2.637965261664256
-4.206031056417608
-2.4963946175206573
-6.092794269476833
-3.800467649139371
-8.233741571971457
-3.5489203949006267
0.4597388116937893
-7.743569315640578
-4.534165149906478
-6.58571782369814
-3.882900127085243
0.813623947943249
-4.169474668677829
-1.3901882194344424
-11.28773497863012
-8.765854452525566
-1.0005337852238725
-3.626115645920329
-2.7661100582793168
-6.024436548566207
-4.8338515832042575
-2.5655091346783436
-4.644463619217966
-7.077606675161526
-4.83563774347693
-1.3880188393662891
-1.1803043817234382
-0.9481287443485442
-3.6931812253659544
-2.506194917907699
-4.206031056417608
-4.206031056417608
-5.601870025738897
-4.9337497301320425
-2.303492270001705
-2.1409291437179334
-2.0201867167023764
-4.27708915440099
-1.9181273876628282
-6.5230714195373665
-4.170866686436064
-4.206031056417608
-9.115755967574849
-5.224604255706261
-6.902927573323616
-0.23601948091573632
-4.206031056417608
-3.9215299743665426
-11.469546849607475
-9.702523878769519
-6.360248707446779
-2.371462420412861
-2.3713763389970453
-3.2931796249637344
-5.169176503134629
-8.766505125605711
-8.428113767512635
-5.380547118259194
-4.561790960453216
-8.97640520814219
-0.18991321770955238
-3.2702310665538405
-3.7772856030650317
-4.383509553330221
-1.8902730044803846
-1.2185241188188982
-4.932246902536015
-3.9566097113420327
